#
# There is insufficient memory for the Java Runtime Environment to continue.
# Native memory allocation (mmap) failed to map 436207616 bytes. Error detail: G1 virtual space
# Possible reasons:
#   The system is out of physical RAM or swap space
#   This process is running with CompressedOops enabled, and the Java Heap may be blocking the growth of the native heap
# Possible solutions:
#   Reduce memory load on the system
#   Increase physical memory or swap space
#   Check if swap backing store is full
#   Decrease Java heap size (-Xmx/-Xms)
#   Decrease number of Java threads
#   Decrease Java thread stack sizes (-Xss)
#   Set larger code cache with -XX:ReservedCodeCacheSize=
#   JVM is running with Zero Based Compressed Oops mode in which the Java heap is
#     placed in the first 32GB address space. The Java Heap base address is the
#     maximum limit for the native heap growth. Please use -XX:HeapBaseMinAddress
#     to set the Java Heap base and to place the Java Heap above 32GB virtual address.
# This output file may be truncated or incomplete.
#
#  Out of Memory Error (os_windows.cpp:3616), pid=19728, tid=11480
#
# JRE version: OpenJDK Runtime Environment Zulu21.38+21-CA (21.0.5+11) (build 21.0.5+11-LTS)
# Java VM: OpenJDK 64-Bit Server VM Zulu21.38+21-CA (21.0.5+11-LTS, mixed mode, sharing, tiered, compressed oops, compressed class ptrs, g1 gc, windows-amd64)
# No core dump will be written. Minidumps are not enabled by default on client versions of Windows
#

---------------  S U M M A R Y ------------

Command Line: -Dfile.encoding=UTF-8 -Duser.country=US -Duser.language=en -Duser.variant io.github.ericjbyrd.partnershipproject.Main

Host: 11th Gen Intel(R) Core(TM) i7-11800H @ 2.30GHz, 16 cores, 31G,  Windows 11 , 64 bit Build 22621 (10.0.22621.4830)
Time: Fri Mar 21 22:06:35 2025 Pacific Daylight Time elapsed time: 11.413081 seconds (0d 0h 0m 11s)

---------------  T H R E A D  ---------------

Current thread (0x000001d62515b200):  VMThread "VM Thread"          [id=11480, stack(0x0000005782b00000,0x0000005782c00000) (1024K)]

Stack: [0x0000005782b00000,0x0000005782c00000]
Native frames: (J=compiled Java code, j=interpreted, Vv=VM code, C=native code)
V  [jvm.dll+0x6fa929]
V  [jvm.dll+0x8de25f]
V  [jvm.dll+0x8e0658]
V  [jvm.dll+0x8e0db3]
V  [jvm.dll+0x299766]
V  [jvm.dll+0x6f6f85]
V  [jvm.dll+0x6eb80a]
V  [jvm.dll+0x37496a]
V  [jvm.dll+0x37c676]
V  [jvm.dll+0x3d1025]
V  [jvm.dll+0x3d12e8]
V  [jvm.dll+0x3466e3]
V  [jvm.dll+0x346777]
V  [jvm.dll+0x38d01c]
V  [jvm.dll+0x38b832]
V  [jvm.dll+0x345e81]
V  [jvm.dll+0x38aeea]
V  [jvm.dll+0x8e6d36]
V  [jvm.dll+0x8e8154]
V  [jvm.dll+0x8e86a0]
V  [jvm.dll+0x8e8943]
V  [jvm.dll+0x885576]
V  [jvm.dll+0x6f9024]
C  [ucrtbase.dll+0x29333]
C  [KERNEL32.DLL+0x1259d]
C  [ntdll.dll+0x5af38]

VM_Operation (0x0000005783efddb0): G1CollectForAllocation, mode: safepoint, requested by thread 0x000001d66e5326f0


---------------  P R O C E S S  ---------------

Threads class SMR info:
_java_thread_list=0x000001d66e46ff70, length=18, elements={
0x000001d66d119050, 0x000001d66d119d70, 0x000001d66d11f190, 0x000001d66d11c6a0,
0x000001d66d11d100, 0x000001d66d120c60, 0x000001d66d1257c0, 0x000001d66d128c70,
0x000001d66d2d7ed0, 0x000001d66d2da340, 0x000001d66d77ea30, 0x000001d66db3eb10,
0x000001d66dc7ce70, 0x000001d66e5326f0, 0x000001d600d29cd0, 0x000001d66d2d7520,
0x000001d66d5a2040, 0x000001d66e737400
}

Java Threads: ( => current thread )
  0x000001d66d119050 JavaThread "Reference Handler"          daemon [_thread_blocked, id=16708, stack(0x0000005782c00000,0x0000005782d00000) (1024K)]
  0x000001d66d119d70 JavaThread "Finalizer"                  daemon [_thread_blocked, id=31124, stack(0x0000005782d00000,0x0000005782e00000) (1024K)]
  0x000001d66d11f190 JavaThread "Signal Dispatcher"          daemon [_thread_blocked, id=22320, stack(0x0000005782e00000,0x0000005782f00000) (1024K)]
  0x000001d66d11c6a0 JavaThread "Attach Listener"            daemon [_thread_blocked, id=21588, stack(0x0000005782f00000,0x0000005783000000) (1024K)]
  0x000001d66d11d100 JavaThread "Service Thread"             daemon [_thread_blocked, id=13476, stack(0x0000005783000000,0x0000005783100000) (1024K)]
  0x000001d66d120c60 JavaThread "Monitor Deflation Thread"   daemon [_thread_blocked, id=5168, stack(0x0000005783100000,0x0000005783200000) (1024K)]
  0x000001d66d1257c0 JavaThread "C2 CompilerThread0"         daemon [_thread_blocked, id=30248, stack(0x0000005783200000,0x0000005783300000) (1024K)]
  0x000001d66d128c70 JavaThread "C1 CompilerThread0"         daemon [_thread_blocked, id=16664, stack(0x0000005783300000,0x0000005783400000) (1024K)]
  0x000001d66d2d7ed0 JavaThread "Notification Thread"        daemon [_thread_blocked, id=23316, stack(0x0000005783600000,0x0000005783700000) (1024K)]
  0x000001d66d2da340 JavaThread "Common-Cleaner"             daemon [_thread_blocked, id=7892, stack(0x0000005783700000,0x0000005783800000) (1024K)]
  0x000001d66d77ea30 JavaThread "Java2D Disposer"            daemon [_thread_blocked, id=23816, stack(0x0000005783b00000,0x0000005783c00000) (1024K)]
  0x000001d66db3eb10 JavaThread "AWT-Shutdown"                      [_thread_blocked, id=31812, stack(0x0000005783c00000,0x0000005783d00000) (1024K)]
  0x000001d66dc7ce70 JavaThread "AWT-Windows"                daemon [_thread_in_native, id=11356, stack(0x0000005783d00000,0x0000005783e00000) (1024K)]
  0x000001d66e5326f0 JavaThread "AWT-EventQueue-0"                  [_thread_blocked, id=23584, stack(0x0000005783e00000,0x0000005783f00000) (1024K)]
  0x000001d600d29cd0 JavaThread "DestroyJavaVM"                     [_thread_blocked, id=18980, stack(0x0000005782400000,0x0000005782500000) (1024K)]
  0x000001d66d2d7520 JavaThread "C1 CompilerThread1"         daemon [_thread_blocked, id=30868, stack(0x0000005783400000,0x0000005783500000) (1024K)]
  0x000001d66d5a2040 JavaThread "C1 CompilerThread2"         daemon [_thread_blocked, id=17672, stack(0x0000005783500000,0x0000005783600000) (1024K)]
  0x000001d66e737400 JavaThread "C2 CompilerThread1"         daemon [_thread_blocked, id=12228, stack(0x0000005783a00000,0x0000005783b00000) (1024K)]
Total: 18

Other Threads:
=>0x000001d62515b200 VMThread "VM Thread"                           [id=11480, stack(0x0000005782b00000,0x0000005782c00000) (1024K)]
  0x000001d625147580 WatcherThread "VM Periodic Task Thread"        [id=6832, stack(0x0000005782a00000,0x0000005782b00000) (1024K)]
  0x000001d603184190 WorkerThread "GC Thread#0"                     [id=20652, stack(0x0000005782500000,0x0000005782600000) (1024K)]
  0x000001d66e580e40 WorkerThread "GC Thread#1"                     [id=25980, stack(0x0000005783800000,0x0000005783900000) (1024K)]
  0x000001d66e581d00 WorkerThread "GC Thread#2"                     [id=18876, stack(0x0000005783900000,0x0000005783a00000) (1024K)]
  0x000001d66e5815a0 WorkerThread "GC Thread#3"                     [id=22724, stack(0x0000005783f00000,0x0000005784000000) (1024K)]
  0x000001d66e582810 WorkerThread "GC Thread#4"                     [id=31272, stack(0x0000005784000000,0x0000005784100000) (1024K)]
  0x000001d66e5811f0 WorkerThread "GC Thread#5"                     [id=26432, stack(0x0000005784100000,0x0000005784200000) (1024K)]
  0x000001d66e582460 WorkerThread "GC Thread#6"                     [id=30492, stack(0x0000005784200000,0x0000005784300000) (1024K)]
  0x000001d66e581950 WorkerThread "GC Thread#7"                     [id=14864, stack(0x0000005784300000,0x0000005784400000) (1024K)]
  0x000001d66e5820b0 WorkerThread "GC Thread#8"                     [id=32388, stack(0x0000005784400000,0x0000005784500000) (1024K)]
  0x000001d66e5d0450 WorkerThread "GC Thread#9"                     [id=24700, stack(0x0000005784500000,0x0000005784600000) (1024K)]
  0x000001d66e5cd0b0 WorkerThread "GC Thread#10"                    [id=11976, stack(0x0000005784600000,0x0000005784700000) (1024K)]
  0x000001d66e5cfcf0 WorkerThread "GC Thread#11"                    [id=23248, stack(0x0000005784700000,0x0000005784800000) (1024K)]
  0x000001d624f67f80 ConcurrentGCThread "G1 Main Marker"            [id=3216, stack(0x0000005782600000,0x0000005782700000) (1024K)]
  0x000001d624f68a50 WorkerThread "G1 Conc#0"                       [id=15328, stack(0x0000005782700000,0x0000005782800000) (1024K)]
  0x000001d625016cf0 ConcurrentGCThread "G1 Refine#0"               [id=6664, stack(0x0000005782800000,0x0000005782900000) (1024K)]
  0x000001d625017680 ConcurrentGCThread "G1 Service"                [id=4956, stack(0x0000005782900000,0x0000005782a00000) (1024K)]
Total: 18

Threads with active compile tasks:
Total: 0

VM state: at safepoint (normal execution)

VM Mutex/Monitor currently owned by a thread:  ([mutex/lock_event])
[0x00007ffac4f09ba0] Threads_lock - owner thread: 0x000001d62515b200
[0x00007ffac4f09ca0] Heap_lock - owner thread: 0x000001d66e5326f0

Heap address: 0x0000000604400000, size: 8124 MB, Compressed Oops mode: Zero based, Oop shift amount: 3

CDS archive(s) mapped at: [0x000001d628000000-0x000001d628cd0000-0x000001d628cd0000), size 13434880, SharedBaseAddress: 0x000001d628000000, ArchiveRelocationMode: 1.
Compressed class space mapped at: 0x000001d629000000-0x000001d669000000, reserved size: 1073741824
Narrow klass base: 0x000001d628000000, Narrow klass shift: 0, Narrow klass range: 0x100000000

GC Precious Log:
 CardTable entry size: 512
 Card Set container configuration: InlinePtr #cards 4 size 8 Array Of Cards #cards 32 size 80 Howl #buckets 8 coarsen threshold 7372 Howl Bitmap #cards 1024 size 144 coarsen threshold 921 Card regions per heap region 1 cards per card region 8192
 CPUs: 16 total, 16 available
 Memory: 32487M
 Large Page Support: Disabled
 NUMA Support: Disabled
 Compressed Oops: Enabled (Zero based)
 Heap Region Size: 4M
 Heap Min Capacity: 8M
 Heap Initial Capacity: 508M
 Heap Max Capacity: 8124M
 Pre-touch: Disabled
 Parallel Workers: 13
 Concurrent Workers: 3
 Concurrent Refinement Workers: 13
 Periodic GC: Disabled

Heap:
 garbage-first heap   total 520192K, used 200208K [0x0000000604400000, 0x0000000800000000)
  region size 4096K, 5 young (20480K), 5 survivors (20480K)
 Metaspace       used 15157K, committed 15552K, reserved 1114112K
  class space    used 1511K, committed 1728K, reserved 1048576K

Heap Regions: E=young(eden), S=young(survivor), O=old, HS=humongous(starts), HC=humongous(continues), CS=collection set, F=free, TAMS=top-at-mark-start, PB=parsable bottom
|   0|0x0000000604400000, 0x0000000604800000, 0x0000000604800000|100%|HS|  |TAMS 0x0000000604400000| PB 0x0000000604400000| Complete 
|   1|0x0000000604800000, 0x0000000604c00000, 0x0000000604c00000|100%| O|  |TAMS 0x0000000604800000| PB 0x0000000604800000| Untracked 
|   2|0x0000000604c00000, 0x0000000605000000, 0x0000000605000000|100%| O|  |TAMS 0x0000000604c00000| PB 0x0000000604c00000| Untracked 
|   3|0x0000000605000000, 0x0000000605400000, 0x0000000605400000|100%| O|  |TAMS 0x0000000605000000| PB 0x0000000605000000| Untracked 
|   4|0x0000000605400000, 0x0000000605800000, 0x0000000605800000|100%| O|  |TAMS 0x0000000605400000| PB 0x0000000605400000| Untracked 
|   5|0x0000000605800000, 0x0000000605c00000, 0x0000000605c00000|100%| O|  |TAMS 0x0000000605800000| PB 0x0000000605800000| Untracked 
|   6|0x0000000605c00000, 0x0000000606000000, 0x0000000606000000|100%| O|  |TAMS 0x0000000605c00000| PB 0x0000000605c00000| Untracked 
|   7|0x0000000606000000, 0x0000000606400000, 0x0000000606400000|100%| O|  |TAMS 0x0000000606000000| PB 0x0000000606000000| Untracked 
|   8|0x0000000606400000, 0x0000000606800000, 0x0000000606800000|100%| O|  |TAMS 0x0000000606400000| PB 0x0000000606400000| Untracked 
|   9|0x0000000606800000, 0x0000000606c00000, 0x0000000606c00000|100%| O|  |TAMS 0x0000000606800000| PB 0x0000000606800000| Untracked 
|  10|0x0000000606c00000, 0x0000000607000000, 0x0000000607000000|100%| O|  |TAMS 0x0000000606c00000| PB 0x0000000606c00000| Untracked 
|  11|0x0000000607000000, 0x0000000607400000, 0x0000000607400000|100%| O|  |TAMS 0x0000000607000000| PB 0x0000000607000000| Untracked 
|  12|0x0000000607400000, 0x0000000607800000, 0x0000000607800000|100%| O|  |TAMS 0x0000000607400000| PB 0x0000000607400000| Untracked 
|  13|0x0000000607800000, 0x0000000607c00000, 0x0000000607c00000|100%| O|  |TAMS 0x0000000607800000| PB 0x0000000607800000| Untracked 
|  14|0x0000000607c00000, 0x0000000608000000, 0x0000000608000000|100%| O|  |TAMS 0x0000000607c00000| PB 0x0000000607c00000| Untracked 
|  15|0x0000000608000000, 0x0000000608400000, 0x0000000608400000|100%| O|  |TAMS 0x0000000608000000| PB 0x0000000608000000| Untracked 
|  16|0x0000000608400000, 0x0000000608800000, 0x0000000608800000|100%| O|  |TAMS 0x0000000608400000| PB 0x0000000608400000| Untracked 
|  17|0x0000000608800000, 0x0000000608c00000, 0x0000000608c00000|100%| O|  |TAMS 0x0000000608800000| PB 0x0000000608800000| Untracked 
|  18|0x0000000608c00000, 0x0000000609000000, 0x0000000609000000|100%| O|  |TAMS 0x0000000608c00000| PB 0x0000000608c00000| Untracked 
|  19|0x0000000609000000, 0x0000000609400000, 0x0000000609400000|100%| O|  |TAMS 0x0000000609000000| PB 0x0000000609000000| Untracked 
|  20|0x0000000609400000, 0x0000000609800000, 0x0000000609800000|100%| O|  |TAMS 0x0000000609400000| PB 0x0000000609400000| Untracked 
|  21|0x0000000609800000, 0x0000000609c00000, 0x0000000609c00000|100%| O|  |TAMS 0x0000000609800000| PB 0x0000000609800000| Untracked 
|  22|0x0000000609c00000, 0x000000060a000000, 0x000000060a000000|100%| O|  |TAMS 0x0000000609c00000| PB 0x0000000609c00000| Untracked 
|  23|0x000000060a000000, 0x000000060a400000, 0x000000060a400000|100%| O|  |TAMS 0x000000060a000000| PB 0x000000060a000000| Untracked 
|  24|0x000000060a400000, 0x000000060a800000, 0x000000060a800000|100%| O|  |TAMS 0x000000060a400000| PB 0x000000060a400000| Untracked 
|  25|0x000000060a800000, 0x000000060ac00000, 0x000000060ac00000|100%| O|  |TAMS 0x000000060a800000| PB 0x000000060a800000| Untracked 
|  26|0x000000060ac00000, 0x000000060b000000, 0x000000060b000000|100%| O|  |TAMS 0x000000060ac00000| PB 0x000000060ac00000| Untracked 
|  27|0x000000060b000000, 0x000000060b400000, 0x000000060b400000|100%| O|  |TAMS 0x000000060b000000| PB 0x000000060b000000| Untracked 
|  28|0x000000060b400000, 0x000000060b800000, 0x000000060b800000|100%| O|  |TAMS 0x000000060b400000| PB 0x000000060b400000| Untracked 
|  29|0x000000060b800000, 0x000000060bc00000, 0x000000060bc00000|100%| O|  |TAMS 0x000000060b800000| PB 0x000000060b800000| Untracked 
|  30|0x000000060bc00000, 0x000000060c000000, 0x000000060c000000|100%| O|  |TAMS 0x000000060bc00000| PB 0x000000060bc00000| Untracked 
|  31|0x000000060c000000, 0x000000060c400000, 0x000000060c400000|100%| O|  |TAMS 0x000000060c000000| PB 0x000000060c000000| Untracked 
|  32|0x000000060c400000, 0x000000060c800000, 0x000000060c800000|100%| O|  |TAMS 0x000000060c400000| PB 0x000000060c400000| Untracked 
|  33|0x000000060c800000, 0x000000060cc00000, 0x000000060cc00000|100%| O|  |TAMS 0x000000060c800000| PB 0x000000060c800000| Untracked 
|  34|0x000000060cc00000, 0x000000060d000000, 0x000000060d000000|100%| O|  |TAMS 0x000000060cc00000| PB 0x000000060cc00000| Untracked 
|  35|0x000000060d000000, 0x000000060d400000, 0x000000060d400000|100%| O|  |TAMS 0x000000060d000000| PB 0x000000060d000000| Untracked 
|  36|0x000000060d400000, 0x000000060d800000, 0x000000060d800000|100%| O|  |TAMS 0x000000060d400000| PB 0x000000060d400000| Untracked 
|  37|0x000000060d800000, 0x000000060dc00000, 0x000000060dc00000|100%|HS|  |TAMS 0x000000060d800000| PB 0x000000060d800000| Complete 
|  38|0x000000060dc00000, 0x000000060e000000, 0x000000060e000000|100%| O|  |TAMS 0x000000060dc00000| PB 0x000000060dc00000| Untracked 
|  39|0x000000060e000000, 0x000000060e400000, 0x000000060e400000|100%| O|  |TAMS 0x000000060e000000| PB 0x000000060e000000| Untracked 
|  40|0x000000060e400000, 0x000000060e800000, 0x000000060e800000|100%| O|  |TAMS 0x000000060e400000| PB 0x000000060e400000| Untracked 
|  41|0x000000060e800000, 0x000000060ec00000, 0x000000060ec00000|100%| O|  |TAMS 0x000000060e800000| PB 0x000000060e800000| Untracked 
|  42|0x000000060ec00000, 0x000000060f000000, 0x000000060f000000|100%| O|  |TAMS 0x000000060ec00000| PB 0x000000060ec00000| Untracked 
|  43|0x000000060f000000, 0x000000060f400000, 0x000000060f400000|100%| O|  |TAMS 0x000000060f000000| PB 0x000000060f000000| Untracked 
|  44|0x000000060f400000, 0x000000060f52c010, 0x000000060f800000| 29%| O|  |TAMS 0x000000060f400000| PB 0x000000060f400000| Untracked 
|  45|0x000000060f800000, 0x000000060f800000, 0x000000060fc00000|  0%| F|  |TAMS 0x000000060f800000| PB 0x000000060f800000| Untracked 
|  46|0x000000060fc00000, 0x000000060fc00000, 0x0000000610000000|  0%| F|  |TAMS 0x000000060fc00000| PB 0x000000060fc00000| Untracked 
|  47|0x0000000610000000, 0x0000000610000000, 0x0000000610400000|  0%| F|  |TAMS 0x0000000610000000| PB 0x0000000610000000| Untracked 
|  48|0x0000000610400000, 0x0000000610400000, 0x0000000610800000|  0%| F|  |TAMS 0x0000000610400000| PB 0x0000000610400000| Untracked 
|  49|0x0000000610800000, 0x0000000610800000, 0x0000000610c00000|  0%| F|  |TAMS 0x0000000610800000| PB 0x0000000610800000| Untracked 
|  50|0x0000000610c00000, 0x0000000610c00000, 0x0000000611000000|  0%| F|  |TAMS 0x0000000610c00000| PB 0x0000000610c00000| Untracked 
|  51|0x0000000611000000, 0x0000000611000000, 0x0000000611400000|  0%| F|  |TAMS 0x0000000611000000| PB 0x0000000611000000| Untracked 
|  52|0x0000000611400000, 0x0000000611400000, 0x0000000611800000|  0%| F|  |TAMS 0x0000000611400000| PB 0x0000000611400000| Untracked 
|  53|0x0000000611800000, 0x0000000611800000, 0x0000000611c00000|  0%| F|  |TAMS 0x0000000611800000| PB 0x0000000611800000| Untracked 
|  54|0x0000000611c00000, 0x0000000611c00000, 0x0000000612000000|  0%| F|  |TAMS 0x0000000611c00000| PB 0x0000000611c00000| Untracked 
|  55|0x0000000612000000, 0x0000000612000000, 0x0000000612400000|  0%| F|  |TAMS 0x0000000612000000| PB 0x0000000612000000| Untracked 
|  56|0x0000000612400000, 0x0000000612658020, 0x0000000612800000| 58%| S|CS|TAMS 0x0000000612400000| PB 0x0000000612400000| Complete 
|  57|0x0000000612800000, 0x0000000612c00000, 0x0000000612c00000|100%| S|CS|TAMS 0x0000000612800000| PB 0x0000000612800000| Complete 
|  58|0x0000000612c00000, 0x0000000613000000, 0x0000000613000000|100%| S|CS|TAMS 0x0000000612c00000| PB 0x0000000612c00000| Complete 
|  59|0x0000000613000000, 0x0000000613400000, 0x0000000613400000|100%| S|CS|TAMS 0x0000000613000000| PB 0x0000000613000000| Complete 
|  60|0x0000000613400000, 0x0000000613800000, 0x0000000613800000|100%| S|CS|TAMS 0x0000000613400000| PB 0x0000000613400000| Complete 
|  61|0x0000000613800000, 0x0000000613800000, 0x0000000613c00000|  0%| F|  |TAMS 0x0000000613800000| PB 0x0000000613800000| Untracked 
|  62|0x0000000613c00000, 0x0000000613c00000, 0x0000000614000000|  0%| F|  |TAMS 0x0000000613c00000| PB 0x0000000613c00000| Untracked 
|  63|0x0000000614000000, 0x0000000614000000, 0x0000000614400000|  0%| F|  |TAMS 0x0000000614000000| PB 0x0000000614000000| Untracked 
|  64|0x0000000614400000, 0x0000000614400000, 0x0000000614800000|  0%| F|  |TAMS 0x0000000614400000| PB 0x0000000614400000| Untracked 
|  65|0x0000000614800000, 0x0000000614800000, 0x0000000614c00000|  0%| F|  |TAMS 0x0000000614800000| PB 0x0000000614800000| Untracked 
|  66|0x0000000614c00000, 0x0000000614c00000, 0x0000000615000000|  0%| F|  |TAMS 0x0000000614c00000| PB 0x0000000614c00000| Untracked 
|  67|0x0000000615000000, 0x0000000615000000, 0x0000000615400000|  0%| F|  |TAMS 0x0000000615000000| PB 0x0000000615000000| Untracked 
|  68|0x0000000615400000, 0x0000000615400000, 0x0000000615800000|  0%| F|  |TAMS 0x0000000615400000| PB 0x0000000615400000| Untracked 
|  69|0x0000000615800000, 0x0000000615800000, 0x0000000615c00000|  0%| F|  |TAMS 0x0000000615800000| PB 0x0000000615800000| Untracked 
|  70|0x0000000615c00000, 0x0000000615c00000, 0x0000000616000000|  0%| F|  |TAMS 0x0000000615c00000| PB 0x0000000615c00000| Untracked 
|  71|0x0000000616000000, 0x0000000616000000, 0x0000000616400000|  0%| F|  |TAMS 0x0000000616000000| PB 0x0000000616000000| Untracked 
|  72|0x0000000616400000, 0x0000000616400000, 0x0000000616800000|  0%| F|  |TAMS 0x0000000616400000| PB 0x0000000616400000| Untracked 
|  73|0x0000000616800000, 0x0000000616800000, 0x0000000616c00000|  0%| F|  |TAMS 0x0000000616800000| PB 0x0000000616800000| Untracked 
|  74|0x0000000616c00000, 0x0000000616c00000, 0x0000000617000000|  0%| F|  |TAMS 0x0000000616c00000| PB 0x0000000616c00000| Untracked 
|  75|0x0000000617000000, 0x0000000617000000, 0x0000000617400000|  0%| F|  |TAMS 0x0000000617000000| PB 0x0000000617000000| Untracked 
|  76|0x0000000617400000, 0x0000000617400000, 0x0000000617800000|  0%| F|  |TAMS 0x0000000617400000| PB 0x0000000617400000| Untracked 
|  77|0x0000000617800000, 0x0000000617800000, 0x0000000617c00000|  0%| F|  |TAMS 0x0000000617800000| PB 0x0000000617800000| Untracked 
|  78|0x0000000617c00000, 0x0000000617c00000, 0x0000000618000000|  0%| F|  |TAMS 0x0000000617c00000| PB 0x0000000617c00000| Untracked 
|  79|0x0000000618000000, 0x0000000618000000, 0x0000000618400000|  0%| F|  |TAMS 0x0000000618000000| PB 0x0000000618000000| Untracked 
|  80|0x0000000618400000, 0x0000000618400000, 0x0000000618800000|  0%| F|  |TAMS 0x0000000618400000| PB 0x0000000618400000| Untracked 
|  81|0x0000000618800000, 0x0000000618800000, 0x0000000618c00000|  0%| F|  |TAMS 0x0000000618800000| PB 0x0000000618800000| Untracked 
|  82|0x0000000618c00000, 0x0000000618c00000, 0x0000000619000000|  0%| F|  |TAMS 0x0000000618c00000| PB 0x0000000618c00000| Untracked 
|  83|0x0000000619000000, 0x0000000619000000, 0x0000000619400000|  0%| F|  |TAMS 0x0000000619000000| PB 0x0000000619000000| Untracked 
|  84|0x0000000619400000, 0x0000000619400000, 0x0000000619800000|  0%| F|  |TAMS 0x0000000619400000| PB 0x0000000619400000| Untracked 
|  85|0x0000000619800000, 0x0000000619800000, 0x0000000619c00000|  0%| F|  |TAMS 0x0000000619800000| PB 0x0000000619800000| Untracked 
|  86|0x0000000619c00000, 0x0000000619c00000, 0x000000061a000000|  0%| F|  |TAMS 0x0000000619c00000| PB 0x0000000619c00000| Untracked 
|  87|0x000000061a000000, 0x000000061a000000, 0x000000061a400000|  0%| F|  |TAMS 0x000000061a000000| PB 0x000000061a000000| Untracked 
|  88|0x000000061a400000, 0x000000061a400000, 0x000000061a800000|  0%| F|  |TAMS 0x000000061a400000| PB 0x000000061a400000| Untracked 
|  89|0x000000061a800000, 0x000000061a800000, 0x000000061ac00000|  0%| F|  |TAMS 0x000000061a800000| PB 0x000000061a800000| Untracked 
|  90|0x000000061ac00000, 0x000000061ac00000, 0x000000061b000000|  0%| F|  |TAMS 0x000000061ac00000| PB 0x000000061ac00000| Untracked 
|  91|0x000000061b000000, 0x000000061b000000, 0x000000061b400000|  0%| F|  |TAMS 0x000000061b000000| PB 0x000000061b000000| Untracked 
|  92|0x000000061b400000, 0x000000061b400000, 0x000000061b800000|  0%| F|  |TAMS 0x000000061b400000| PB 0x000000061b400000| Untracked 
|  93|0x000000061b800000, 0x000000061b800000, 0x000000061bc00000|  0%| F|  |TAMS 0x000000061b800000| PB 0x000000061b800000| Untracked 
|  94|0x000000061bc00000, 0x000000061bc00000, 0x000000061c000000|  0%| F|  |TAMS 0x000000061bc00000| PB 0x000000061bc00000| Untracked 
|  95|0x000000061c000000, 0x000000061c000000, 0x000000061c400000|  0%| F|  |TAMS 0x000000061c000000| PB 0x000000061c000000| Untracked 
|  96|0x000000061c400000, 0x000000061c400000, 0x000000061c800000|  0%| F|  |TAMS 0x000000061c400000| PB 0x000000061c400000| Untracked 
|  97|0x000000061c800000, 0x000000061c800000, 0x000000061cc00000|  0%| F|  |TAMS 0x000000061c800000| PB 0x000000061c800000| Untracked 
|  98|0x000000061cc00000, 0x000000061cc00000, 0x000000061d000000|  0%| F|  |TAMS 0x000000061cc00000| PB 0x000000061cc00000| Untracked 
|  99|0x000000061d000000, 0x000000061d000000, 0x000000061d400000|  0%| F|  |TAMS 0x000000061d000000| PB 0x000000061d000000| Untracked 
| 100|0x000000061d400000, 0x000000061d400000, 0x000000061d800000|  0%| F|  |TAMS 0x000000061d400000| PB 0x000000061d400000| Untracked 
| 101|0x000000061d800000, 0x000000061d800000, 0x000000061dc00000|  0%| F|  |TAMS 0x000000061d800000| PB 0x000000061d800000| Untracked 
| 102|0x000000061dc00000, 0x000000061dc00000, 0x000000061e000000|  0%| F|  |TAMS 0x000000061dc00000| PB 0x000000061dc00000| Untracked 
| 103|0x000000061e000000, 0x000000061e000000, 0x000000061e400000|  0%| F|  |TAMS 0x000000061e000000| PB 0x000000061e000000| Untracked 
| 104|0x000000061e400000, 0x000000061e400000, 0x000000061e800000|  0%| F|  |TAMS 0x000000061e400000| PB 0x000000061e400000| Untracked 
| 105|0x000000061e800000, 0x000000061e800000, 0x000000061ec00000|  0%| F|  |TAMS 0x000000061e800000| PB 0x000000061e800000| Untracked 
| 106|0x000000061ec00000, 0x000000061ec00000, 0x000000061f000000|  0%| F|  |TAMS 0x000000061ec00000| PB 0x000000061ec00000| Untracked 
| 107|0x000000061f000000, 0x000000061f000000, 0x000000061f400000|  0%| F|  |TAMS 0x000000061f000000| PB 0x000000061f000000| Untracked 
| 108|0x000000061f400000, 0x000000061f400000, 0x000000061f800000|  0%| F|  |TAMS 0x000000061f400000| PB 0x000000061f400000| Untracked 
| 109|0x000000061f800000, 0x000000061f800000, 0x000000061fc00000|  0%| F|  |TAMS 0x000000061f800000| PB 0x000000061f800000| Untracked 
| 110|0x000000061fc00000, 0x000000061fc00000, 0x0000000620000000|  0%| F|  |TAMS 0x000000061fc00000| PB 0x000000061fc00000| Untracked 
| 111|0x0000000620000000, 0x0000000620000000, 0x0000000620400000|  0%| F|  |TAMS 0x0000000620000000| PB 0x0000000620000000| Untracked 
| 112|0x0000000620400000, 0x0000000620400000, 0x0000000620800000|  0%| F|  |TAMS 0x0000000620400000| PB 0x0000000620400000| Untracked 
| 113|0x0000000620800000, 0x0000000620800000, 0x0000000620c00000|  0%| F|  |TAMS 0x0000000620800000| PB 0x0000000620800000| Untracked 
| 114|0x0000000620c00000, 0x0000000620c00000, 0x0000000621000000|  0%| F|  |TAMS 0x0000000620c00000| PB 0x0000000620c00000| Untracked 
| 115|0x0000000621000000, 0x0000000621000000, 0x0000000621400000|  0%| F|  |TAMS 0x0000000621000000| PB 0x0000000621000000| Untracked 
| 116|0x0000000621400000, 0x0000000621400000, 0x0000000621800000|  0%| F|  |TAMS 0x0000000621400000| PB 0x0000000621400000| Untracked 
| 117|0x0000000621800000, 0x0000000621800000, 0x0000000621c00000|  0%| F|  |TAMS 0x0000000621800000| PB 0x0000000621800000| Untracked 
| 118|0x0000000621c00000, 0x0000000621c00000, 0x0000000622000000|  0%| F|  |TAMS 0x0000000621c00000| PB 0x0000000621c00000| Untracked 
| 119|0x0000000622000000, 0x0000000622000000, 0x0000000622400000|  0%| F|  |TAMS 0x0000000622000000| PB 0x0000000622000000| Untracked 
| 120|0x0000000622400000, 0x0000000622400000, 0x0000000622800000|  0%| F|  |TAMS 0x0000000622400000| PB 0x0000000622400000| Untracked 
| 121|0x0000000622800000, 0x0000000622800000, 0x0000000622c00000|  0%| F|  |TAMS 0x0000000622800000| PB 0x0000000622800000| Untracked 
| 122|0x0000000622c00000, 0x0000000622c00000, 0x0000000623000000|  0%| F|  |TAMS 0x0000000622c00000| PB 0x0000000622c00000| Untracked 
| 123|0x0000000623000000, 0x0000000623000000, 0x0000000623400000|  0%| F|  |TAMS 0x0000000623000000| PB 0x0000000623000000| Untracked 
| 124|0x0000000623400000, 0x0000000623400000, 0x0000000623800000|  0%| F|  |TAMS 0x0000000623400000| PB 0x0000000623400000| Untracked 
| 125|0x0000000623800000, 0x0000000623800000, 0x0000000623c00000|  0%| F|  |TAMS 0x0000000623800000| PB 0x0000000623800000| Untracked 
| 126|0x0000000623c00000, 0x0000000623c00000, 0x0000000624000000|  0%| F|  |TAMS 0x0000000623c00000| PB 0x0000000623c00000| Untracked 

Card table byte_map: [0x000001d61bfc0000,0x000001d61cfa0000] _byte_map_base: 0x000001d618f9e000

Marking Bits: (CMBitMap*) 0x000001d6031846b0
 Bits: [0x000001d61cfa0000, 0x000001d624e90000)

Polling page: 0x000001d600ea0000

Metaspace:

Usage:
  Non-class:     13.33 MB used.
      Class:      1.48 MB used.
       Both:     14.80 MB used.

Virtual space:
  Non-class space:       64.00 MB reserved,      13.50 MB ( 21%) committed,  1 nodes.
      Class space:        1.00 GB reserved,       1.69 MB ( <1%) committed,  1 nodes.
             Both:        1.06 GB reserved,      15.19 MB (  1%) committed. 

Chunk freelists:
   Non-Class:  2.09 MB
       Class:  14.19 MB
        Both:  16.28 MB

MaxMetaspaceSize: unlimited
CompressedClassSpaceSize: 1.00 GB
Initial GC threshold: 21.00 MB
Current GC threshold: 21.00 MB
CDS: on
 - commit_granule_bytes: 65536.
 - commit_granule_words: 8192.
 - virtual_space_node_default_size: 8388608.
 - enlarge_chunks_in_place: 1.
 - use_allocation_guard: 0.


Internal statistics:

num_allocs_failed_limit: 0.
num_arena_births: 354.
num_arena_deaths: 0.
num_vsnodes_births: 2.
num_vsnodes_deaths: 0.
num_space_committed: 243.
num_space_uncommitted: 0.
num_chunks_returned_to_freelist: 0.
num_chunks_taken_from_freelist: 615.
num_chunk_merges: 0.
num_chunk_splits: 359.
num_chunks_enlarged: 165.
num_inconsistent_stats: 0.

CodeHeap 'non-profiled nmethods': size=119168Kb used=1609Kb max_used=1609Kb free=117558Kb
 bounds [0x000001d613410000, 0x000001d613680000, 0x000001d61a870000]
CodeHeap 'profiled nmethods': size=119104Kb used=5227Kb max_used=5227Kb free=113877Kb
 bounds [0x000001d60b870000, 0x000001d60bd90000, 0x000001d612cc0000]
CodeHeap 'non-nmethods': size=7488Kb used=3039Kb max_used=3671Kb free=4448Kb
 bounds [0x000001d612cc0000, 0x000001d613060000, 0x000001d613410000]
 total_blobs=3425 nmethods=2684 adapters=644
 compilation: enabled
              stopped_count=0, restarted_count=0
 full_count=0

Compilation events (20 events):
Event: 11.277 Thread 0x000001d66d1257c0 nmethod 2675 0x000001d61359e110 code [0x000001d61359e2a0, 0x000001d61359e348]
Event: 11.277 Thread 0x000001d66d1257c0 2676       4       java.lang.StringConcatHelper::simpleConcat (94 bytes)
Event: 11.277 Thread 0x000001d66d2d7520 nmethod 2674 0x000001d60bd86090 code [0x000001d60bd86300, 0x000001d60bd86910]
Event: 11.277 Thread 0x000001d66e737400 2677       4       java.lang.invoke.Invokers$Holder::linkToTargetMethod (9 bytes)
Event: 11.278 Thread 0x000001d66e737400 nmethod 2677 0x000001d61359e410 code [0x000001d61359e5a0, 0x000001d61359e698]
Event: 11.278 Thread 0x000001d66e737400 2679       4       java.lang.invoke.DirectMethodHandle$Holder::invokeStatic (15 bytes)
Event: 11.279 Thread 0x000001d66e737400 nmethod 2679 0x000001d61359e790 code [0x000001d61359e920, 0x000001d61359ea10]
Event: 11.279 Thread 0x000001d66e737400 2678       4       java.lang.invoke.LambdaForm$MH/0x000001d62908a800::invoke (25 bytes)
Event: 11.279 Thread 0x000001d66e737400 nmethod 2678 0x000001d61359eb10 code [0x000001d61359ecc0, 0x000001d61359edf0]
Event: 11.279 Thread 0x000001d66e737400 2680       4       kotlin.jvm.internal.Intrinsics::checkNotNullParameter (9 bytes)
Event: 11.280 Thread 0x000001d66e737400 nmethod 2680 0x000001d61359ef10 code [0x000001d61359f0a0, 0x000001d61359f128]
Event: 11.280 Thread 0x000001d66e737400 2681       4       io.github.ericjbyrd.partnershipproject.Monster::attack (16 bytes)
Event: 11.281 Thread 0x000001d66d128c70 2682 %     3       Encounter::BattleEngage @ 25 (56 bytes)
Event: 11.283 Thread 0x000001d66d128c70 nmethod 2682% 0x000001d60bd86d10 code [0x000001d60bd872e0, 0x000001d60bd89c60]
Event: 11.284 Thread 0x000001d66e737400 nmethod 2681 0x000001d61359f210 code [0x000001d61359f3e0, 0x000001d61359f8a8]
Event: 11.284 Thread 0x000001d66d1257c0 nmethod 2676 0x000001d61359fd10 code [0x000001d61359ff00, 0x000001d6135a0570]
Event: 11.284 Thread 0x000001d66e737400 2683 %     4       Encounter::BattleEngage @ 25 (56 bytes)
Event: 11.288 Thread 0x000001d66e737400 nmethod 2683% 0x000001d6135a0a90 code [0x000001d6135a0c60, 0x000001d6135a11f8]
Event: 11.288 Thread 0x000001d66e737400 2684       4       Encounter::BattleEngage (56 bytes)
Event: 11.292 Thread 0x000001d66e737400 nmethod 2684 0x000001d6135a1710 code [0x000001d6135a1920, 0x000001d6135a1f48]

GC Heap History (15 events):
Event: 1.986 GC heap before
{Heap before GC invocations=0 (full 0):
 garbage-first heap   total 520192K, used 24576K [0x0000000604400000, 0x0000000800000000)
  region size 4096K, 6 young (24576K), 0 survivors (0K)
 Metaspace       used 13985K, committed 14208K, reserved 1114112K
  class space    used 1417K, committed 1536K, reserved 1048576K
}
Event: 1.994 GC heap after
{Heap after GC invocations=1 (full 0):
 garbage-first heap   total 520192K, used 10968K [0x0000000604400000, 0x0000000800000000)
  region size 4096K, 1 young (4096K), 1 survivors (4096K)
 Metaspace       used 13985K, committed 14208K, reserved 1114112K
  class space    used 1417K, committed 1536K, reserved 1048576K
}
Event: 2.595 GC heap before
{Heap before GC invocations=1 (full 0):
 garbage-first heap   total 520192K, used 27352K [0x0000000604400000, 0x0000000800000000)
  region size 4096K, 6 young (24576K), 1 survivors (4096K)
 Metaspace       used 14300K, committed 14592K, reserved 1114112K
  class space    used 1450K, committed 1600K, reserved 1048576K
}
Event: 2.600 GC heap after
{Heap after GC invocations=2 (full 0):
 garbage-first heap   total 520192K, used 35168K [0x0000000604400000, 0x0000000800000000)
  region size 4096K, 1 young (4096K), 1 survivors (4096K)
 Metaspace       used 14300K, committed 14592K, reserved 1114112K
  class space    used 1450K, committed 1600K, reserved 1048576K
}
Event: 2.842 GC heap before
{Heap before GC invocations=2 (full 0):
 garbage-first heap   total 520192K, used 72032K [0x0000000604400000, 0x0000000800000000)
  region size 4096K, 11 young (45056K), 1 survivors (4096K)
 Metaspace       used 14326K, committed 14656K, reserved 1114112K
  class space    used 1450K, committed 1600K, reserved 1048576K
}
Event: 2.847 GC heap after
{Heap after GC invocations=3 (full 0):
 garbage-first heap   total 520192K, used 74928K [0x0000000604400000, 0x0000000800000000)
  region size 4096K, 2 young (8192K), 2 survivors (8192K)
 Metaspace       used 14326K, committed 14656K, reserved 1114112K
  class space    used 1450K, committed 1600K, reserved 1048576K
}
Event: 3.027 GC heap before
{Heap before GC invocations=3 (full 0):
 garbage-first heap   total 520192K, used 115888K [0x0000000604400000, 0x0000000800000000)
  region size 4096K, 13 young (53248K), 2 survivors (8192K)
 Metaspace       used 14358K, committed 14656K, reserved 1114112K
  class space    used 1450K, committed 1600K, reserved 1048576K
}
Event: 3.034 GC heap after
{Heap after GC invocations=4 (full 0):
 garbage-first heap   total 520192K, used 114192K [0x0000000604400000, 0x0000000800000000)
  region size 4096K, 2 young (8192K), 2 survivors (8192K)
 Metaspace       used 14358K, committed 14656K, reserved 1114112K
  class space    used 1450K, committed 1600K, reserved 1048576K
}
Event: 3.253 GC heap before
{Heap before GC invocations=4 (full 0):
 garbage-first heap   total 520192K, used 167440K [0x0000000604400000, 0x0000000800000000)
  region size 4096K, 16 young (65536K), 2 survivors (8192K)
 Metaspace       used 14378K, committed 14656K, reserved 1114112K
  class space    used 1450K, committed 1600K, reserved 1048576K
}
Event: 3.261 GC heap after
{Heap after GC invocations=5 (full 0):
 garbage-first heap   total 520192K, used 158048K [0x0000000604400000, 0x0000000800000000)
  region size 4096K, 2 young (8192K), 2 survivors (8192K)
 Metaspace       used 14378K, committed 14656K, reserved 1114112K
  class space    used 1450K, committed 1600K, reserved 1048576K
}
Event: 11.293 GC heap before
{Heap before GC invocations=5 (full 0):
 garbage-first heap   total 520192K, used 231776K [0x0000000604400000, 0x0000000800000000)
  region size 4096K, 20 young (81920K), 2 survivors (8192K)
 Metaspace       used 15157K, committed 15552K, reserved 1114112K
  class space    used 1511K, committed 1728K, reserved 1048576K
}
Event: 11.299 GC heap after
{Heap after GC invocations=6 (full 0):
 garbage-first heap   total 520192K, used 176700K [0x0000000604400000, 0x0000000800000000)
  region size 4096K, 3 young (12288K), 3 survivors (12288K)
 Metaspace       used 15157K, committed 15552K, reserved 1114112K
  class space    used 1511K, committed 1728K, reserved 1048576K
}
Event: 11.321 GC heap before
{Heap before GC invocations=6 (full 0):
 garbage-first heap   total 520192K, used 283196K [0x0000000604400000, 0x0000000800000000)
  region size 4096K, 29 young (118784K), 3 survivors (12288K)
 Metaspace       used 15157K, committed 15552K, reserved 1114112K
  class space    used 1511K, committed 1728K, reserved 1048576K
}
Event: 11.326 GC heap after
{Heap after GC invocations=7 (full 0):
 garbage-first heap   total 520192K, used 192018K [0x0000000604400000, 0x0000000800000000)
  region size 4096K, 3 young (12288K), 3 survivors (12288K)
 Metaspace       used 15157K, committed 15552K, reserved 1114112K
  class space    used 1511K, committed 1728K, reserved 1048576K
}
Event: 11.400 GC heap before
{Heap before GC invocations=7 (full 0):
 garbage-first heap   total 520192K, used 450066K [0x0000000604400000, 0x0000000800000000)
  region size 4096K, 66 young (270336K), 3 survivors (12288K)
 Metaspace       used 15157K, committed 15552K, reserved 1114112K
  class space    used 1511K, committed 1728K, reserved 1048576K
}

Dll operation events (11 events):
Event: 0.012 Loaded shared library C:\Users\ebyrd\.gradle\jdks\azul_systems__inc_-21-amd64-windows\zulu21.38.21-ca-jdk21.0.5-win_x64\bin\java.dll
Event: 0.048 Loaded shared library C:\Users\ebyrd\.gradle\jdks\azul_systems__inc_-21-amd64-windows\zulu21.38.21-ca-jdk21.0.5-win_x64\bin\jsvml.dll
Event: 0.081 Loaded shared library C:\Users\ebyrd\.gradle\jdks\azul_systems__inc_-21-amd64-windows\zulu21.38.21-ca-jdk21.0.5-win_x64\bin\net.dll
Event: 0.084 Loaded shared library C:\Users\ebyrd\.gradle\jdks\azul_systems__inc_-21-amd64-windows\zulu21.38.21-ca-jdk21.0.5-win_x64\bin\nio.dll
Event: 0.095 Loaded shared library C:\Users\ebyrd\.gradle\jdks\azul_systems__inc_-21-amd64-windows\zulu21.38.21-ca-jdk21.0.5-win_x64\bin\zip.dll
Event: 0.127 Loaded shared library C:\Users\ebyrd\.gradle\jdks\azul_systems__inc_-21-amd64-windows\zulu21.38.21-ca-jdk21.0.5-win_x64\bin\jimage.dll
Event: 0.164 Loaded shared library C:\Users\ebyrd\.gradle\jdks\azul_systems__inc_-21-amd64-windows\zulu21.38.21-ca-jdk21.0.5-win_x64\bin\awt.dll
Event: 0.380 Loaded shared library C:\Users\ebyrd\.gradle\jdks\azul_systems__inc_-21-amd64-windows\zulu21.38.21-ca-jdk21.0.5-win_x64\bin\javajpeg.dll
Event: 0.730 Loaded shared library C:\Users\ebyrd\.gradle\jdks\azul_systems__inc_-21-amd64-windows\zulu21.38.21-ca-jdk21.0.5-win_x64\bin\freetype.dll
Event: 0.732 Loaded shared library C:\Users\ebyrd\.gradle\jdks\azul_systems__inc_-21-amd64-windows\zulu21.38.21-ca-jdk21.0.5-win_x64\bin\fontmanager.dll
Event: 0.827 Loaded shared library C:\Users\ebyrd\AppData\Local\Temp\flatlaf.temp\flatlaf-windows-x86_64-1773818879138000.dll

Deoptimization events (20 events):
Event: 7.240 Thread 0x000001d66e5326f0 DEOPT PACKING pc=0x000001d61358b30c sp=0x0000005783efc590
Event: 7.240 Thread 0x000001d66e5326f0 DEOPT UNPACKING pc=0x000001d612d17da2 sp=0x0000005783efc3b0 mode 2
Event: 7.240 Thread 0x000001d66e5326f0 Uncommon trap: trap_request=0xffffff6e fr.pc=0x000001d6135830fc relative=0x000000000000421c
Event: 7.240 Thread 0x000001d66e5326f0 Uncommon trap: reason=loop_limit_check action=maybe_recompile pc=0x000001d6135830fc method=sun.java2d.marlin.Renderer._endRendering(II)V @ 1137 c2
Event: 7.240 Thread 0x000001d66e5326f0 DEOPT PACKING pc=0x000001d6135830fc sp=0x0000005783efc550
Event: 7.240 Thread 0x000001d66e5326f0 DEOPT UNPACKING pc=0x000001d612d17da2 sp=0x0000005783efc440 mode 2
Event: 7.241 Thread 0x000001d66e5326f0 Uncommon trap: trap_request=0xffffff6e fr.pc=0x000001d61356e7ac relative=0x0000000000003ccc
Event: 7.241 Thread 0x000001d66e5326f0 Uncommon trap: reason=loop_limit_check action=maybe_recompile pc=0x000001d61356e7ac method=sun.java2d.marlin.Renderer._endRendering(II)V @ 1137 c2
Event: 7.241 Thread 0x000001d66e5326f0 DEOPT PACKING pc=0x000001d61356e7ac sp=0x0000005783efc4b0
Event: 7.241 Thread 0x000001d66e5326f0 DEOPT UNPACKING pc=0x000001d612d17da2 sp=0x0000005783efc3b0 mode 2
Event: 9.155 Thread 0x000001d66eb7d5b0 Uncommon trap: trap_request=0xffffff45 fr.pc=0x000001d61354d490 relative=0x0000000000000c90
Event: 9.155 Thread 0x000001d66eb7d5b0 Uncommon trap: reason=unstable_if action=reinterpret pc=0x000001d61354d490 method=sun.awt.image.ImageFetcher.nextImage()Lsun/awt/image/ImageFetchable; @ 44 c2
Event: 9.155 Thread 0x000001d66eb7d5b0 DEOPT PACKING pc=0x000001d61354d490 sp=0x00000057849feed0
Event: 9.155 Thread 0x000001d66eb7d5b0 DEOPT UNPACKING pc=0x000001d612d17da2 sp=0x00000057849fee78 mode 2
Event: 9.155 Thread 0x000001d66e5dfd80 Uncommon trap: trap_request=0xffffff45 fr.pc=0x000001d61354d490 relative=0x0000000000000c90
Event: 9.155 Thread 0x000001d66e5dfd80 Uncommon trap: reason=unstable_if action=reinterpret pc=0x000001d61354d490 method=sun.awt.image.ImageFetcher.nextImage()Lsun/awt/image/ImageFetchable; @ 44 c2
Event: 9.155 Thread 0x000001d66e5dfd80 DEOPT PACKING pc=0x000001d61354d490 sp=0x00000057848ff580
Event: 9.155 Thread 0x000001d66e5dfd80 DEOPT UNPACKING pc=0x000001d612d17da2 sp=0x00000057848ff528 mode 2
Event: 11.288 Thread 0x000001d66e5326f0 DEOPT PACKING pc=0x000001d60bd89a44 sp=0x0000005783efdf10
Event: 11.288 Thread 0x000001d66e5326f0 DEOPT UNPACKING pc=0x000001d612d188e2 sp=0x0000005783efd528 mode 0

Classes loaded (20 events):
Event: 3.549 Loading class sun/awt/image/BytePackedRaster
Event: 3.549 Loading class sun/awt/image/BytePackedRaster done
Event: 4.288 Loading class java/awt/ColorPaintContext
Event: 4.289 Loading class java/awt/PaintContext
Event: 4.289 Loading class java/awt/PaintContext done
Event: 4.289 Loading class java/awt/ColorPaintContext done
Event: 4.290 Loading class sun/java2d/pipe/AlphaPaintPipe$TileContext
Event: 4.290 Loading class sun/java2d/pipe/AlphaPaintPipe$TileContext done
Event: 4.293 Loading class com/sun/java/swing/SwingUtilities3$UnscaledBorderPainter
Event: 4.294 Loading class com/sun/java/swing/SwingUtilities3$UnscaledBorderPainter done
Event: 4.350 Loading class java/awt/LightweightDispatcher$2
Event: 4.351 Loading class java/awt/LightweightDispatcher$2 done
Event: 7.018 Loading class javax/swing/ClientPropertyKey
Event: 7.018 Loading class javax/swing/ClientPropertyKey done
Event: 7.018 Loading class javax/swing/ClientPropertyKey$1
Event: 7.018 Loading class sun/awt/AWTAccessor$ClientPropertyKeyAccessor
Event: 7.019 Loading class sun/awt/AWTAccessor$ClientPropertyKeyAccessor done
Event: 7.019 Loading class javax/swing/ClientPropertyKey$1 done
Event: 11.271 Loading class jdk/internal/module/ModulePatcher$PatchedModuleReader
Event: 11.272 Loading class jdk/internal/module/ModulePatcher$PatchedModuleReader done

Classes unloaded (0 events):
No events

Classes redefined (0 events):
No events

Internal exceptions (20 events):
Event: 4.140 Thread 0x000001d66eb7d5b0 Exception <a 'java/io/FileNotFoundException'{0x0000000621bb2788}> (0x0000000621bb2788) 
thrown [s\src\hotspot\share\prims\jni.cpp, line 520]
Event: 4.140 Thread 0x000001d66e5dfd80 Exception <a 'java/io/FileNotFoundException'{0x0000000621a28f60}> (0x0000000621a28f60) 
thrown [s\src\hotspot\share\prims\jni.cpp, line 520]
Event: 4.140 Thread 0x000001d66eb7d5b0 Exception <a 'java/io/FileNotFoundException'{0x0000000621bb2db0}> (0x0000000621bb2db0) 
thrown [s\src\hotspot\share\prims\jni.cpp, line 520]
Event: 4.140 Thread 0x000001d66e5dfd80 Exception <a 'java/io/FileNotFoundException'{0x0000000621a29588}> (0x0000000621a29588) 
thrown [s\src\hotspot\share\prims\jni.cpp, line 520]
Event: 4.140 Thread 0x000001d66eb7d5b0 Exception <a 'java/io/FileNotFoundException'{0x0000000621bb33d8}> (0x0000000621bb33d8) 
thrown [s\src\hotspot\share\prims\jni.cpp, line 520]
Event: 4.140 Thread 0x000001d66e5dfd80 Exception <a 'java/io/FileNotFoundException'{0x0000000621a29bb0}> (0x0000000621a29bb0) 
thrown [s\src\hotspot\share\prims\jni.cpp, line 520]
Event: 4.140 Thread 0x000001d66eb7d5b0 Exception <a 'java/io/FileNotFoundException'{0x0000000621bb3a00}> (0x0000000621bb3a00) 
thrown [s\src\hotspot\share\prims\jni.cpp, line 520]
Event: 4.140 Thread 0x000001d66e5dfd80 Exception <a 'java/io/FileNotFoundException'{0x0000000621a2a1d8}> (0x0000000621a2a1d8) 
thrown [s\src\hotspot\share\prims\jni.cpp, line 520]
Event: 4.140 Thread 0x000001d66eb7d5b0 Exception <a 'java/io/FileNotFoundException'{0x0000000621bb4028}> (0x0000000621bb4028) 
thrown [s\src\hotspot\share\prims\jni.cpp, line 520]
Event: 4.140 Thread 0x000001d66e5dfd80 Exception <a 'java/io/FileNotFoundException'{0x0000000621a2a800}> (0x0000000621a2a800) 
thrown [s\src\hotspot\share\prims\jni.cpp, line 520]
Event: 4.140 Thread 0x000001d66eb7d5b0 Exception <a 'java/io/FileNotFoundException'{0x0000000621bb4650}> (0x0000000621bb4650) 
thrown [s\src\hotspot\share\prims\jni.cpp, line 520]
Event: 4.140 Thread 0x000001d66e5dfd80 Exception <a 'java/io/FileNotFoundException'{0x0000000621a2ae28}> (0x0000000621a2ae28) 
thrown [s\src\hotspot\share\prims\jni.cpp, line 520]
Event: 4.140 Thread 0x000001d66eb7d5b0 Exception <a 'java/io/FileNotFoundException'{0x0000000621bb4c78}> (0x0000000621bb4c78) 
thrown [s\src\hotspot\share\prims\jni.cpp, line 520]
Event: 4.140 Thread 0x000001d66e5dfd80 Exception <a 'java/io/FileNotFoundException'{0x0000000621a2b450}> (0x0000000621a2b450) 
thrown [s\src\hotspot\share\prims\jni.cpp, line 520]
Event: 4.141 Thread 0x000001d66eb7d5b0 Exception <a 'java/io/FileNotFoundException'{0x0000000621bb52a0}> (0x0000000621bb52a0) 
thrown [s\src\hotspot\share\prims\jni.cpp, line 520]
Event: 4.141 Thread 0x000001d66e5dfd80 Exception <a 'java/io/FileNotFoundException'{0x0000000621a2ba78}> (0x0000000621a2ba78) 
thrown [s\src\hotspot\share\prims\jni.cpp, line 520]
Event: 4.141 Thread 0x000001d66eb7d5b0 Exception <a 'java/io/FileNotFoundException'{0x0000000621bb58c8}> (0x0000000621bb58c8) 
thrown [s\src\hotspot\share\prims\jni.cpp, line 520]
Event: 4.141 Thread 0x000001d66e5dfd80 Exception <a 'java/io/FileNotFoundException'{0x0000000621a2c0a0}> (0x0000000621a2c0a0) 
thrown [s\src\hotspot\share\prims\jni.cpp, line 520]
Event: 4.142 Thread 0x000001d66e5326f0 Exception <a 'java/lang/NoSuchMethodError'{0x0000000621be0910}: 'java.lang.Object java.lang.invoke.DirectMethodHandle$Holder.newInvokeSpecial(java.lang.Object, java.lang.Object, int, java.lang.Object, int)'> (0x0000000621be0910) 
thrown [s\src\hotspot\share\interpreter\linkResolver.cpp, line 773]
Event: 4.144 Thread 0x000001d66e5326f0 Exception <a 'java/lang/NoSuchMethodError'{0x0000000621bfd9a8}: 'void java.lang.invoke.DirectMethodHandle$Holder.invokeStatic(java.lang.Object, java.lang.Object, java.lang.Object, java.lang.Object)'> (0x0000000621bfd9a8) 
thrown [s\src\hotspot\share\interpreter\linkResolver.cpp, line 773]

ZGC Phase Switch (0 events):
No events

VM Operations (20 events):
Event: 3.034 Executing VM operation: G1CollectForAllocation (G1 Evacuation Pause) done
Event: 3.253 Executing VM operation: G1CollectForAllocation (G1 Evacuation Pause)
Event: 3.261 Executing VM operation: G1CollectForAllocation (G1 Evacuation Pause) done
Event: 4.273 Executing VM operation: Cleanup
Event: 4.274 Executing VM operation: Cleanup done
Event: 5.277 Executing VM operation: Cleanup
Event: 5.278 Executing VM operation: Cleanup done
Event: 6.285 Executing VM operation: Cleanup
Event: 6.286 Executing VM operation: Cleanup done
Event: 7.296 Executing VM operation: Cleanup
Event: 7.296 Executing VM operation: Cleanup done
Event: 8.305 Executing VM operation: Cleanup
Event: 8.305 Executing VM operation: Cleanup done
Event: 9.311 Executing VM operation: Cleanup
Event: 9.311 Executing VM operation: Cleanup done
Event: 11.293 Executing VM operation: G1CollectForAllocation (G1 Evacuation Pause)
Event: 11.299 Executing VM operation: G1CollectForAllocation (G1 Evacuation Pause) done
Event: 11.321 Executing VM operation: G1CollectForAllocation (G1 Evacuation Pause)
Event: 11.326 Executing VM operation: G1CollectForAllocation (G1 Evacuation Pause) done
Event: 11.400 Executing VM operation: G1CollectForAllocation (G1 Evacuation Pause)

Memory protections (0 events):
No events

Nmethod flushes (0 events):
No events

Events (20 events):
Event: 2.594 Thread 0x000001d66d1257c0 Thread added: 0x000001d66e6d5b90
Event: 3.065 Thread 0x000001d66e6d5b90 Thread exited: 0x000001d66e6d5b90
Event: 3.066 Thread 0x000001d66e6d5080 Thread exited: 0x000001d66e6d5080
Event: 3.190 Thread 0x000001d66e5326f0 Thread added: 0x000001d66eb7d5b0
Event: 3.561 Thread 0x000001d66d1afb20 Thread added: 0x000001d66f158380
Event: 3.561 Thread 0x000001d66d1afb20 Thread added: 0x000001d66eecfcd0
Event: 4.072 Thread 0x000001d66d5a2040 Thread exited: 0x000001d66d5a2040
Event: 4.127 Thread 0x000001d66d2d7520 Thread exited: 0x000001d66d2d7520
Event: 4.127 Thread 0x000001d66d1afb20 Thread exited: 0x000001d66d1afb20
Event: 4.173 Thread 0x000001d66eecfcd0 Thread added: 0x000001d66d2d7520
Event: 4.173 Thread 0x000001d66eecfcd0 Thread added: 0x000001d66d5a2040
Event: 4.176 Thread 0x000001d66d2d7520 Thread added: 0x000001d66eeb9770
Event: 4.721 Thread 0x000001d66eecfcd0 Thread exited: 0x000001d66eecfcd0
Event: 4.721 Thread 0x000001d66f158380 Thread exited: 0x000001d66f158380
Event: 5.967 Thread 0x000001d66d128c70 Thread added: 0x000001d66d3eddb0
Event: 6.180 Thread 0x000001d66d3eddb0 Thread exited: 0x000001d66d3eddb0
Event: 9.155 Thread 0x000001d66eb7d5b0 Thread exited: 0x000001d66eb7d5b0
Event: 9.155 Thread 0x000001d66e5dfd80 Thread exited: 0x000001d66e5dfd80
Event: 11.036 Thread 0x000001d66eeb9770 Thread exited: 0x000001d66eeb9770
Event: 11.277 Thread 0x000001d66d128c70 Thread added: 0x000001d66e737400


Dynamic libraries:
0x00007ff61c460000 - 0x00007ff61c46e000 	C:\Users\ebyrd\.gradle\jdks\azul_systems__inc_-21-amd64-windows\zulu21.38.21-ca-jdk21.0.5-win_x64\bin\java.exe
0x00007ffb41d30000 - 0x00007ffb41f47000 	C:\WINDOWS\SYSTEM32\ntdll.dll
0x00007ffb401d0000 - 0x00007ffb40294000 	C:\WINDOWS\System32\KERNEL32.DLL
0x00007ffb3f100000 - 0x00007ffb3f4d0000 	C:\WINDOWS\System32\KERNELBASE.dll
0x00007ffb3efe0000 - 0x00007ffb3f0f1000 	C:\WINDOWS\System32\ucrtbase.dll
0x00007ffb37ee0000 - 0x00007ffb37ef9000 	C:\Users\ebyrd\.gradle\jdks\azul_systems__inc_-21-amd64-windows\zulu21.38.21-ca-jdk21.0.5-win_x64\bin\jli.dll
0x00007ffb35a30000 - 0x00007ffb35a4b000 	C:\Users\ebyrd\.gradle\jdks\azul_systems__inc_-21-amd64-windows\zulu21.38.21-ca-jdk21.0.5-win_x64\bin\VCRUNTIME140.dll
0x00007ffb402a0000 - 0x00007ffb4044e000 	C:\WINDOWS\System32\USER32.dll
0x00007ffb3f6c0000 - 0x00007ffb3f6e6000 	C:\WINDOWS\System32\win32u.dll
0x00007ffb24310000 - 0x00007ffb245a2000 	C:\WINDOWS\WinSxS\amd64_microsoft.windows.common-controls_6595b64144ccf1df_6.0.22621.4830_none_270fe7d773858e80\COMCTL32.dll
0x00007ffb3fba0000 - 0x00007ffb3fbc9000 	C:\WINDOWS\System32\GDI32.dll
0x00007ffb41b90000 - 0x00007ffb41c37000 	C:\WINDOWS\System32\msvcrt.dll
0x00007ffb3f7b0000 - 0x00007ffb3f8cb000 	C:\WINDOWS\System32\gdi32full.dll
0x00007ffb3f900000 - 0x00007ffb3f99a000 	C:\WINDOWS\System32\msvcp_win.dll
0x00007ffb40450000 - 0x00007ffb40481000 	C:\WINDOWS\System32\IMM32.DLL
0x000001d602680000 - 0x000001d602696000 	C:\WINDOWS\System32\umppc19406.dll
0x000001d6026c0000 - 0x000001d6026d3000 	C:\WINDOWS\System32\CsXumd64_19406.dll
0x00007ffb35a20000 - 0x00007ffb35a2c000 	C:\Users\ebyrd\.gradle\jdks\azul_systems__inc_-21-amd64-windows\zulu21.38.21-ca-jdk21.0.5-win_x64\bin\vcruntime140_1.dll
0x00007ffb1cf00000 - 0x00007ffb1cf8e000 	C:\Users\ebyrd\.gradle\jdks\azul_systems__inc_-21-amd64-windows\zulu21.38.21-ca-jdk21.0.5-win_x64\bin\msvcp140.dll
0x00007ffac4210000 - 0x00007ffac4fed000 	C:\Users\ebyrd\.gradle\jdks\azul_systems__inc_-21-amd64-windows\zulu21.38.21-ca-jdk21.0.5-win_x64\bin\server\jvm.dll
0x00007ffb41680000 - 0x00007ffb41731000 	C:\WINDOWS\System32\ADVAPI32.dll
0x00007ffb40100000 - 0x00007ffb401a7000 	C:\WINDOWS\System32\sechost.dll
0x00007ffb3f8d0000 - 0x00007ffb3f8f8000 	C:\WINDOWS\System32\bcrypt.dll
0x00007ffb417a0000 - 0x00007ffb418b4000 	C:\WINDOWS\System32\RPCRT4.dll
0x00007ffb40490000 - 0x00007ffb40501000 	C:\WINDOWS\System32\WS2_32.dll
0x00007ffb3e280000 - 0x00007ffb3e2cd000 	C:\WINDOWS\SYSTEM32\POWRPROF.dll
0x00007ffb38130000 - 0x00007ffb38164000 	C:\WINDOWS\SYSTEM32\WINMM.dll
0x00007ffb32f40000 - 0x00007ffb32f4a000 	C:\WINDOWS\SYSTEM32\VERSION.dll
0x00007ffb3e170000 - 0x00007ffb3e183000 	C:\WINDOWS\SYSTEM32\UMPDC.dll
0x00007ffb3e050000 - 0x00007ffb3e068000 	C:\WINDOWS\SYSTEM32\kernel.appcore.dll
0x00007ffb359c0000 - 0x00007ffb359ca000 	C:\Users\ebyrd\.gradle\jdks\azul_systems__inc_-21-amd64-windows\zulu21.38.21-ca-jdk21.0.5-win_x64\bin\jimage.dll
0x00007ffb3c650000 - 0x00007ffb3c882000 	C:\WINDOWS\SYSTEM32\DBGHELP.DLL
0x00007ffb3fd70000 - 0x00007ffb40100000 	C:\WINDOWS\System32\combase.dll
0x00007ffb3fc90000 - 0x00007ffb3fd67000 	C:\WINDOWS\System32\OLEAUT32.dll
0x00007ffb2d040000 - 0x00007ffb2d072000 	C:\WINDOWS\SYSTEM32\dbgcore.DLL
0x00007ffb3f640000 - 0x00007ffb3f6bb000 	C:\WINDOWS\System32\bcryptPrimitives.dll
0x00007ffb294a0000 - 0x00007ffb294c2000 	C:\Users\ebyrd\.gradle\jdks\azul_systems__inc_-21-amd64-windows\zulu21.38.21-ca-jdk21.0.5-win_x64\bin\java.dll
0x00007ffb40ba0000 - 0x00007ffb41418000 	C:\WINDOWS\System32\SHELL32.dll
0x00007ffb3ce30000 - 0x00007ffb3d740000 	C:\WINDOWS\SYSTEM32\windows.storage.dll
0x00007ffb3ccf0000 - 0x00007ffb3ce2f000 	C:\WINDOWS\SYSTEM32\wintypes.dll
0x00007ffb3fa20000 - 0x00007ffb3fb2a000 	C:\WINDOWS\System32\SHCORE.dll
0x00007ffb41740000 - 0x00007ffb4179e000 	C:\WINDOWS\System32\shlwapi.dll
0x00007ffb3ef10000 - 0x00007ffb3ef3b000 	C:\WINDOWS\SYSTEM32\profapi.dll
0x00007ffb19060000 - 0x00007ffb19137000 	C:\Users\ebyrd\.gradle\jdks\azul_systems__inc_-21-amd64-windows\zulu21.38.21-ca-jdk21.0.5-win_x64\bin\jsvml.dll
0x00007ffb24bb0000 - 0x00007ffb24bc2000 	C:\Users\ebyrd\.gradle\jdks\azul_systems__inc_-21-amd64-windows\zulu21.38.21-ca-jdk21.0.5-win_x64\bin\net.dll
0x00007ffb3a220000 - 0x00007ffb3a34c000 	C:\WINDOWS\SYSTEM32\WINHTTP.dll
0x00007ffb3e540000 - 0x00007ffb3e5aa000 	C:\WINDOWS\system32\mswsock.dll
0x00007ffb24a30000 - 0x00007ffb24a46000 	C:\Users\ebyrd\.gradle\jdks\azul_systems__inc_-21-amd64-windows\zulu21.38.21-ca-jdk21.0.5-win_x64\bin\nio.dll
0x00007ffb20430000 - 0x00007ffb20448000 	C:\Users\ebyrd\.gradle\jdks\azul_systems__inc_-21-amd64-windows\zulu21.38.21-ca-jdk21.0.5-win_x64\bin\zip.dll
0x00007ffb18ec0000 - 0x00007ffb19059000 	C:\Users\ebyrd\.gradle\jdks\azul_systems__inc_-21-amd64-windows\zulu21.38.21-ca-jdk21.0.5-win_x64\bin\awt.dll
0x00007ffb37a50000 - 0x00007ffb37ae7000 	C:\WINDOWS\SYSTEM32\apphelp.dll
0x00007ffb3e890000 - 0x00007ffb3e8ab000 	C:\WINDOWS\SYSTEM32\CRYPTSP.dll
0x00007ffb3dfb0000 - 0x00007ffb3dfe5000 	C:\WINDOWS\system32\rsaenh.dll
0x00007ffb3e5e0000 - 0x00007ffb3e608000 	C:\WINDOWS\SYSTEM32\USERENV.dll
0x00007ffb3e870000 - 0x00007ffb3e87c000 	C:\WINDOWS\SYSTEM32\CRYPTBASE.dll
0x00007ffb3d860000 - 0x00007ffb3d88d000 	C:\WINDOWS\SYSTEM32\IPHLPAPI.DLL
0x00007ffb418c0000 - 0x00007ffb418c9000 	C:\WINDOWS\System32\NSI.dll
0x00007ffb1dbc0000 - 0x00007ffb1dbef000 	C:\Users\ebyrd\.gradle\jdks\azul_systems__inc_-21-amd64-windows\zulu21.38.21-ca-jdk21.0.5-win_x64\bin\javajpeg.dll
0x00007ffb3bd30000 - 0x00007ffb3bde1000 	C:\WINDOWS\system32\uxtheme.dll
0x00007ffb405c0000 - 0x00007ffb4071f000 	C:\WINDOWS\System32\MSCTF.dll
0x00007ffb419e0000 - 0x00007ffb41b81000 	C:\WINDOWS\System32\ole32.dll
0x00007ffb3bff0000 - 0x00007ffb3c01b000 	C:\WINDOWS\system32\DWMAPI.DLL
0x00007ffb18e30000 - 0x00007ffb18eb9000 	C:\Users\ebyrd\.gradle\jdks\azul_systems__inc_-21-amd64-windows\zulu21.38.21-ca-jdk21.0.5-win_x64\bin\freetype.dll
0x00007ffb003c0000 - 0x00007ffb0049d000 	C:\Users\ebyrd\.gradle\jdks\azul_systems__inc_-21-amd64-windows\zulu21.38.21-ca-jdk21.0.5-win_x64\bin\fontmanager.dll
0x00007ffae0fb0000 - 0x00007ffae10b0000 	C:\WINDOWS\system32\opengl32.dll
0x00007ffae47d0000 - 0x00007ffae47fd000 	C:\WINDOWS\SYSTEM32\GLU32.dll
0x00007ffb3be80000 - 0x00007ffb3beb7000 	C:\WINDOWS\SYSTEM32\dxcore.dll
0x00007ffb359b0000 - 0x00007ffb359b6000 	C:\Users\ebyrd\AppData\Local\Temp\flatlaf.temp\flatlaf-windows-x86_64-1773818879138000.dll
0x00007ffb20420000 - 0x00007ffb20427000 	C:\Users\ebyrd\.gradle\jdks\azul_systems__inc_-21-amd64-windows\zulu21.38.21-ca-jdk21.0.5-win_x64\bin\jawt.dll
0x00007ffb219a0000 - 0x00007ffb21ae6000 	C:\WINDOWS\SYSTEM32\textinputframework.dll
0x00007ffb37630000 - 0x00007ffb37765000 	C:\WINDOWS\SYSTEM32\CoreMessaging.dll
0x00007ffb34c30000 - 0x00007ffb34f9c000 	C:\WINDOWS\SYSTEM32\CoreUIComponents.dll

dbghelp: loaded successfully - version: 4.0.5 - missing functions: none
symbol engine: initialized successfully - sym options: 0x614 - pdb path: .;C:\Users\ebyrd\.gradle\jdks\azul_systems__inc_-21-amd64-windows\zulu21.38.21-ca-jdk21.0.5-win_x64\bin;C:\WINDOWS\SYSTEM32;C:\WINDOWS\WinSxS\amd64_microsoft.windows.common-controls_6595b64144ccf1df_6.0.22621.4830_none_270fe7d773858e80;C:\Users\ebyrd\.gradle\jdks\azul_systems__inc_-21-amd64-windows\zulu21.38.21-ca-jdk21.0.5-win_x64\bin\server;C:\Users\ebyrd\AppData\Local\Temp\flatlaf.temp

VM Arguments:
jvm_args: -Dfile.encoding=UTF-8 -Duser.country=US -Duser.language=en -Duser.variant 
java_command: io.github.ericjbyrd.partnershipproject.Main
java_class_path (initial): C:\Users\ebyrd\IdeaProjects\Project DT\build\classes\java\main;C:\Users\ebyrd\IdeaProjects\Project DT\build\classes\kotlin\main;C:\Users\ebyrd\IdeaProjects\Project DT\build\resources\main;C:\Users\ebyrd\.gradle\caches\modules-2\files-2.1\org.jetbrains.kotlinx\kotlinx-coroutines-core-jvm\1.9.0\9beade4c1c1569e4f36cbd2c37e02e3e41502601\kotlinx-coroutines-core-jvm-1.9.0.jar;C:\Users\ebyrd\.gradle\caches\modules-2\files-2.1\org.jetbrains.kotlinx\kotlinx-coroutines-swing\1.9.0\4327447ba45a17aca24d2e2be7f9f5b44dd695a5\kotlinx-coroutines-swing-1.9.0.jar;C:\Users\ebyrd\.gradle\caches\modules-2\files-2.1\org.jetbrains.kotlinx\kotlinx-serialization-core-jvm\1.7.3\1f226780b845ff9206474c05159245d861556249\kotlinx-serialization-core-jvm-1.7.3.jar;C:\Users\ebyrd\.gradle\caches\modules-2\files-2.1\org.jetbrains.kotlinx\kotlinx-serialization-json-jvm\1.7.3\6701e8c68d9e82387ce72ee96e8ddf058208d58f\kotlinx-serialization-json-jvm-1.7.3.jar;C:\Users\ebyrd\.gradle\caches\modules-2\files-2.1\org.jetbrains.kotlin\kotlin-stdlib\2.0.21\618b539767b4899b4660a83006e052b63f1db551\kotlin-stdlib-2.0.21.jar;C:\Users\ebyrd\.gradle\caches\modules-2\files-2.1\com.miglayout\miglayout-swing\11.4.2\f93a3587e77d2a3fb6448452dde818e8cc62dfc1\miglayout-swing-11.4.2.jar;C:\Users\ebyrd\.gradle\caches\modules-2\files-2.1\com.formdev\flatlaf-extras\3.5.1\42cf9ed86d4ae9d95a6013db792c8f2df642ca56\flatlaf-extras-3.5.1.jar;C:\Users\ebyrd\.gradle\caches\modules-2\files-2.1\com.formdev\flatlaf-jide-oss\3.5.1\a579bce11bcab6ed49f48d6559c5c0482c4f6cf0\flatlaf-jide-oss-3.5.1.jar;C:\Users\ebyrd\.gradle\caches\modules-2\files-2.1\com.formdev\flatlaf-swingx\3.5.1\302fc178747b5dc0ef6e3916756b7f03ad87448d\flatlaf-swingx-3.5.1.jar;C:\Users\ebyrd\.gradle\caches\modules-2\files-2.1\com.formdev\flatlaf-intellij-themes\3.5.1\b4fa9076d91d043e0d2290518a8d75e51dac3fa9\flatlaf-intellij-themes-3.5.1.jar;C:\Users\ebyrd\.gradle\caches\modules-2\files-2.1\com.formdev\flatlaf-fonts-roboto\2.137\89deeffd508e95be7992bf01b9d4aafbfa548d1d\flatlaf-fonts-roboto-2.137.jar;C:\Users\ebyrd\.gradle\caches\modules-2\files-2.1\com.formdev\flatlaf-fonts-roboto-mono\3.000\5658d075b6b6173e143ea4937018f2bae5130a5f\flatlaf-fonts-roboto-mono-3.000.jar;C:\Users\ebyrd\.gradle\caches\modules-2\files-2.1\com.formdev\flatlaf\3.5.1\8e4295f9ba5756736fa60a3a567fd9cd8840594f\flatlaf-3.5.1.jar;C:\Users\ebyrd\.gradle\caches\modules-2\files-2.1\org.swinglabs.swingx\swingx-all\1.6.5-1\1ea704cd8779f8df8a3d345ee1344239e7774d52\swingx-all-1.6.5-1.jar;C:\Users\ebyrd\.gradle\caches\modules-2\files-2.1\com.formdev\jide-oss\3.7.15\b4ce4373d6e60b789ccf968dac08bd362f4cdc33\jide-oss-3.7.15.jar;C:\Users\ebyrd\.gradle\caches\modules-2\files-2.1\ch.qos.logback\logback-classic\1.5.10\daf2eab537522d39a003b256fde67181356325d2\logback-classic-1.5.10.jar;C:\Users\ebyrd\.gradle\caches\modules-2\files-2.1\org.jetbrains\annotations\23.0.0\8cc20c07506ec18e0834947b84a864bfc094484e\annotations-23.0.0.jar;C:\Users\ebyrd\.gradle\caches\modules-2\files-2.1\com.miglayout\miglayout-core\11.4.2\994a23f8c271cb1c22e74d6ebec67850b84613e0\miglayout-core-11.4.2.jar;C:\Users\ebyrd\.gradle\caches\modules-2\files-2.1\com.github.weisj\jsvg\1.4.0\3f057f61a79b63015dcdb3ae15f935951e4bedd9\jsvg-1.4.0.jar;C:\Users\ebyrd\.gradle\caches\modules-2\files-2.1\ch.qos.logback\logback-core\1.5.10\a328141ccd752b06a333e34d64413084c55550e2\logback-core-1.5.10.jar;C:\Users\ebyrd\.gradle\caches\modules-2\files-2.1\org.slf4j\slf4j-api\2.0.15\35ed0d9a6b7c011bb8656087f79e371263b3b485\slf4j-api-2.0.15.jar
Launcher Type: SUN_STANDARD

[Global flags]
     intx CICompilerCount                          = 12                                        {product} {ergonomic}
     uint ConcGCThreads                            = 3                                         {product} {ergonomic}
     uint G1ConcRefinementThreads                  = 13                                        {product} {ergonomic}
   size_t G1HeapRegionSize                         = 4194304                                   {product} {ergonomic}
    uintx GCDrainStackTargetSize                   = 64                                        {product} {ergonomic}
   size_t InitialHeapSize                          = 532676608                                 {product} {ergonomic}
   size_t MarkStackSize                            = 4194304                                   {product} {ergonomic}
   size_t MaxHeapSize                              = 8518631424                                {product} {ergonomic}
   size_t MaxNewSize                               = 5108662272                                {product} {ergonomic}
   size_t MinHeapDeltaBytes                        = 4194304                                   {product} {ergonomic}
   size_t MinHeapSize                              = 8388608                                   {product} {ergonomic}
    uintx NonNMethodCodeHeapSize                   = 7602480                                {pd product} {ergonomic}
    uintx NonProfiledCodeHeapSize                  = 122027880                              {pd product} {ergonomic}
    uintx ProfiledCodeHeapSize                     = 122027880                              {pd product} {ergonomic}
    uintx ReservedCodeCacheSize                    = 251658240                              {pd product} {ergonomic}
     bool SegmentedCodeCache                       = true                                      {product} {ergonomic}
   size_t SoftMaxHeapSize                          = 8518631424                             {manageable} {ergonomic}
     bool UseCompressedOops                        = true                           {product lp64_product} {ergonomic}
     bool UseG1GC                                  = true                                      {product} {ergonomic}
     bool UseLargePagesIndividualAllocation        = false                                  {pd product} {ergonomic}

Logging:
Log output configuration:
 #0: stdout all=warning uptime,level,tags foldmultilines=false
 #1: stderr all=off uptime,level,tags foldmultilines=false

Environment Variables:
PATH=C:\Program Files\Zulu\zulu-21\bin\;C:\Program Files\Common Files\Oracle\Java\javapath;C:\Python311\Scripts\;C:\Python311\;C:\Program Files (x86)\VMware\VMware Workstation\bin\;C:\Windows\system32;C:\Windows;C:\Windows\System32\Wbem;C:\Windows\System32\WindowsPowerShell\v1.0\;C:\Windows\System32\OpenSSH\;C:\Program Files (x86)\Microsoft SQL Server\150\DTS\Binn\;C:\Program Files\Azure Data Studio\bin;C:\ProgramData\chocolatey\bin;C:\Program Files (x86)\Microsoft SQL Server\160\Tools\Binn\;C:\Program Files\Microsoft SQL Server\160\Tools\Binn\;C:\Program Files\Microsoft SQL Server\Client SDK\ODBC\170\Tools\Binn\;C:\Program Files\Microsoft SQL Server\160\DTS\Binn\;C:\Program Files (x86)\NVIDIA Corporation\PhysX\Common;C:\Program Files\dotnet\;C:\Program Files (x86)\Automox\;C:\WINDOWS\system32;C:\WINDOWS;C:\WINDOWS\System32\Wbem;C:\WINDOWS\System32\WindowsPowerShell\v1.0\;C:\WINDOWS\System32\OpenSSH\;C:\Program Files\Git\cmd;C:\Program Files\nodejs\;C:\Program Files\Docker\Docker\resources\bin;C:\Users\ebyrd\AppData\Local\Microsoft\WindowsApps;;C:\Program Files\Azure Data Studio\bin;C:\Users\ebyrd\AppData\Local\Programs\Microsoft VS Code\bin;C:\Users\ebyrd\AppData\Roaming\npm
USERNAME=ebyrd
OS=Windows_NT
PROCESSOR_IDENTIFIER=Intel64 Family 6 Model 141 Stepping 1, GenuineIntel
TMP=C:\Users\ebyrd\AppData\Local\Temp
TEMP=C:\Users\ebyrd\AppData\Local\Temp




Periodic native trim disabled

---------------  S Y S T E M  ---------------

OS:
 Windows 11 , 64 bit Build 22621 (10.0.22621.4830)
OS uptime: 2 days 1:16 hours
Hyper-V role detected

CPU: total 16 (initial active 16) (8 cores per cpu, 2 threads per core) family 6 model 141 stepping 1 microcode 0x54, cx8, cmov, fxsr, ht, mmx, 3dnowpref, sse, sse2, sse3, ssse3, sse4.1, sse4.2, popcnt, lzcnt, tsc, tscinvbit, avx, avx2, aes, erms, clmul, bmi1, bmi2, adx, avx512f, avx512dq, avx512cd, avx512bw, avx512vl, sha, fma, vzeroupper, avx512_vpopcntdq, avx512_vpclmulqdq, avx512_vaes, avx512_vnni, clflush, clflushopt, clwb, avx512_vbmi2, avx512_vbmi, hv, rdtscp, rdpid, fsrm, gfni, avx512_bitalg, f16c, cet_ibt, cet_ss, avx512_ifma
Processor Information for all 16 processors :
  Max Mhz: 2304, Current Mhz: 2304, Mhz Limit: 2304

Memory: 4k page, system-wide physical 32487M (7206M free)
TotalPageFile size 93399M (AvailPageFile size 320M)
current process WorkingSet (physical memory assigned to process): 527M, peak: 527M
current process commit charge ("private bytes"): 651M, peak: 1067M

vm_info: OpenJDK 64-Bit Server VM (21.0.5+11-LTS) for windows-amd64 JRE (21.0.5+11-LTS) (Zulu21.38+21-CA), built on 2024-10-11T20:45:51Z by "zulu_re" with MS VC++ 17.1 (VS2022)

END.
