#
# There is insufficient memory for the Java Runtime Environment to continue.
# Native memory allocation (mmap) failed to map 473956352 bytes. Error detail: G1 virtual space
# Possible reasons:
#   The system is out of physical RAM or swap space
#   This process is running with CompressedOops enabled, and the Java Heap may be blocking the growth of the native heap
# Possible solutions:
#   Reduce memory load on the system
#   Increase physical memory or swap space
#   Check if swap backing store is full
#   Decrease Java heap size (-Xmx/-Xms)
#   Decrease number of Java threads
#   Decrease Java thread stack sizes (-Xss)
#   Set larger code cache with -XX:ReservedCodeCacheSize=
#   JVM is running with Zero Based Compressed Oops mode in which the Java heap is
#     placed in the first 32GB address space. The Java Heap base address is the
#     maximum limit for the native heap growth. Please use -XX:HeapBaseMinAddress
#     to set the Java Heap base and to place the Java Heap above 32GB virtual address.
# This output file may be truncated or incomplete.
#
#  Out of Memory Error (os_windows.cpp:3616), pid=5964, tid=15476
#
# JRE version: OpenJDK Runtime Environment Zulu21.38+21-CA (21.0.5+11) (build 21.0.5+11-LTS)
# Java VM: OpenJDK 64-Bit Server VM Zulu21.38+21-CA (21.0.5+11-LTS, mixed mode, sharing, tiered, compressed oops, compressed class ptrs, g1 gc, windows-amd64)
# No core dump will be written. Minidumps are not enabled by default on client versions of Windows
#

---------------  S U M M A R Y ------------

Command Line: -Dfile.encoding=UTF-8 -Duser.country=US -Duser.language=en -Duser.variant io.github.ericjbyrd.partnershipproject.Main

Host: 11th Gen Intel(R) Core(TM) i7-11800H @ 2.30GHz, 16 cores, 31G,  Windows 11 , 64 bit Build 22621 (10.0.22621.4830)
Time: Fri Mar 21 22:05:11 2025 Pacific Daylight Time elapsed time: 20.214326 seconds (0d 0h 0m 20s)

---------------  T H R E A D  ---------------

Current thread (0x00000179fd71e330):  VMThread "VM Thread"          [id=15476, stack(0x0000005a76a00000,0x0000005a76b00000) (1024K)]

Stack: [0x0000005a76a00000,0x0000005a76b00000]
Native frames: (J=compiled Java code, j=interpreted, Vv=VM code, C=native code)
V  [jvm.dll+0x6fa929]
V  [jvm.dll+0x8de25f]
V  [jvm.dll+0x8e0658]
V  [jvm.dll+0x8e0db3]
V  [jvm.dll+0x299766]
V  [jvm.dll+0x6f6f85]
V  [jvm.dll+0x6eb80a]
V  [jvm.dll+0x37496a]
V  [jvm.dll+0x37c676]
V  [jvm.dll+0x3d1025]
V  [jvm.dll+0x3d12e8]
V  [jvm.dll+0x3466e3]
V  [jvm.dll+0x346777]
V  [jvm.dll+0x38d01c]
V  [jvm.dll+0x38b832]
V  [jvm.dll+0x345e81]
V  [jvm.dll+0x38aeea]
V  [jvm.dll+0x8e6d36]
V  [jvm.dll+0x8e8154]
V  [jvm.dll+0x8e86a0]
V  [jvm.dll+0x8e8943]
V  [jvm.dll+0x885576]
V  [jvm.dll+0x6f9024]
C  [ucrtbase.dll+0x29333]
C  [KERNEL32.DLL+0x1259d]
C  [ntdll.dll+0x5af38]

VM_Operation (0x0000005a77efe260): G1CollectForAllocation, mode: safepoint, requested by thread 0x00000179d59854b0


---------------  P R O C E S S  ---------------

Threads class SMR info:
_java_thread_list=0x00000179d569a8f0, length=16, elements={
0x000001798f56b400, 0x000001798f56c120, 0x000001798f56e430, 0x000001798f5729d0,
0x000001798f570b80, 0x000001798f571710, 0x000001798f57f500, 0x000001798f5820e0,
0x000001798f723d00, 0x000001798f725570, 0x00000179d51a1a80, 0x00000179d5888370,
0x00000179d53ba390, 0x00000179d59854b0, 0x00000179e82aa740, 0x00000179d641aa00
}

Java Threads: ( => current thread )
  0x000001798f56b400 JavaThread "Reference Handler"          daemon [_thread_blocked, id=31332, stack(0x0000005a76b00000,0x0000005a76c00000) (1024K)]
  0x000001798f56c120 JavaThread "Finalizer"                  daemon [_thread_blocked, id=11720, stack(0x0000005a76c00000,0x0000005a76d00000) (1024K)]
  0x000001798f56e430 JavaThread "Signal Dispatcher"          daemon [_thread_blocked, id=9700, stack(0x0000005a76d00000,0x0000005a76e00000) (1024K)]
  0x000001798f5729d0 JavaThread "Attach Listener"            daemon [_thread_blocked, id=13384, stack(0x0000005a76e00000,0x0000005a76f00000) (1024K)]
  0x000001798f570b80 JavaThread "Service Thread"             daemon [_thread_blocked, id=28004, stack(0x0000005a76f00000,0x0000005a77000000) (1024K)]
  0x000001798f571710 JavaThread "Monitor Deflation Thread"   daemon [_thread_blocked, id=30884, stack(0x0000005a77000000,0x0000005a77100000) (1024K)]
  0x000001798f57f500 JavaThread "C2 CompilerThread0"         daemon [_thread_blocked, id=20376, stack(0x0000005a77100000,0x0000005a77200000) (1024K)]
  0x000001798f5820e0 JavaThread "C1 CompilerThread0"         daemon [_thread_blocked, id=23368, stack(0x0000005a77200000,0x0000005a77300000) (1024K)]
  0x000001798f723d00 JavaThread "Notification Thread"        daemon [_thread_blocked, id=18352, stack(0x0000005a77400000,0x0000005a77500000) (1024K)]
  0x000001798f725570 JavaThread "Common-Cleaner"             daemon [_thread_blocked, id=15148, stack(0x0000005a77500000,0x0000005a77600000) (1024K)]
  0x00000179d51a1a80 JavaThread "Java2D Disposer"            daemon [_thread_blocked, id=20660, stack(0x0000005a77a00000,0x0000005a77b00000) (1024K)]
  0x00000179d5888370 JavaThread "AWT-Shutdown"                      [_thread_blocked, id=20980, stack(0x0000005a77b00000,0x0000005a77c00000) (1024K)]
  0x00000179d53ba390 JavaThread "AWT-Windows"                daemon [_thread_blocked, id=23484, stack(0x0000005a77c00000,0x0000005a77d00000) (1024K)]
  0x00000179d59854b0 JavaThread "AWT-EventQueue-0"                  [_thread_blocked, id=27236, stack(0x0000005a77e00000,0x0000005a77f00000) (1024K)]
  0x00000179e82aa740 JavaThread "DestroyJavaVM"                     [_thread_blocked, id=8432, stack(0x0000005a76300000,0x0000005a76400000) (1024K)]
  0x00000179d641aa00 JavaThread "C2 CompilerThread1"         daemon [_thread_blocked, id=26092, stack(0x0000005a77300000,0x0000005a77400000) (1024K)]
Total: 16

Other Threads:
=>0x00000179fd71e330 VMThread "VM Thread"                           [id=15476, stack(0x0000005a76a00000,0x0000005a76b00000) (1024K)]
  0x00000179fd70ae50 WatcherThread "VM Periodic Task Thread"        [id=6160, stack(0x0000005a76900000,0x0000005a76a00000) (1024K)]
  0x00000179e9db4ac0 WorkerThread "GC Thread#0"                     [id=25072, stack(0x0000005a76400000,0x0000005a76500000) (1024K)]
  0x00000179d5c6c7b0 WorkerThread "GC Thread#1"                     [id=1304, stack(0x0000005a77600000,0x0000005a77700000) (1024K)]
  0x00000179d5c6cf70 WorkerThread "GC Thread#2"                     [id=31688, stack(0x0000005a77700000,0x0000005a77800000) (1024K)]
  0x00000179d5c6d320 WorkerThread "GC Thread#3"                     [id=32224, stack(0x0000005a77d00000,0x0000005a77e00000) (1024K)]
  0x00000179d5c6dae0 WorkerThread "GC Thread#4"                     [id=6052, stack(0x0000005a77f00000,0x0000005a78000000) (1024K)]
  0x00000179d5c6f6b0 WorkerThread "GC Thread#5"                     [id=27968, stack(0x0000005a78000000,0x0000005a78100000) (1024K)]
  0x00000179d5c72d30 WorkerThread "GC Thread#6"                     [id=32600, stack(0x0000005a78100000,0x0000005a78200000) (1024K)]
  0x00000179d5c734f0 WorkerThread "GC Thread#7"                     [id=27676, stack(0x0000005a78200000,0x0000005a78300000) (1024K)]
  0x00000179d5c76360 WorkerThread "GC Thread#8"                     [id=28096, stack(0x0000005a78300000,0x0000005a78400000) (1024K)]
  0x00000179d5c795e0 WorkerThread "GC Thread#9"                     [id=3208, stack(0x0000005a78400000,0x0000005a78500000) (1024K)]
  0x00000179d5c7fb40 WorkerThread "GC Thread#10"                    [id=20524, stack(0x0000005a78500000,0x0000005a78600000) (1024K)]
  0x00000179d5c80300 WorkerThread "GC Thread#11"                    [id=11428, stack(0x0000005a78600000,0x0000005a78700000) (1024K)]
  0x00000179e9dbdfa0 ConcurrentGCThread "G1 Main Marker"            [id=16252, stack(0x0000005a76500000,0x0000005a76600000) (1024K)]
  0x00000179e9dbea70 WorkerThread "G1 Conc#0"                       [id=24900, stack(0x0000005a76600000,0x0000005a76700000) (1024K)]
  0x00000179fd5db900 ConcurrentGCThread "G1 Refine#0"               [id=15272, stack(0x0000005a76700000,0x0000005a76800000) (1024K)]
  0x00000179fd5dc290 ConcurrentGCThread "G1 Service"                [id=4172, stack(0x0000005a76800000,0x0000005a76900000) (1024K)]
Total: 18

Threads with active compile tasks:
Total: 0

VM state: at safepoint (normal execution)

VM Mutex/Monitor currently owned by a thread:  ([mutex/lock_event])
[0x00007ffac4f09ba0] Threads_lock - owner thread: 0x00000179fd71e330
[0x00007ffac4f09ca0] Heap_lock - owner thread: 0x00000179d59854b0

Heap address: 0x0000000604400000, size: 8124 MB, Compressed Oops mode: Zero based, Oop shift amount: 3

CDS archive(s) mapped at: [0x0000017990000000-0x0000017990cd0000-0x0000017990cd0000), size 13434880, SharedBaseAddress: 0x0000017990000000, ArchiveRelocationMode: 1.
Compressed class space mapped at: 0x0000017991000000-0x00000179d1000000, reserved size: 1073741824
Narrow klass base: 0x0000017990000000, Narrow klass shift: 0, Narrow klass range: 0x100000000

GC Precious Log:
 CardTable entry size: 512
 Card Set container configuration: InlinePtr #cards 4 size 8 Array Of Cards #cards 32 size 80 Howl #buckets 8 coarsen threshold 7372 Howl Bitmap #cards 1024 size 144 coarsen threshold 921 Card regions per heap region 1 cards per card region 8192
 CPUs: 16 total, 16 available
 Memory: 32487M
 Large Page Support: Disabled
 NUMA Support: Disabled
 Compressed Oops: Enabled (Zero based)
 Heap Region Size: 4M
 Heap Min Capacity: 8M
 Heap Initial Capacity: 508M
 Heap Max Capacity: 8124M
 Pre-touch: Disabled
 Parallel Workers: 13
 Concurrent Workers: 3
 Concurrent Refinement Workers: 13
 Periodic GC: Disabled

Heap:
 garbage-first heap   total 520192K, used 194916K [0x0000000604400000, 0x0000000800000000)
  region size 4096K, 1 young (4096K), 1 survivors (4096K)
 Metaspace       used 15325K, committed 15744K, reserved 1114112K
  class space    used 1511K, committed 1728K, reserved 1048576K

Heap Regions: E=young(eden), S=young(survivor), O=old, HS=humongous(starts), HC=humongous(continues), CS=collection set, F=free, TAMS=top-at-mark-start, PB=parsable bottom
|   0|0x0000000604400000, 0x0000000604800000, 0x0000000604800000|100%|HS|  |TAMS 0x0000000604400000| PB 0x0000000604400000| Complete 
|   1|0x0000000604800000, 0x0000000604c00000, 0x0000000604c00000|100%| O|  |TAMS 0x0000000604800000| PB 0x0000000604800000| Untracked 
|   2|0x0000000604c00000, 0x0000000605000000, 0x0000000605000000|100%| O|  |TAMS 0x0000000604c00000| PB 0x0000000604c00000| Untracked 
|   3|0x0000000605000000, 0x0000000605400000, 0x0000000605400000|100%| O|  |TAMS 0x0000000605000000| PB 0x0000000605000000| Untracked 
|   4|0x0000000605400000, 0x0000000605800000, 0x0000000605800000|100%| O|  |TAMS 0x0000000605400000| PB 0x0000000605400000| Untracked 
|   5|0x0000000605800000, 0x0000000605c00000, 0x0000000605c00000|100%| O|  |TAMS 0x0000000605800000| PB 0x0000000605800000| Untracked 
|   6|0x0000000605c00000, 0x0000000606000000, 0x0000000606000000|100%| O|  |TAMS 0x0000000605c00000| PB 0x0000000605c00000| Untracked 
|   7|0x0000000606000000, 0x0000000606400000, 0x0000000606400000|100%| O|  |TAMS 0x0000000606000000| PB 0x0000000606000000| Untracked 
|   8|0x0000000606400000, 0x0000000606800000, 0x0000000606800000|100%| O|  |TAMS 0x0000000606400000| PB 0x0000000606400000| Untracked 
|   9|0x0000000606800000, 0x0000000606c00000, 0x0000000606c00000|100%| O|  |TAMS 0x0000000606800000| PB 0x0000000606800000| Untracked 
|  10|0x0000000606c00000, 0x0000000607000000, 0x0000000607000000|100%| O|  |TAMS 0x0000000606c00000| PB 0x0000000606c00000| Untracked 
|  11|0x0000000607000000, 0x0000000607400000, 0x0000000607400000|100%| O|  |TAMS 0x0000000607000000| PB 0x0000000607000000| Untracked 
|  12|0x0000000607400000, 0x0000000607800000, 0x0000000607800000|100%| O|  |TAMS 0x0000000607400000| PB 0x0000000607400000| Untracked 
|  13|0x0000000607800000, 0x0000000607c00000, 0x0000000607c00000|100%| O|  |TAMS 0x0000000607800000| PB 0x0000000607800000| Untracked 
|  14|0x0000000607c00000, 0x0000000608000000, 0x0000000608000000|100%| O|  |TAMS 0x0000000607c00000| PB 0x0000000607c00000| Untracked 
|  15|0x0000000608000000, 0x0000000608400000, 0x0000000608400000|100%| O|  |TAMS 0x0000000608000000| PB 0x0000000608000000| Untracked 
|  16|0x0000000608400000, 0x0000000608800000, 0x0000000608800000|100%| O|  |TAMS 0x0000000608400000| PB 0x0000000608400000| Untracked 
|  17|0x0000000608800000, 0x0000000608c00000, 0x0000000608c00000|100%| O|  |TAMS 0x0000000608800000| PB 0x0000000608800000| Untracked 
|  18|0x0000000608c00000, 0x0000000609000000, 0x0000000609000000|100%| O|  |TAMS 0x0000000608c00000| PB 0x0000000608c00000| Untracked 
|  19|0x0000000609000000, 0x0000000609400000, 0x0000000609400000|100%| O|  |TAMS 0x0000000609000000| PB 0x0000000609000000| Untracked 
|  20|0x0000000609400000, 0x0000000609800000, 0x0000000609800000|100%| O|  |TAMS 0x0000000609400000| PB 0x0000000609400000| Untracked 
|  21|0x0000000609800000, 0x0000000609c00000, 0x0000000609c00000|100%| O|  |TAMS 0x0000000609800000| PB 0x0000000609800000| Untracked 
|  22|0x0000000609c00000, 0x000000060a000000, 0x000000060a000000|100%| O|  |TAMS 0x0000000609c00000| PB 0x0000000609c00000| Untracked 
|  23|0x000000060a000000, 0x000000060a400000, 0x000000060a400000|100%| O|  |TAMS 0x000000060a000000| PB 0x000000060a000000| Untracked 
|  24|0x000000060a400000, 0x000000060a800000, 0x000000060a800000|100%| O|  |TAMS 0x000000060a400000| PB 0x000000060a400000| Untracked 
|  25|0x000000060a800000, 0x000000060ac00000, 0x000000060ac00000|100%| O|  |TAMS 0x000000060a800000| PB 0x000000060a800000| Untracked 
|  26|0x000000060ac00000, 0x000000060b000000, 0x000000060b000000|100%| O|  |TAMS 0x000000060ac00000| PB 0x000000060ac00000| Untracked 
|  27|0x000000060b000000, 0x000000060b400000, 0x000000060b400000|100%| O|  |TAMS 0x000000060b000000| PB 0x000000060b000000| Untracked 
|  28|0x000000060b400000, 0x000000060b800000, 0x000000060b800000|100%| O|  |TAMS 0x000000060b400000| PB 0x000000060b400000| Untracked 
|  29|0x000000060b800000, 0x000000060bc00000, 0x000000060bc00000|100%| O|  |TAMS 0x000000060b800000| PB 0x000000060b800000| Untracked 
|  30|0x000000060bc00000, 0x000000060c000000, 0x000000060c000000|100%| O|  |TAMS 0x000000060bc00000| PB 0x000000060bc00000| Untracked 
|  31|0x000000060c000000, 0x000000060c400000, 0x000000060c400000|100%| O|  |TAMS 0x000000060c000000| PB 0x000000060c000000| Untracked 
|  32|0x000000060c400000, 0x000000060c800000, 0x000000060c800000|100%| O|  |TAMS 0x000000060c400000| PB 0x000000060c400000| Untracked 
|  33|0x000000060c800000, 0x000000060cc00000, 0x000000060cc00000|100%| O|  |TAMS 0x000000060c800000| PB 0x000000060c800000| Untracked 
|  34|0x000000060cc00000, 0x000000060d000000, 0x000000060d000000|100%| O|  |TAMS 0x000000060cc00000| PB 0x000000060cc00000| Untracked 
|  35|0x000000060d000000, 0x000000060d400000, 0x000000060d400000|100%| O|  |TAMS 0x000000060d000000| PB 0x000000060d000000| Untracked 
|  36|0x000000060d400000, 0x000000060d800000, 0x000000060d800000|100%| O|  |TAMS 0x000000060d400000| PB 0x000000060d400000| Untracked 
|  37|0x000000060d800000, 0x000000060dc00000, 0x000000060dc00000|100%| O|  |TAMS 0x000000060d800000| PB 0x000000060d800000| Untracked 
|  38|0x000000060dc00000, 0x000000060e000000, 0x000000060e000000|100%|HS|  |TAMS 0x000000060dc00000| PB 0x000000060dc00000| Complete 
|  39|0x000000060e000000, 0x000000060e400000, 0x000000060e400000|100%| O|  |TAMS 0x000000060e000000| PB 0x000000060e000000| Untracked 
|  40|0x000000060e400000, 0x000000060e800000, 0x000000060e800000|100%| O|  |TAMS 0x000000060e400000| PB 0x000000060e400000| Untracked 
|  41|0x000000060e800000, 0x000000060ec00000, 0x000000060ec00000|100%| O|  |TAMS 0x000000060e800000| PB 0x000000060e800000| Untracked 
|  42|0x000000060ec00000, 0x000000060f000000, 0x000000060f000000|100%| O|  |TAMS 0x000000060ec00000| PB 0x000000060ec00000| Untracked 
|  43|0x000000060f000000, 0x000000060f400000, 0x000000060f400000|100%| O|  |TAMS 0x000000060f000000| PB 0x000000060f000000| Untracked 
|  44|0x000000060f400000, 0x000000060f800000, 0x000000060f800000|100%| O|  |TAMS 0x000000060f400000| PB 0x000000060f400000| Untracked 
|  45|0x000000060f800000, 0x000000060fc00000, 0x000000060fc00000|100%| O|  |TAMS 0x000000060f800000| PB 0x000000060f800000| Untracked 
|  46|0x000000060fc00000, 0x0000000610000000, 0x0000000610000000|100%| O|  |TAMS 0x000000060fc00000| PB 0x000000060fc00000| Untracked 
|  47|0x0000000610000000, 0x0000000610258020, 0x0000000610400000| 58%| O|  |TAMS 0x0000000610000000| PB 0x0000000610000000| Untracked 
|  48|0x0000000610400000, 0x0000000610400000, 0x0000000610800000|  0%| F|  |TAMS 0x0000000610400000| PB 0x0000000610400000| Untracked 
|  49|0x0000000610800000, 0x0000000610800000, 0x0000000610c00000|  0%| F|  |TAMS 0x0000000610800000| PB 0x0000000610800000| Untracked 
|  50|0x0000000610c00000, 0x0000000610c00000, 0x0000000611000000|  0%| F|  |TAMS 0x0000000610c00000| PB 0x0000000610c00000| Untracked 
|  51|0x0000000611000000, 0x0000000611000000, 0x0000000611400000|  0%| F|  |TAMS 0x0000000611000000| PB 0x0000000611000000| Untracked 
|  52|0x0000000611400000, 0x0000000611400000, 0x0000000611800000|  0%| F|  |TAMS 0x0000000611400000| PB 0x0000000611400000| Untracked 
|  53|0x0000000611800000, 0x0000000611800000, 0x0000000611c00000|  0%| F|  |TAMS 0x0000000611800000| PB 0x0000000611800000| Untracked 
|  54|0x0000000611c00000, 0x0000000611c00000, 0x0000000612000000|  0%| F|  |TAMS 0x0000000611c00000| PB 0x0000000611c00000| Untracked 
|  55|0x0000000612000000, 0x0000000612000000, 0x0000000612400000|  0%| F|  |TAMS 0x0000000612000000| PB 0x0000000612000000| Untracked 
|  56|0x0000000612400000, 0x0000000612400000, 0x0000000612800000|  0%| F|  |TAMS 0x0000000612400000| PB 0x0000000612400000| Untracked 
|  57|0x0000000612800000, 0x0000000612800000, 0x0000000612c00000|  0%| F|  |TAMS 0x0000000612800000| PB 0x0000000612800000| Untracked 
|  58|0x0000000612c00000, 0x0000000612c00000, 0x0000000613000000|  0%| F|  |TAMS 0x0000000612c00000| PB 0x0000000612c00000| Untracked 
|  59|0x0000000613000000, 0x0000000613000000, 0x0000000613400000|  0%| F|  |TAMS 0x0000000613000000| PB 0x0000000613000000| Untracked 
|  60|0x0000000613400000, 0x0000000613400000, 0x0000000613800000|  0%| F|  |TAMS 0x0000000613400000| PB 0x0000000613400000| Untracked 
|  61|0x0000000613800000, 0x0000000613800000, 0x0000000613c00000|  0%| F|  |TAMS 0x0000000613800000| PB 0x0000000613800000| Untracked 
|  62|0x0000000613c00000, 0x0000000613c00000, 0x0000000614000000|  0%| F|  |TAMS 0x0000000613c00000| PB 0x0000000613c00000| Untracked 
|  63|0x0000000614000000, 0x0000000614001070, 0x0000000614400000|  0%| S|CS|TAMS 0x0000000614000000| PB 0x0000000614000000| Complete 
|  64|0x0000000614400000, 0x0000000614400000, 0x0000000614800000|  0%| F|  |TAMS 0x0000000614400000| PB 0x0000000614400000| Untracked 
|  65|0x0000000614800000, 0x0000000614800000, 0x0000000614c00000|  0%| F|  |TAMS 0x0000000614800000| PB 0x0000000614800000| Untracked 
|  66|0x0000000614c00000, 0x0000000614c00000, 0x0000000615000000|  0%| F|  |TAMS 0x0000000614c00000| PB 0x0000000614c00000| Untracked 
|  67|0x0000000615000000, 0x0000000615000000, 0x0000000615400000|  0%| F|  |TAMS 0x0000000615000000| PB 0x0000000615000000| Untracked 
|  68|0x0000000615400000, 0x0000000615400000, 0x0000000615800000|  0%| F|  |TAMS 0x0000000615400000| PB 0x0000000615400000| Untracked 
|  69|0x0000000615800000, 0x0000000615800000, 0x0000000615c00000|  0%| F|  |TAMS 0x0000000615800000| PB 0x0000000615800000| Untracked 
|  70|0x0000000615c00000, 0x0000000615c00000, 0x0000000616000000|  0%| F|  |TAMS 0x0000000615c00000| PB 0x0000000615c00000| Untracked 
|  71|0x0000000616000000, 0x0000000616000000, 0x0000000616400000|  0%| F|  |TAMS 0x0000000616000000| PB 0x0000000616000000| Untracked 
|  72|0x0000000616400000, 0x0000000616400000, 0x0000000616800000|  0%| F|  |TAMS 0x0000000616400000| PB 0x0000000616400000| Untracked 
|  73|0x0000000616800000, 0x0000000616800000, 0x0000000616c00000|  0%| F|  |TAMS 0x0000000616800000| PB 0x0000000616800000| Untracked 
|  74|0x0000000616c00000, 0x0000000616c00000, 0x0000000617000000|  0%| F|  |TAMS 0x0000000616c00000| PB 0x0000000616c00000| Untracked 
|  75|0x0000000617000000, 0x0000000617000000, 0x0000000617400000|  0%| F|  |TAMS 0x0000000617000000| PB 0x0000000617000000| Untracked 
|  76|0x0000000617400000, 0x0000000617400000, 0x0000000617800000|  0%| F|  |TAMS 0x0000000617400000| PB 0x0000000617400000| Untracked 
|  77|0x0000000617800000, 0x0000000617800000, 0x0000000617c00000|  0%| F|  |TAMS 0x0000000617800000| PB 0x0000000617800000| Untracked 
|  78|0x0000000617c00000, 0x0000000617c00000, 0x0000000618000000|  0%| F|  |TAMS 0x0000000617c00000| PB 0x0000000617c00000| Untracked 
|  79|0x0000000618000000, 0x0000000618000000, 0x0000000618400000|  0%| F|  |TAMS 0x0000000618000000| PB 0x0000000618000000| Untracked 
|  80|0x0000000618400000, 0x0000000618400000, 0x0000000618800000|  0%| F|  |TAMS 0x0000000618400000| PB 0x0000000618400000| Untracked 
|  81|0x0000000618800000, 0x0000000618800000, 0x0000000618c00000|  0%| F|  |TAMS 0x0000000618800000| PB 0x0000000618800000| Untracked 
|  82|0x0000000618c00000, 0x0000000618c00000, 0x0000000619000000|  0%| F|  |TAMS 0x0000000618c00000| PB 0x0000000618c00000| Untracked 
|  83|0x0000000619000000, 0x0000000619000000, 0x0000000619400000|  0%| F|  |TAMS 0x0000000619000000| PB 0x0000000619000000| Untracked 
|  84|0x0000000619400000, 0x0000000619400000, 0x0000000619800000|  0%| F|  |TAMS 0x0000000619400000| PB 0x0000000619400000| Untracked 
|  85|0x0000000619800000, 0x0000000619800000, 0x0000000619c00000|  0%| F|  |TAMS 0x0000000619800000| PB 0x0000000619800000| Untracked 
|  86|0x0000000619c00000, 0x0000000619c00000, 0x000000061a000000|  0%| F|  |TAMS 0x0000000619c00000| PB 0x0000000619c00000| Untracked 
|  87|0x000000061a000000, 0x000000061a000000, 0x000000061a400000|  0%| F|  |TAMS 0x000000061a000000| PB 0x000000061a000000| Untracked 
|  88|0x000000061a400000, 0x000000061a400000, 0x000000061a800000|  0%| F|  |TAMS 0x000000061a400000| PB 0x000000061a400000| Untracked 
|  89|0x000000061a800000, 0x000000061a800000, 0x000000061ac00000|  0%| F|  |TAMS 0x000000061a800000| PB 0x000000061a800000| Untracked 
|  90|0x000000061ac00000, 0x000000061ac00000, 0x000000061b000000|  0%| F|  |TAMS 0x000000061ac00000| PB 0x000000061ac00000| Untracked 
|  91|0x000000061b000000, 0x000000061b000000, 0x000000061b400000|  0%| F|  |TAMS 0x000000061b000000| PB 0x000000061b000000| Untracked 
|  92|0x000000061b400000, 0x000000061b400000, 0x000000061b800000|  0%| F|  |TAMS 0x000000061b400000| PB 0x000000061b400000| Untracked 
|  93|0x000000061b800000, 0x000000061b800000, 0x000000061bc00000|  0%| F|  |TAMS 0x000000061b800000| PB 0x000000061b800000| Untracked 
|  94|0x000000061bc00000, 0x000000061bc00000, 0x000000061c000000|  0%| F|  |TAMS 0x000000061bc00000| PB 0x000000061bc00000| Untracked 
|  95|0x000000061c000000, 0x000000061c000000, 0x000000061c400000|  0%| F|  |TAMS 0x000000061c000000| PB 0x000000061c000000| Untracked 
|  96|0x000000061c400000, 0x000000061c400000, 0x000000061c800000|  0%| F|  |TAMS 0x000000061c400000| PB 0x000000061c400000| Untracked 
|  97|0x000000061c800000, 0x000000061c800000, 0x000000061cc00000|  0%| F|  |TAMS 0x000000061c800000| PB 0x000000061c800000| Untracked 
|  98|0x000000061cc00000, 0x000000061cc00000, 0x000000061d000000|  0%| F|  |TAMS 0x000000061cc00000| PB 0x000000061cc00000| Untracked 
|  99|0x000000061d000000, 0x000000061d000000, 0x000000061d400000|  0%| F|  |TAMS 0x000000061d000000| PB 0x000000061d000000| Untracked 
| 100|0x000000061d400000, 0x000000061d400000, 0x000000061d800000|  0%| F|  |TAMS 0x000000061d400000| PB 0x000000061d400000| Untracked 
| 101|0x000000061d800000, 0x000000061d800000, 0x000000061dc00000|  0%| F|  |TAMS 0x000000061d800000| PB 0x000000061d800000| Untracked 
| 102|0x000000061dc00000, 0x000000061dc00000, 0x000000061e000000|  0%| F|  |TAMS 0x000000061dc00000| PB 0x000000061dc00000| Untracked 
| 103|0x000000061e000000, 0x000000061e000000, 0x000000061e400000|  0%| F|  |TAMS 0x000000061e000000| PB 0x000000061e000000| Untracked 
| 104|0x000000061e400000, 0x000000061e400000, 0x000000061e800000|  0%| F|  |TAMS 0x000000061e400000| PB 0x000000061e400000| Untracked 
| 105|0x000000061e800000, 0x000000061e800000, 0x000000061ec00000|  0%| F|  |TAMS 0x000000061e800000| PB 0x000000061e800000| Untracked 
| 106|0x000000061ec00000, 0x000000061ec00000, 0x000000061f000000|  0%| F|  |TAMS 0x000000061ec00000| PB 0x000000061ec00000| Untracked 
| 107|0x000000061f000000, 0x000000061f000000, 0x000000061f400000|  0%| F|  |TAMS 0x000000061f000000| PB 0x000000061f000000| Untracked 
| 108|0x000000061f400000, 0x000000061f400000, 0x000000061f800000|  0%| F|  |TAMS 0x000000061f400000| PB 0x000000061f400000| Untracked 
| 109|0x000000061f800000, 0x000000061f800000, 0x000000061fc00000|  0%| F|  |TAMS 0x000000061f800000| PB 0x000000061f800000| Untracked 
| 110|0x000000061fc00000, 0x000000061fc00000, 0x0000000620000000|  0%| F|  |TAMS 0x000000061fc00000| PB 0x000000061fc00000| Untracked 
| 111|0x0000000620000000, 0x0000000620000000, 0x0000000620400000|  0%| F|  |TAMS 0x0000000620000000| PB 0x0000000620000000| Untracked 
| 112|0x0000000620400000, 0x0000000620400000, 0x0000000620800000|  0%| F|  |TAMS 0x0000000620400000| PB 0x0000000620400000| Untracked 
| 113|0x0000000620800000, 0x0000000620800000, 0x0000000620c00000|  0%| F|  |TAMS 0x0000000620800000| PB 0x0000000620800000| Untracked 
| 114|0x0000000620c00000, 0x0000000620c00000, 0x0000000621000000|  0%| F|  |TAMS 0x0000000620c00000| PB 0x0000000620c00000| Untracked 
| 115|0x0000000621000000, 0x0000000621000000, 0x0000000621400000|  0%| F|  |TAMS 0x0000000621000000| PB 0x0000000621000000| Untracked 
| 116|0x0000000621400000, 0x0000000621400000, 0x0000000621800000|  0%| F|  |TAMS 0x0000000621400000| PB 0x0000000621400000| Untracked 
| 117|0x0000000621800000, 0x0000000621800000, 0x0000000621c00000|  0%| F|  |TAMS 0x0000000621800000| PB 0x0000000621800000| Untracked 
| 118|0x0000000621c00000, 0x0000000621c00000, 0x0000000622000000|  0%| F|  |TAMS 0x0000000621c00000| PB 0x0000000621c00000| Untracked 
| 119|0x0000000622000000, 0x0000000622000000, 0x0000000622400000|  0%| F|  |TAMS 0x0000000622000000| PB 0x0000000622000000| Untracked 
| 120|0x0000000622400000, 0x0000000622400000, 0x0000000622800000|  0%| F|  |TAMS 0x0000000622400000| PB 0x0000000622400000| Untracked 
| 121|0x0000000622800000, 0x0000000622800000, 0x0000000622c00000|  0%| F|  |TAMS 0x0000000622800000| PB 0x0000000622800000| Untracked 
| 122|0x0000000622c00000, 0x0000000622c00000, 0x0000000623000000|  0%| F|  |TAMS 0x0000000622c00000| PB 0x0000000622c00000| Untracked 
| 123|0x0000000623000000, 0x0000000623000000, 0x0000000623400000|  0%| F|  |TAMS 0x0000000623000000| PB 0x0000000623000000| Untracked 
| 124|0x0000000623400000, 0x0000000623400000, 0x0000000623800000|  0%| F|  |TAMS 0x0000000623400000| PB 0x0000000623400000| Untracked 
| 125|0x0000000623800000, 0x0000000623800000, 0x0000000623c00000|  0%| F|  |TAMS 0x0000000623800000| PB 0x0000000623800000| Untracked 
| 126|0x0000000623c00000, 0x0000000623c00000, 0x0000000624000000|  0%| F|  |TAMS 0x0000000623c00000| PB 0x0000000623c00000| Untracked 

Card table byte_map: [0x00000179f4580000,0x00000179f5560000] _byte_map_base: 0x00000179f155e000

Marking Bits: (CMBitMap*) 0x00000179e9db4fe0
 Bits: [0x00000179f5560000, 0x00000179fd450000)

Polling page: 0x00000179e8470000

Metaspace:

Usage:
  Non-class:     13.49 MB used.
      Class:      1.48 MB used.
       Both:     14.97 MB used.

Virtual space:
  Non-class space:       64.00 MB reserved,      13.69 MB ( 21%) committed,  1 nodes.
      Class space:        1.00 GB reserved,       1.69 MB ( <1%) committed,  1 nodes.
             Both:        1.06 GB reserved,      15.38 MB (  1%) committed. 

Chunk freelists:
   Non-Class:  2.09 MB
       Class:  14.19 MB
        Both:  16.28 MB

MaxMetaspaceSize: unlimited
CompressedClassSpaceSize: 1.00 GB
Initial GC threshold: 21.00 MB
Current GC threshold: 21.00 MB
CDS: on
 - commit_granule_bytes: 65536.
 - commit_granule_words: 8192.
 - virtual_space_node_default_size: 8388608.
 - enlarge_chunks_in_place: 1.
 - use_allocation_guard: 0.


Internal statistics:

num_allocs_failed_limit: 0.
num_arena_births: 354.
num_arena_deaths: 0.
num_vsnodes_births: 2.
num_vsnodes_deaths: 0.
num_space_committed: 246.
num_space_uncommitted: 0.
num_chunks_returned_to_freelist: 0.
num_chunks_taken_from_freelist: 616.
num_chunk_merges: 0.
num_chunk_splits: 360.
num_chunks_enlarged: 166.
num_inconsistent_stats: 0.

CodeHeap 'non-profiled nmethods': size=119168Kb used=1497Kb max_used=1497Kb free=117670Kb
 bounds [0x0000017987ba0000, 0x0000017987e10000, 0x000001798f000000]
CodeHeap 'profiled nmethods': size=119104Kb used=5510Kb max_used=5510Kb free=113593Kb
 bounds [0x0000017980000000, 0x0000017980570000, 0x0000017987450000]
CodeHeap 'non-nmethods': size=7488Kb used=1919Kb max_used=3672Kb free=5568Kb
 bounds [0x0000017987450000, 0x0000017987800000, 0x0000017987ba0000]
 total_blobs=3514 nmethods=2772 adapters=646
 compilation: enabled
              stopped_count=0, restarted_count=0
 full_count=0

Compilation events (20 events):
Event: 20.073 Thread 0x000001798f5820e0 nmethod 2761 0x000001798055c010 code [0x000001798055c380, 0x000001798055d5c8]
Event: 20.074 Thread 0x00000179d641aa00 2764       4       java.lang.invoke.Invokers$Holder::linkToTargetMethod (9 bytes)
Event: 20.075 Thread 0x00000179d641aa00 nmethod 2764 0x0000017987d12010 code [0x0000017987d121a0, 0x0000017987d12298]
Event: 20.075 Thread 0x00000179d641aa00 2765       4       java.lang.invoke.DirectMethodHandle$Holder::invokeStatic (15 bytes)
Event: 20.076 Thread 0x00000179d641aa00 nmethod 2765 0x0000017987d12390 code [0x0000017987d12520, 0x0000017987d12610]
Event: 20.078 Thread 0x00000179d641aa00 2766       4       java.lang.invoke.LambdaForm$MH/0x000001799108a800::invoke (25 bytes)
Event: 20.079 Thread 0x000001798f5820e0 2769 %     3       Encounter::BattleEngage @ 25 (49 bytes)
Event: 20.082 Thread 0x00000179d641aa00 nmethod 2766 0x0000017987d12710 code [0x0000017987d128c0, 0x0000017987d129f0]
Event: 20.082 Thread 0x00000179d641aa00 2767       4       kotlin.jvm.internal.Intrinsics::checkNotNullParameter (9 bytes)
Event: 20.082 Thread 0x00000179d641aa00 nmethod 2767 0x0000017987d12b10 code [0x0000017987d12ca0, 0x0000017987d12d28]
Event: 20.082 Thread 0x00000179d641aa00 2768       4       io.github.ericjbyrd.partnershipproject.Monster::attack (16 bytes)
Event: 20.083 Thread 0x000001798f5820e0 nmethod 2769% 0x000001798055dc90 code [0x000001798055e260, 0x0000017980560bc8]
Event: 20.084 Thread 0x000001798f57f500 nmethod 2763 0x0000017987d12e10 code [0x0000017987d13000, 0x0000017987d13670]
Event: 20.084 Thread 0x000001798f57f500 2770       4       java.lang.StringConcatHelper::stringOf (20 bytes)
Event: 20.085 Thread 0x000001798f57f500 nmethod 2770 0x0000017987d13b90 code [0x0000017987d13d20, 0x0000017987d13de0]
Event: 20.086 Thread 0x000001798f57f500 2771 %     4       Encounter::BattleEngage @ 25 (49 bytes)
Event: 20.088 Thread 0x00000179d641aa00 nmethod 2768 0x0000017987d13e90 code [0x0000017987d14060, 0x0000017987d14528]
Event: 20.090 Thread 0x000001798f57f500 nmethod 2771% 0x0000017987d14990 code [0x0000017987d14b60, 0x0000017987d150f8]
Event: 20.090 Thread 0x000001798f57f500 2772       4       Encounter::BattleEngage (49 bytes)
Event: 20.094 Thread 0x000001798f57f500 nmethod 2772 0x0000017987d15610 code [0x0000017987d15820, 0x0000017987d15e48]

GC Heap History (15 events):
Event: 1.426 GC heap before
{Heap before GC invocations=0 (full 0):
 garbage-first heap   total 520192K, used 24576K [0x0000000604400000, 0x0000000800000000)
  region size 4096K, 6 young (24576K), 0 survivors (0K)
 Metaspace       used 13871K, committed 14144K, reserved 1114112K
  class space    used 1412K, committed 1536K, reserved 1048576K
}
Event: 1.434 GC heap after
{Heap after GC invocations=1 (full 0):
 garbage-first heap   total 520192K, used 11106K [0x0000000604400000, 0x0000000800000000)
  region size 4096K, 1 young (4096K), 1 survivors (4096K)
 Metaspace       used 13871K, committed 14144K, reserved 1114112K
  class space    used 1412K, committed 1536K, reserved 1048576K
}
Event: 2.997 GC heap before
{Heap before GC invocations=1 (full 0):
 garbage-first heap   total 520192K, used 27490K [0x0000000604400000, 0x0000000800000000)
  region size 4096K, 6 young (24576K), 1 survivors (4096K)
 Metaspace       used 14302K, committed 14592K, reserved 1114112K
  class space    used 1449K, committed 1600K, reserved 1048576K
}
Event: 3.002 GC heap after
{Heap after GC invocations=2 (full 0):
 garbage-first heap   total 520192K, used 36368K [0x0000000604400000, 0x0000000800000000)
  region size 4096K, 1 young (4096K), 1 survivors (4096K)
 Metaspace       used 14302K, committed 14592K, reserved 1114112K
  class space    used 1449K, committed 1600K, reserved 1048576K
}
Event: 3.242 GC heap before
{Heap before GC invocations=2 (full 0):
 garbage-first heap   total 520192K, used 73232K [0x0000000604400000, 0x0000000800000000)
  region size 4096K, 11 young (45056K), 1 survivors (4096K)
 Metaspace       used 14330K, committed 14656K, reserved 1114112K
  class space    used 1449K, committed 1600K, reserved 1048576K
}
Event: 3.248 GC heap after
{Heap after GC invocations=3 (full 0):
 garbage-first heap   total 520192K, used 76128K [0x0000000604400000, 0x0000000800000000)
  region size 4096K, 2 young (8192K), 2 survivors (8192K)
 Metaspace       used 14330K, committed 14656K, reserved 1114112K
  class space    used 1449K, committed 1600K, reserved 1048576K
}
Event: 3.461 GC heap before
{Heap before GC invocations=3 (full 0):
 garbage-first heap   total 520192K, used 117088K [0x0000000604400000, 0x0000000800000000)
  region size 4096K, 13 young (53248K), 2 survivors (8192K)
 Metaspace       used 14363K, committed 14656K, reserved 1114112K
  class space    used 1449K, committed 1600K, reserved 1048576K
}
Event: 3.469 GC heap after
{Heap after GC invocations=4 (full 0):
 garbage-first heap   total 520192K, used 114192K [0x0000000604400000, 0x0000000800000000)
  region size 4096K, 2 young (8192K), 2 survivors (8192K)
 Metaspace       used 14363K, committed 14656K, reserved 1114112K
  class space    used 1449K, committed 1600K, reserved 1048576K
}
Event: 3.691 GC heap before
{Heap before GC invocations=4 (full 0):
 garbage-first heap   total 520192K, used 167440K [0x0000000604400000, 0x0000000800000000)
  region size 4096K, 16 young (65536K), 2 survivors (8192K)
 Metaspace       used 14394K, committed 14720K, reserved 1114112K
  class space    used 1449K, committed 1600K, reserved 1048576K
}
Event: 3.700 GC heap after
{Heap after GC invocations=5 (full 0):
 garbage-first heap   total 520192K, used 162144K [0x0000000604400000, 0x0000000800000000)
  region size 4096K, 2 young (8192K), 2 survivors (8192K)
 Metaspace       used 14394K, committed 14720K, reserved 1114112K
  class space    used 1449K, committed 1600K, reserved 1048576K
}
Event: 20.095 GC heap before
{Heap before GC invocations=5 (full 0):
 garbage-first heap   total 520192K, used 235872K [0x0000000604400000, 0x0000000800000000)
  region size 4096K, 20 young (81920K), 2 survivors (8192K)
 Metaspace       used 15325K, committed 15744K, reserved 1114112K
  class space    used 1511K, committed 1728K, reserved 1048576K
}
Event: 20.101 GC heap after
{Heap after GC invocations=6 (full 0):
 garbage-first heap   total 520192K, used 180280K [0x0000000604400000, 0x0000000800000000)
  region size 4096K, 3 young (12288K), 3 survivors (12288K)
 Metaspace       used 15325K, committed 15744K, reserved 1114112K
  class space    used 1511K, committed 1728K, reserved 1048576K
}
Event: 20.124 GC heap before
{Heap before GC invocations=6 (full 0):
 garbage-first heap   total 520192K, used 286776K [0x0000000604400000, 0x0000000800000000)
  region size 4096K, 29 young (118784K), 3 survivors (12288K)
 Metaspace       used 15325K, committed 15744K, reserved 1114112K
  class space    used 1511K, committed 1728K, reserved 1048576K
}
Event: 20.130 GC heap after
{Heap after GC invocations=7 (full 0):
 garbage-first heap   total 520192K, used 194928K [0x0000000604400000, 0x0000000800000000)
  region size 4096K, 1 young (4096K), 1 survivors (4096K)
 Metaspace       used 15325K, committed 15744K, reserved 1114112K
  class space    used 1511K, committed 1728K, reserved 1048576K
}
Event: 20.209 GC heap before
{Heap before GC invocations=7 (full 0):
 garbage-first heap   total 520192K, used 448880K [0x0000000604400000, 0x0000000800000000)
  region size 4096K, 63 young (258048K), 1 survivors (4096K)
 Metaspace       used 15325K, committed 15744K, reserved 1114112K
  class space    used 1511K, committed 1728K, reserved 1048576K
}

Dll operation events (11 events):
Event: 0.012 Loaded shared library C:\Users\ebyrd\.gradle\jdks\azul_systems__inc_-21-amd64-windows\zulu21.38.21-ca-jdk21.0.5-win_x64\bin\java.dll
Event: 0.048 Loaded shared library C:\Users\ebyrd\.gradle\jdks\azul_systems__inc_-21-amd64-windows\zulu21.38.21-ca-jdk21.0.5-win_x64\bin\jsvml.dll
Event: 0.090 Loaded shared library C:\Users\ebyrd\.gradle\jdks\azul_systems__inc_-21-amd64-windows\zulu21.38.21-ca-jdk21.0.5-win_x64\bin\net.dll
Event: 0.095 Loaded shared library C:\Users\ebyrd\.gradle\jdks\azul_systems__inc_-21-amd64-windows\zulu21.38.21-ca-jdk21.0.5-win_x64\bin\nio.dll
Event: 0.103 Loaded shared library C:\Users\ebyrd\.gradle\jdks\azul_systems__inc_-21-amd64-windows\zulu21.38.21-ca-jdk21.0.5-win_x64\bin\zip.dll
Event: 0.129 Loaded shared library C:\Users\ebyrd\.gradle\jdks\azul_systems__inc_-21-amd64-windows\zulu21.38.21-ca-jdk21.0.5-win_x64\bin\jimage.dll
Event: 0.158 Loaded shared library C:\Users\ebyrd\.gradle\jdks\azul_systems__inc_-21-amd64-windows\zulu21.38.21-ca-jdk21.0.5-win_x64\bin\awt.dll
Event: 0.376 Loaded shared library C:\Users\ebyrd\.gradle\jdks\azul_systems__inc_-21-amd64-windows\zulu21.38.21-ca-jdk21.0.5-win_x64\bin\javajpeg.dll
Event: 0.876 Loaded shared library C:\Users\ebyrd\.gradle\jdks\azul_systems__inc_-21-amd64-windows\zulu21.38.21-ca-jdk21.0.5-win_x64\bin\freetype.dll
Event: 0.878 Loaded shared library C:\Users\ebyrd\.gradle\jdks\azul_systems__inc_-21-amd64-windows\zulu21.38.21-ca-jdk21.0.5-win_x64\bin\fontmanager.dll
Event: 0.987 Loaded shared library C:\Users\ebyrd\AppData\Local\Temp\flatlaf.temp\flatlaf-windows-x86_64-1772884446960000.dll

Deoptimization events (20 events):
Event: 5.963 Thread 0x00000179d59854b0 Uncommon trap: trap_request=0xffffff6e fr.pc=0x0000017987cf3504 relative=0x0000000000002e24
Event: 5.963 Thread 0x00000179d59854b0 Uncommon trap: reason=loop_limit_check action=maybe_recompile pc=0x0000017987cf3504 method=sun.java2d.marlin.Renderer._endRendering(II)V @ 1137 c2
Event: 5.963 Thread 0x00000179d59854b0 DEOPT PACKING pc=0x0000017987cf3504 sp=0x0000005a77efce60
Event: 5.963 Thread 0x00000179d59854b0 DEOPT UNPACKING pc=0x00000179874a7da2 sp=0x0000005a77efcc80 mode 2
Event: 5.963 Thread 0x00000179d59854b0 Uncommon trap: trap_request=0xffffff6e fr.pc=0x0000017987cea714 relative=0x0000000000004234
Event: 5.963 Thread 0x00000179d59854b0 Uncommon trap: reason=loop_limit_check action=maybe_recompile pc=0x0000017987cea714 method=sun.java2d.marlin.Renderer._endRendering(II)V @ 1137 c2
Event: 5.963 Thread 0x00000179d59854b0 DEOPT PACKING pc=0x0000017987cea714 sp=0x0000005a77efcd90
Event: 5.963 Thread 0x00000179d59854b0 DEOPT UNPACKING pc=0x00000179874a7da2 sp=0x0000005a77efcc80 mode 2
Event: 6.444 Thread 0x00000179d59854b0 DEOPT PACKING pc=0x000001798049af7d sp=0x0000005a77efd010
Event: 6.444 Thread 0x00000179d59854b0 DEOPT UNPACKING pc=0x00000179874a88e2 sp=0x0000005a77efc450 mode 0
Event: 9.750 Thread 0x00000179d5d7fd10 Uncommon trap: trap_request=0xffffff45 fr.pc=0x0000017987cd4c9c relative=0x0000000000000c9c
Event: 9.750 Thread 0x00000179d5d7fd10 Uncommon trap: reason=unstable_if action=reinterpret pc=0x0000017987cd4c9c method=sun.awt.image.ImageFetcher.nextImage()Lsun/awt/image/ImageFetchable; @ 44 c2
Event: 9.750 Thread 0x00000179d5d7fd10 DEOPT PACKING pc=0x0000017987cd4c9c sp=0x0000005a779ff2d0
Event: 9.750 Thread 0x00000179d5d7fd10 DEOPT UNPACKING pc=0x00000179874a7da2 sp=0x0000005a779ff278 mode 2
Event: 9.750 Thread 0x00000179d5f7df00 Uncommon trap: trap_request=0xffffff45 fr.pc=0x0000017987cd4c9c relative=0x0000000000000c9c
Event: 9.750 Thread 0x00000179d5f7df00 Uncommon trap: reason=unstable_if action=reinterpret pc=0x0000017987cd4c9c method=sun.awt.image.ImageFetcher.nextImage()Lsun/awt/image/ImageFetchable; @ 44 c2
Event: 9.750 Thread 0x00000179d5f7df00 DEOPT PACKING pc=0x0000017987cd4c9c sp=0x0000005a789ff5a0
Event: 9.750 Thread 0x00000179d5f7df00 DEOPT UNPACKING pc=0x00000179874a7da2 sp=0x0000005a789ff548 mode 2
Event: 20.090 Thread 0x00000179d59854b0 DEOPT PACKING pc=0x00000179805609ac sp=0x0000005a77efe3c0
Event: 20.090 Thread 0x00000179d59854b0 DEOPT UNPACKING pc=0x00000179874a88e2 sp=0x0000005a77efd9d8 mode 0

Classes loaded (20 events):
Event: 3.946 Loading class sun/awt/image/BytePackedRaster
Event: 3.947 Loading class sun/awt/image/BytePackedRaster done
Event: 4.809 Loading class java/awt/LightweightDispatcher$2
Event: 4.809 Loading class java/awt/LightweightDispatcher$2 done
Event: 4.816 Loading class java/awt/ColorPaintContext
Event: 4.816 Loading class java/awt/PaintContext
Event: 4.816 Loading class java/awt/PaintContext done
Event: 4.816 Loading class java/awt/ColorPaintContext done
Event: 4.817 Loading class sun/java2d/pipe/AlphaPaintPipe$TileContext
Event: 4.817 Loading class sun/java2d/pipe/AlphaPaintPipe$TileContext done
Event: 4.818 Loading class com/sun/java/swing/SwingUtilities3$UnscaledBorderPainter
Event: 4.818 Loading class com/sun/java/swing/SwingUtilities3$UnscaledBorderPainter done
Event: 8.281 Loading class javax/swing/ClientPropertyKey
Event: 8.281 Loading class javax/swing/ClientPropertyKey done
Event: 8.281 Loading class javax/swing/ClientPropertyKey$1
Event: 8.281 Loading class sun/awt/AWTAccessor$ClientPropertyKeyAccessor
Event: 8.281 Loading class sun/awt/AWTAccessor$ClientPropertyKeyAccessor done
Event: 8.281 Loading class javax/swing/ClientPropertyKey$1 done
Event: 20.060 Loading class jdk/internal/module/ModulePatcher$PatchedModuleReader
Event: 20.067 Loading class jdk/internal/module/ModulePatcher$PatchedModuleReader done

Classes unloaded (0 events):
No events

Classes redefined (0 events):
No events

Internal exceptions (20 events):
Event: 4.734 Thread 0x00000179d5f7df00 Exception <a 'java/io/FileNotFoundException'{0x0000000621b7cf48}> (0x0000000621b7cf48) 
thrown [s\src\hotspot\share\prims\jni.cpp, line 520]
Event: 4.734 Thread 0x00000179d5d7fd10 Exception <a 'java/io/FileNotFoundException'{0x0000000621bd3538}> (0x0000000621bd3538) 
thrown [s\src\hotspot\share\prims\jni.cpp, line 520]
Event: 4.734 Thread 0x00000179d5f7df00 Exception <a 'java/io/FileNotFoundException'{0x0000000621b7d550}> (0x0000000621b7d550) 
thrown [s\src\hotspot\share\prims\jni.cpp, line 520]
Event: 4.734 Thread 0x00000179d5d7fd10 Exception <a 'java/io/FileNotFoundException'{0x0000000621bd3b40}> (0x0000000621bd3b40) 
thrown [s\src\hotspot\share\prims\jni.cpp, line 520]
Event: 4.734 Thread 0x00000179d5f7df00 Exception <a 'java/io/FileNotFoundException'{0x0000000621b7db58}> (0x0000000621b7db58) 
thrown [s\src\hotspot\share\prims\jni.cpp, line 520]
Event: 4.734 Thread 0x00000179d5d7fd10 Exception <a 'java/io/FileNotFoundException'{0x0000000621bd4148}> (0x0000000621bd4148) 
thrown [s\src\hotspot\share\prims\jni.cpp, line 520]
Event: 4.734 Thread 0x00000179d5f7df00 Exception <a 'java/io/FileNotFoundException'{0x0000000621b7e160}> (0x0000000621b7e160) 
thrown [s\src\hotspot\share\prims\jni.cpp, line 520]
Event: 4.734 Thread 0x00000179d5d7fd10 Exception <a 'java/io/FileNotFoundException'{0x0000000621bd4750}> (0x0000000621bd4750) 
thrown [s\src\hotspot\share\prims\jni.cpp, line 520]
Event: 4.735 Thread 0x00000179d5f7df00 Exception <a 'java/io/FileNotFoundException'{0x0000000621b7e768}> (0x0000000621b7e768) 
thrown [s\src\hotspot\share\prims\jni.cpp, line 520]
Event: 4.735 Thread 0x00000179d5d7fd10 Exception <a 'java/io/FileNotFoundException'{0x0000000621bd4d58}> (0x0000000621bd4d58) 
thrown [s\src\hotspot\share\prims\jni.cpp, line 520]
Event: 4.735 Thread 0x00000179d5f7df00 Exception <a 'java/io/FileNotFoundException'{0x0000000621b7ed70}> (0x0000000621b7ed70) 
thrown [s\src\hotspot\share\prims\jni.cpp, line 520]
Event: 4.735 Thread 0x00000179d5d7fd10 Exception <a 'java/io/FileNotFoundException'{0x0000000621bd5360}> (0x0000000621bd5360) 
thrown [s\src\hotspot\share\prims\jni.cpp, line 520]
Event: 4.735 Thread 0x00000179d5f7df00 Exception <a 'java/io/FileNotFoundException'{0x0000000621b7f378}> (0x0000000621b7f378) 
thrown [s\src\hotspot\share\prims\jni.cpp, line 520]
Event: 4.735 Thread 0x00000179d5d7fd10 Exception <a 'java/io/FileNotFoundException'{0x0000000621bd5968}> (0x0000000621bd5968) 
thrown [s\src\hotspot\share\prims\jni.cpp, line 520]
Event: 4.735 Thread 0x00000179d5f7df00 Exception <a 'java/io/FileNotFoundException'{0x0000000621b7f980}> (0x0000000621b7f980) 
thrown [s\src\hotspot\share\prims\jni.cpp, line 520]
Event: 4.735 Thread 0x00000179d5d7fd10 Exception <a 'java/io/FileNotFoundException'{0x0000000621bd5f70}> (0x0000000621bd5f70) 
thrown [s\src\hotspot\share\prims\jni.cpp, line 520]
Event: 4.735 Thread 0x00000179d5f7df00 Exception <a 'java/io/FileNotFoundException'{0x0000000621b7ff88}> (0x0000000621b7ff88) 
thrown [s\src\hotspot\share\prims\jni.cpp, line 520]
Event: 4.735 Thread 0x00000179d5d7fd10 Exception <a 'java/io/FileNotFoundException'{0x0000000621bd6578}> (0x0000000621bd6578) 
thrown [s\src\hotspot\share\prims\jni.cpp, line 520]
Event: 4.737 Thread 0x00000179d59854b0 Exception <a 'java/lang/NoSuchMethodError'{0x0000000621405b40}: 'java.lang.Object java.lang.invoke.DirectMethodHandle$Holder.newInvokeSpecial(java.lang.Object, java.lang.Object, int, java.lang.Object, int)'> (0x0000000621405b40) 
thrown [s\src\hotspot\share\interpreter\linkResolver.cpp, line 773]
Event: 4.738 Thread 0x00000179d59854b0 Exception <a 'java/lang/NoSuchMethodError'{0x0000000621422b08}: 'void java.lang.invoke.DirectMethodHandle$Holder.invokeStatic(java.lang.Object, java.lang.Object, java.lang.Object, java.lang.Object)'> (0x0000000621422b08) 
thrown [s\src\hotspot\share\interpreter\linkResolver.cpp, line 773]

ZGC Phase Switch (0 events):
No events

VM Operations (20 events):
Event: 5.710 Executing VM operation: Cleanup done
Event: 6.712 Executing VM operation: Cleanup
Event: 6.712 Executing VM operation: Cleanup done
Event: 7.723 Executing VM operation: Cleanup
Event: 7.723 Executing VM operation: Cleanup done
Event: 8.729 Executing VM operation: Cleanup
Event: 8.729 Executing VM operation: Cleanup done
Event: 9.735 Executing VM operation: Cleanup
Event: 9.735 Executing VM operation: Cleanup done
Event: 10.738 Executing VM operation: Cleanup
Event: 10.738 Executing VM operation: Cleanup done
Event: 13.755 Executing VM operation: Cleanup
Event: 13.755 Executing VM operation: Cleanup done
Event: 14.762 Executing VM operation: Cleanup
Event: 14.762 Executing VM operation: Cleanup done
Event: 20.095 Executing VM operation: G1CollectForAllocation (G1 Evacuation Pause)
Event: 20.101 Executing VM operation: G1CollectForAllocation (G1 Evacuation Pause) done
Event: 20.124 Executing VM operation: G1CollectForAllocation (G1 Evacuation Pause)
Event: 20.130 Executing VM operation: G1CollectForAllocation (G1 Evacuation Pause) done
Event: 20.209 Executing VM operation: G1CollectForAllocation (G1 Evacuation Pause)

Memory protections (0 events):
No events

Nmethod flushes (0 events):
No events

Events (20 events):
Event: 3.501 Thread 0x00000179d5d87940 Thread exited: 0x00000179d5d87940
Event: 3.718 Thread 0x000001798f9473a0 Thread added: 0x00000179d8a01e00
Event: 3.959 Thread 0x000001798f632ac0 Thread added: 0x00000179d64eeef0
Event: 3.959 Thread 0x000001798f632ac0 Thread added: 0x00000179d64ef5a0
Event: 4.251 Thread 0x00000179d64ef5a0 Thread exited: 0x00000179d64ef5a0
Event: 4.464 Thread 0x00000179d8a01e00 Thread exited: 0x00000179d8a01e00
Event: 4.464 Thread 0x000001798f9473a0 Thread exited: 0x000001798f9473a0
Event: 4.467 Thread 0x000001798f632ac0 Thread exited: 0x000001798f632ac0
Event: 4.737 Thread 0x00000179d64eeef0 Thread exited: 0x00000179d64eeef0
Event: 4.758 Thread 0x000001798f5820e0 Thread added: 0x000001798f9473a0
Event: 4.759 Thread 0x000001798f57f500 Thread added: 0x00000179d641aa00
Event: 4.760 Thread 0x000001798f5820e0 Thread added: 0x00000179d6724f40
Event: 6.197 Thread 0x00000179d6724f40 Thread added: 0x00000179d63e8fa0
Event: 6.441 Thread 0x00000179d63e8fa0 Thread exited: 0x00000179d63e8fa0
Event: 9.015 Thread 0x00000179d6724f40 Thread exited: 0x00000179d6724f40
Event: 9.750 Thread 0x00000179d5f7df00 Thread exited: 0x00000179d5f7df00
Event: 9.750 Thread 0x00000179d5d7fd10 Thread exited: 0x00000179d5d7fd10
Event: 14.477 Thread 0x00000179d641aa00 Thread exited: 0x00000179d641aa00
Event: 14.702 Thread 0x000001798f9473a0 Thread exited: 0x000001798f9473a0
Event: 20.073 Thread 0x000001798f5820e0 Thread added: 0x00000179d641aa00


Dynamic libraries:
0x00007ff61c460000 - 0x00007ff61c46e000 	C:\Users\ebyrd\.gradle\jdks\azul_systems__inc_-21-amd64-windows\zulu21.38.21-ca-jdk21.0.5-win_x64\bin\java.exe
0x00007ffb41d30000 - 0x00007ffb41f47000 	C:\WINDOWS\SYSTEM32\ntdll.dll
0x00007ffb401d0000 - 0x00007ffb40294000 	C:\WINDOWS\System32\KERNEL32.DLL
0x00007ffb3f100000 - 0x00007ffb3f4d0000 	C:\WINDOWS\System32\KERNELBASE.dll
0x00007ffb3efe0000 - 0x00007ffb3f0f1000 	C:\WINDOWS\System32\ucrtbase.dll
0x00007ffb37ee0000 - 0x00007ffb37ef9000 	C:\Users\ebyrd\.gradle\jdks\azul_systems__inc_-21-amd64-windows\zulu21.38.21-ca-jdk21.0.5-win_x64\bin\jli.dll
0x00007ffb35a30000 - 0x00007ffb35a4b000 	C:\Users\ebyrd\.gradle\jdks\azul_systems__inc_-21-amd64-windows\zulu21.38.21-ca-jdk21.0.5-win_x64\bin\VCRUNTIME140.dll
0x00007ffb402a0000 - 0x00007ffb4044e000 	C:\WINDOWS\System32\USER32.dll
0x00007ffb3f6c0000 - 0x00007ffb3f6e6000 	C:\WINDOWS\System32\win32u.dll
0x00007ffb24310000 - 0x00007ffb245a2000 	C:\WINDOWS\WinSxS\amd64_microsoft.windows.common-controls_6595b64144ccf1df_6.0.22621.4830_none_270fe7d773858e80\COMCTL32.dll
0x00007ffb3fba0000 - 0x00007ffb3fbc9000 	C:\WINDOWS\System32\GDI32.dll
0x00007ffb41b90000 - 0x00007ffb41c37000 	C:\WINDOWS\System32\msvcrt.dll
0x00007ffb3f7b0000 - 0x00007ffb3f8cb000 	C:\WINDOWS\System32\gdi32full.dll
0x00007ffb3f900000 - 0x00007ffb3f99a000 	C:\WINDOWS\System32\msvcp_win.dll
0x00007ffb40450000 - 0x00007ffb40481000 	C:\WINDOWS\System32\IMM32.DLL
0x00000179e8490000 - 0x00000179e84a6000 	C:\WINDOWS\System32\umppc19406.dll
0x00000179e9c90000 - 0x00000179e9ca3000 	C:\WINDOWS\System32\CsXumd64_19406.dll
0x00007ffb35a20000 - 0x00007ffb35a2c000 	C:\Users\ebyrd\.gradle\jdks\azul_systems__inc_-21-amd64-windows\zulu21.38.21-ca-jdk21.0.5-win_x64\bin\vcruntime140_1.dll
0x00007ffb1cf00000 - 0x00007ffb1cf8e000 	C:\Users\ebyrd\.gradle\jdks\azul_systems__inc_-21-amd64-windows\zulu21.38.21-ca-jdk21.0.5-win_x64\bin\msvcp140.dll
0x00007ffac4210000 - 0x00007ffac4fed000 	C:\Users\ebyrd\.gradle\jdks\azul_systems__inc_-21-amd64-windows\zulu21.38.21-ca-jdk21.0.5-win_x64\bin\server\jvm.dll
0x00007ffb41680000 - 0x00007ffb41731000 	C:\WINDOWS\System32\ADVAPI32.dll
0x00007ffb40100000 - 0x00007ffb401a7000 	C:\WINDOWS\System32\sechost.dll
0x00007ffb3f8d0000 - 0x00007ffb3f8f8000 	C:\WINDOWS\System32\bcrypt.dll
0x00007ffb417a0000 - 0x00007ffb418b4000 	C:\WINDOWS\System32\RPCRT4.dll
0x00007ffb40490000 - 0x00007ffb40501000 	C:\WINDOWS\System32\WS2_32.dll
0x00007ffb3e280000 - 0x00007ffb3e2cd000 	C:\WINDOWS\SYSTEM32\POWRPROF.dll
0x00007ffb38130000 - 0x00007ffb38164000 	C:\WINDOWS\SYSTEM32\WINMM.dll
0x00007ffb32f40000 - 0x00007ffb32f4a000 	C:\WINDOWS\SYSTEM32\VERSION.dll
0x00007ffb3e170000 - 0x00007ffb3e183000 	C:\WINDOWS\SYSTEM32\UMPDC.dll
0x00007ffb3e050000 - 0x00007ffb3e068000 	C:\WINDOWS\SYSTEM32\kernel.appcore.dll
0x00007ffb359c0000 - 0x00007ffb359ca000 	C:\Users\ebyrd\.gradle\jdks\azul_systems__inc_-21-amd64-windows\zulu21.38.21-ca-jdk21.0.5-win_x64\bin\jimage.dll
0x00007ffb3c650000 - 0x00007ffb3c882000 	C:\WINDOWS\SYSTEM32\DBGHELP.DLL
0x00007ffb3fd70000 - 0x00007ffb40100000 	C:\WINDOWS\System32\combase.dll
0x00007ffb3fc90000 - 0x00007ffb3fd67000 	C:\WINDOWS\System32\OLEAUT32.dll
0x00007ffb2d040000 - 0x00007ffb2d072000 	C:\WINDOWS\SYSTEM32\dbgcore.DLL
0x00007ffb3f640000 - 0x00007ffb3f6bb000 	C:\WINDOWS\System32\bcryptPrimitives.dll
0x00007ffb294a0000 - 0x00007ffb294c2000 	C:\Users\ebyrd\.gradle\jdks\azul_systems__inc_-21-amd64-windows\zulu21.38.21-ca-jdk21.0.5-win_x64\bin\java.dll
0x00007ffb40ba0000 - 0x00007ffb41418000 	C:\WINDOWS\System32\SHELL32.dll
0x00007ffb3ce30000 - 0x00007ffb3d740000 	C:\WINDOWS\SYSTEM32\windows.storage.dll
0x00007ffb3ccf0000 - 0x00007ffb3ce2f000 	C:\WINDOWS\SYSTEM32\wintypes.dll
0x00007ffb3fa20000 - 0x00007ffb3fb2a000 	C:\WINDOWS\System32\SHCORE.dll
0x00007ffb41740000 - 0x00007ffb4179e000 	C:\WINDOWS\System32\shlwapi.dll
0x00007ffb3ef10000 - 0x00007ffb3ef3b000 	C:\WINDOWS\SYSTEM32\profapi.dll
0x00007ffb19060000 - 0x00007ffb19137000 	C:\Users\ebyrd\.gradle\jdks\azul_systems__inc_-21-amd64-windows\zulu21.38.21-ca-jdk21.0.5-win_x64\bin\jsvml.dll
0x00007ffb24bb0000 - 0x00007ffb24bc2000 	C:\Users\ebyrd\.gradle\jdks\azul_systems__inc_-21-amd64-windows\zulu21.38.21-ca-jdk21.0.5-win_x64\bin\net.dll
0x00007ffb3a220000 - 0x00007ffb3a34c000 	C:\WINDOWS\SYSTEM32\WINHTTP.dll
0x00007ffb3e540000 - 0x00007ffb3e5aa000 	C:\WINDOWS\system32\mswsock.dll
0x00007ffb24a30000 - 0x00007ffb24a46000 	C:\Users\ebyrd\.gradle\jdks\azul_systems__inc_-21-amd64-windows\zulu21.38.21-ca-jdk21.0.5-win_x64\bin\nio.dll
0x00007ffb20430000 - 0x00007ffb20448000 	C:\Users\ebyrd\.gradle\jdks\azul_systems__inc_-21-amd64-windows\zulu21.38.21-ca-jdk21.0.5-win_x64\bin\zip.dll
0x00007ffb18ec0000 - 0x00007ffb19059000 	C:\Users\ebyrd\.gradle\jdks\azul_systems__inc_-21-amd64-windows\zulu21.38.21-ca-jdk21.0.5-win_x64\bin\awt.dll
0x00007ffb37a50000 - 0x00007ffb37ae7000 	C:\WINDOWS\SYSTEM32\apphelp.dll
0x00007ffb3e890000 - 0x00007ffb3e8ab000 	C:\WINDOWS\SYSTEM32\CRYPTSP.dll
0x00007ffb3dfb0000 - 0x00007ffb3dfe5000 	C:\WINDOWS\system32\rsaenh.dll
0x00007ffb3e5e0000 - 0x00007ffb3e608000 	C:\WINDOWS\SYSTEM32\USERENV.dll
0x00007ffb3e870000 - 0x00007ffb3e87c000 	C:\WINDOWS\SYSTEM32\CRYPTBASE.dll
0x00007ffb3d860000 - 0x00007ffb3d88d000 	C:\WINDOWS\SYSTEM32\IPHLPAPI.DLL
0x00007ffb418c0000 - 0x00007ffb418c9000 	C:\WINDOWS\System32\NSI.dll
0x00007ffb1e650000 - 0x00007ffb1e67f000 	C:\Users\ebyrd\.gradle\jdks\azul_systems__inc_-21-amd64-windows\zulu21.38.21-ca-jdk21.0.5-win_x64\bin\javajpeg.dll
0x00007ffb3bd30000 - 0x00007ffb3bde1000 	C:\WINDOWS\system32\uxtheme.dll
0x00007ffb405c0000 - 0x00007ffb4071f000 	C:\WINDOWS\System32\MSCTF.dll
0x00007ffb419e0000 - 0x00007ffb41b81000 	C:\WINDOWS\System32\ole32.dll
0x00007ffb3bff0000 - 0x00007ffb3c01b000 	C:\WINDOWS\system32\DWMAPI.DLL
0x00007ffb18e30000 - 0x00007ffb18eb9000 	C:\Users\ebyrd\.gradle\jdks\azul_systems__inc_-21-amd64-windows\zulu21.38.21-ca-jdk21.0.5-win_x64\bin\freetype.dll
0x00007ffb003c0000 - 0x00007ffb0049d000 	C:\Users\ebyrd\.gradle\jdks\azul_systems__inc_-21-amd64-windows\zulu21.38.21-ca-jdk21.0.5-win_x64\bin\fontmanager.dll
0x00007ffae0fb0000 - 0x00007ffae10b0000 	C:\WINDOWS\system32\opengl32.dll
0x00007ffae47d0000 - 0x00007ffae47fd000 	C:\WINDOWS\SYSTEM32\GLU32.dll
0x00007ffb3be80000 - 0x00007ffb3beb7000 	C:\WINDOWS\SYSTEM32\dxcore.dll
0x00007ffb359b0000 - 0x00007ffb359b6000 	C:\Users\ebyrd\AppData\Local\Temp\flatlaf.temp\flatlaf-windows-x86_64-1772884446960000.dll
0x00007ffb20420000 - 0x00007ffb20427000 	C:\Users\ebyrd\.gradle\jdks\azul_systems__inc_-21-amd64-windows\zulu21.38.21-ca-jdk21.0.5-win_x64\bin\jawt.dll
0x00007ffb219a0000 - 0x00007ffb21ae6000 	C:\WINDOWS\SYSTEM32\textinputframework.dll
0x00007ffb37630000 - 0x00007ffb37765000 	C:\WINDOWS\SYSTEM32\CoreMessaging.dll
0x00007ffb34c30000 - 0x00007ffb34f9c000 	C:\WINDOWS\SYSTEM32\CoreUIComponents.dll

dbghelp: loaded successfully - version: 4.0.5 - missing functions: none
symbol engine: initialized successfully - sym options: 0x614 - pdb path: .;C:\Users\ebyrd\.gradle\jdks\azul_systems__inc_-21-amd64-windows\zulu21.38.21-ca-jdk21.0.5-win_x64\bin;C:\WINDOWS\SYSTEM32;C:\WINDOWS\WinSxS\amd64_microsoft.windows.common-controls_6595b64144ccf1df_6.0.22621.4830_none_270fe7d773858e80;C:\Users\ebyrd\.gradle\jdks\azul_systems__inc_-21-amd64-windows\zulu21.38.21-ca-jdk21.0.5-win_x64\bin\server;C:\Users\ebyrd\AppData\Local\Temp\flatlaf.temp

VM Arguments:
jvm_args: -Dfile.encoding=UTF-8 -Duser.country=US -Duser.language=en -Duser.variant 
java_command: io.github.ericjbyrd.partnershipproject.Main
java_class_path (initial): C:\Users\ebyrd\IdeaProjects\Project DT\build\classes\java\main;C:\Users\ebyrd\IdeaProjects\Project DT\build\classes\kotlin\main;C:\Users\ebyrd\IdeaProjects\Project DT\build\resources\main;C:\Users\ebyrd\.gradle\caches\modules-2\files-2.1\org.jetbrains.kotlinx\kotlinx-coroutines-core-jvm\1.9.0\9beade4c1c1569e4f36cbd2c37e02e3e41502601\kotlinx-coroutines-core-jvm-1.9.0.jar;C:\Users\ebyrd\.gradle\caches\modules-2\files-2.1\org.jetbrains.kotlinx\kotlinx-coroutines-swing\1.9.0\4327447ba45a17aca24d2e2be7f9f5b44dd695a5\kotlinx-coroutines-swing-1.9.0.jar;C:\Users\ebyrd\.gradle\caches\modules-2\files-2.1\org.jetbrains.kotlinx\kotlinx-serialization-core-jvm\1.7.3\1f226780b845ff9206474c05159245d861556249\kotlinx-serialization-core-jvm-1.7.3.jar;C:\Users\ebyrd\.gradle\caches\modules-2\files-2.1\org.jetbrains.kotlinx\kotlinx-serialization-json-jvm\1.7.3\6701e8c68d9e82387ce72ee96e8ddf058208d58f\kotlinx-serialization-json-jvm-1.7.3.jar;C:\Users\ebyrd\.gradle\caches\modules-2\files-2.1\org.jetbrains.kotlin\kotlin-stdlib\2.0.21\618b539767b4899b4660a83006e052b63f1db551\kotlin-stdlib-2.0.21.jar;C:\Users\ebyrd\.gradle\caches\modules-2\files-2.1\com.miglayout\miglayout-swing\11.4.2\f93a3587e77d2a3fb6448452dde818e8cc62dfc1\miglayout-swing-11.4.2.jar;C:\Users\ebyrd\.gradle\caches\modules-2\files-2.1\com.formdev\flatlaf-extras\3.5.1\42cf9ed86d4ae9d95a6013db792c8f2df642ca56\flatlaf-extras-3.5.1.jar;C:\Users\ebyrd\.gradle\caches\modules-2\files-2.1\com.formdev\flatlaf-jide-oss\3.5.1\a579bce11bcab6ed49f48d6559c5c0482c4f6cf0\flatlaf-jide-oss-3.5.1.jar;C:\Users\ebyrd\.gradle\caches\modules-2\files-2.1\com.formdev\flatlaf-swingx\3.5.1\302fc178747b5dc0ef6e3916756b7f03ad87448d\flatlaf-swingx-3.5.1.jar;C:\Users\ebyrd\.gradle\caches\modules-2\files-2.1\com.formdev\flatlaf-intellij-themes\3.5.1\b4fa9076d91d043e0d2290518a8d75e51dac3fa9\flatlaf-intellij-themes-3.5.1.jar;C:\Users\ebyrd\.gradle\caches\modules-2\files-2.1\com.formdev\flatlaf-fonts-roboto\2.137\89deeffd508e95be7992bf01b9d4aafbfa548d1d\flatlaf-fonts-roboto-2.137.jar;C:\Users\ebyrd\.gradle\caches\modules-2\files-2.1\com.formdev\flatlaf-fonts-roboto-mono\3.000\5658d075b6b6173e143ea4937018f2bae5130a5f\flatlaf-fonts-roboto-mono-3.000.jar;C:\Users\ebyrd\.gradle\caches\modules-2\files-2.1\com.formdev\flatlaf\3.5.1\8e4295f9ba5756736fa60a3a567fd9cd8840594f\flatlaf-3.5.1.jar;C:\Users\ebyrd\.gradle\caches\modules-2\files-2.1\org.swinglabs.swingx\swingx-all\1.6.5-1\1ea704cd8779f8df8a3d345ee1344239e7774d52\swingx-all-1.6.5-1.jar;C:\Users\ebyrd\.gradle\caches\modules-2\files-2.1\com.formdev\jide-oss\3.7.15\b4ce4373d6e60b789ccf968dac08bd362f4cdc33\jide-oss-3.7.15.jar;C:\Users\ebyrd\.gradle\caches\modules-2\files-2.1\ch.qos.logback\logback-classic\1.5.10\daf2eab537522d39a003b256fde67181356325d2\logback-classic-1.5.10.jar;C:\Users\ebyrd\.gradle\caches\modules-2\files-2.1\org.jetbrains\annotations\23.0.0\8cc20c07506ec18e0834947b84a864bfc094484e\annotations-23.0.0.jar;C:\Users\ebyrd\.gradle\caches\modules-2\files-2.1\com.miglayout\miglayout-core\11.4.2\994a23f8c271cb1c22e74d6ebec67850b84613e0\miglayout-core-11.4.2.jar;C:\Users\ebyrd\.gradle\caches\modules-2\files-2.1\com.github.weisj\jsvg\1.4.0\3f057f61a79b63015dcdb3ae15f935951e4bedd9\jsvg-1.4.0.jar;C:\Users\ebyrd\.gradle\caches\modules-2\files-2.1\ch.qos.logback\logback-core\1.5.10\a328141ccd752b06a333e34d64413084c55550e2\logback-core-1.5.10.jar;C:\Users\ebyrd\.gradle\caches\modules-2\files-2.1\org.slf4j\slf4j-api\2.0.15\35ed0d9a6b7c011bb8656087f79e371263b3b485\slf4j-api-2.0.15.jar
Launcher Type: SUN_STANDARD

[Global flags]
     intx CICompilerCount                          = 12                                        {product} {ergonomic}
     uint ConcGCThreads                            = 3                                         {product} {ergonomic}
     uint G1ConcRefinementThreads                  = 13                                        {product} {ergonomic}
   size_t G1HeapRegionSize                         = 4194304                                   {product} {ergonomic}
    uintx GCDrainStackTargetSize                   = 64                                        {product} {ergonomic}
   size_t InitialHeapSize                          = 532676608                                 {product} {ergonomic}
   size_t MarkStackSize                            = 4194304                                   {product} {ergonomic}
   size_t MaxHeapSize                              = 8518631424                                {product} {ergonomic}
   size_t MaxNewSize                               = 5108662272                                {product} {ergonomic}
   size_t MinHeapDeltaBytes                        = 4194304                                   {product} {ergonomic}
   size_t MinHeapSize                              = 8388608                                   {product} {ergonomic}
    uintx NonNMethodCodeHeapSize                   = 7602480                                {pd product} {ergonomic}
    uintx NonProfiledCodeHeapSize                  = 122027880                              {pd product} {ergonomic}
    uintx ProfiledCodeHeapSize                     = 122027880                              {pd product} {ergonomic}
    uintx ReservedCodeCacheSize                    = 251658240                              {pd product} {ergonomic}
     bool SegmentedCodeCache                       = true                                      {product} {ergonomic}
   size_t SoftMaxHeapSize                          = 8518631424                             {manageable} {ergonomic}
     bool UseCompressedOops                        = true                           {product lp64_product} {ergonomic}
     bool UseG1GC                                  = true                                      {product} {ergonomic}
     bool UseLargePagesIndividualAllocation        = false                                  {pd product} {ergonomic}

Logging:
Log output configuration:
 #0: stdout all=warning uptime,level,tags foldmultilines=false
 #1: stderr all=off uptime,level,tags foldmultilines=false

Environment Variables:
PATH=C:\Program Files\Zulu\zulu-21\bin\;C:\Program Files\Common Files\Oracle\Java\javapath;C:\Python311\Scripts\;C:\Python311\;C:\Program Files (x86)\VMware\VMware Workstation\bin\;C:\Windows\system32;C:\Windows;C:\Windows\System32\Wbem;C:\Windows\System32\WindowsPowerShell\v1.0\;C:\Windows\System32\OpenSSH\;C:\Program Files (x86)\Microsoft SQL Server\150\DTS\Binn\;C:\Program Files\Azure Data Studio\bin;C:\ProgramData\chocolatey\bin;C:\Program Files (x86)\Microsoft SQL Server\160\Tools\Binn\;C:\Program Files\Microsoft SQL Server\160\Tools\Binn\;C:\Program Files\Microsoft SQL Server\Client SDK\ODBC\170\Tools\Binn\;C:\Program Files\Microsoft SQL Server\160\DTS\Binn\;C:\Program Files (x86)\NVIDIA Corporation\PhysX\Common;C:\Program Files\dotnet\;C:\Program Files (x86)\Automox\;C:\WINDOWS\system32;C:\WINDOWS;C:\WINDOWS\System32\Wbem;C:\WINDOWS\System32\WindowsPowerShell\v1.0\;C:\WINDOWS\System32\OpenSSH\;C:\Program Files\Git\cmd;C:\Program Files\nodejs\;C:\Program Files\Docker\Docker\resources\bin;C:\Users\ebyrd\AppData\Local\Microsoft\WindowsApps;;C:\Program Files\Azure Data Studio\bin;C:\Users\ebyrd\AppData\Local\Programs\Microsoft VS Code\bin;C:\Users\ebyrd\AppData\Roaming\npm
USERNAME=ebyrd
OS=Windows_NT
PROCESSOR_IDENTIFIER=Intel64 Family 6 Model 141 Stepping 1, GenuineIntel
TMP=C:\Users\ebyrd\AppData\Local\Temp
TEMP=C:\Users\ebyrd\AppData\Local\Temp




Periodic native trim disabled

---------------  S Y S T E M  ---------------

OS:
 Windows 11 , 64 bit Build 22621 (10.0.22621.4830)
OS uptime: 2 days 1:15 hours
Hyper-V role detected

CPU: total 16 (initial active 16) (8 cores per cpu, 2 threads per core) family 6 model 141 stepping 1 microcode 0x54, cx8, cmov, fxsr, ht, mmx, 3dnowpref, sse, sse2, sse3, ssse3, sse4.1, sse4.2, popcnt, lzcnt, tsc, tscinvbit, avx, avx2, aes, erms, clmul, bmi1, bmi2, adx, avx512f, avx512dq, avx512cd, avx512bw, avx512vl, sha, fma, vzeroupper, avx512_vpopcntdq, avx512_vpclmulqdq, avx512_vaes, avx512_vnni, clflush, clflushopt, clwb, avx512_vbmi2, avx512_vbmi, hv, rdtscp, rdpid, fsrm, gfni, avx512_bitalg, f16c, cet_ibt, cet_ss, avx512_ifma
Processor Information for all 16 processors :
  Max Mhz: 2304, Current Mhz: 2304, Mhz Limit: 2304

Memory: 4k page, system-wide physical 32487M (7273M free)
TotalPageFile size 93399M (AvailPageFile size 278M)
current process WorkingSet (physical memory assigned to process): 506M, peak: 506M
current process commit charge ("private bytes"): 649M, peak: 1101M

vm_info: OpenJDK 64-Bit Server VM (21.0.5+11-LTS) for windows-amd64 JRE (21.0.5+11-LTS) (Zulu21.38+21-CA), built on 2024-10-11T20:45:51Z by "zulu_re" with MS VC++ 17.1 (VS2022)

END.
