#
# There is insufficient memory for the Java Runtime Environment to continue.
# Native memory allocation (malloc) failed to allocate 1405936 bytes for Chunk::new
# Possible reasons:
#   The system is out of physical RAM or swap space
#   The process is running with CompressedOops enabled, and the Java Heap may be blocking the growth of the native heap
# Possible solutions:
#   Reduce memory load on the system
#   Increase physical memory or swap space
#   Check if swap backing store is full
#   Decrease Java heap size (-Xmx/-Xms)
#   Decrease number of Java threads
#   Decrease Java thread stack sizes (-Xss)
#   Set larger code cache with -XX:ReservedCodeCacheSize=
#   JVM is running with Unscaled Compressed Oops mode in which the Java heap is
#     placed in the first 4GB address space. The Java Heap base address is the
#     maximum limit for the native heap growth. Please use -XX:HeapBaseMinAddress
#     to set the Java Heap base and to place the Java Heap above 4GB virtual address.
# This output file may be truncated or incomplete.
#
#  Out of Memory Error (arena.cpp:184), pid=33488, tid=33504
#
# JRE version: OpenJDK Runtime Environment Corretto-19.0.2.7.1 (19.0.2+7) (build 19.0.2+7-FR)
# Java VM: OpenJDK 64-Bit Server VM Corretto-19.0.2.7.1 (19.0.2+7-FR, mixed mode, sharing, tiered, compressed oops, compressed class ptrs, g1 gc, windows-amd64)
# No core dump will be written. Minidumps are not enabled by default on client versions of Windows
#

---------------  S U M M A R Y ------------

Command Line: --add-opens=java.base/java.util=ALL-UNNAMED --add-opens=java.base/java.lang=ALL-UNNAMED --add-opens=java.base/java.lang.invoke=ALL-UNNAMED --add-opens=java.prefs/java.util.prefs=ALL-UNNAMED --add-opens=java.base/java.nio.charset=ALL-UNNAMED --add-opens=java.base/java.net=ALL-UNNAMED --add-opens=java.base/java.util.concurrent.atomic=ALL-UNNAMED -XX:MaxMetaspaceSize=384m -XX:+HeapDumpOnOutOfMemoryError -Xms256m -Xmx512m -Dfile.encoding=UTF-8 -Duser.country=US -Duser.language=en -Duser.variant -javaagent:C:\Users\ebyrd\.gradle\wrapper\dists\gradle-8.2-bin\bbg7u40eoinfdyxsxr3z4i7ta\gradle-8.2\lib\agents\gradle-instrumentation-agent-8.2.jar org.gradle.launcher.daemon.bootstrap.GradleDaemon 8.2

Host: 11th Gen Intel(R) Core(TM) i7-11800H @ 2.30GHz, 16 cores, 31G,  Windows 11 , 64 bit Build 22621 (10.0.22621.4830)
Time: Tue Mar 25 09:03:59 2025 Pacific Daylight Time elapsed time: 11.536251 seconds (0d 0h 0m 11s)

---------------  T H R E A D  ---------------

Current thread (0x000002383ec3de50):  JavaThread "C2 CompilerThread0" daemon [_thread_in_native, id=33504, stack(0x000000e442c00000,0x000000e442d00000)]


Current CompileTask:
C2:  11536 7520   !   4       com.google.common.reflect.TypeVisitor::visit (244 bytes)

Stack: [0x000000e442c00000,0x000000e442d00000]
Native frames: (J=compiled Java code, j=interpreted, Vv=VM code, C=native code)
V  [jvm.dll+0x6d034a]
V  [jvm.dll+0x880f10]
V  [jvm.dll+0x88289e]
V  [jvm.dll+0x882f43]
V  [jvm.dll+0x27b4bb]
V  [jvm.dll+0xdd792]
V  [jvm.dll+0xddb25]
V  [jvm.dll+0x3b4a21]
V  [jvm.dll+0x37c86a]
V  [jvm.dll+0x37bc5a]
V  [jvm.dll+0x2470ef]
V  [jvm.dll+0x2465a7]
V  [jvm.dll+0x1d4bb7]
V  [jvm.dll+0x25558a]
V  [jvm.dll+0x2538d7]
V  [jvm.dll+0x8342bd]
V  [jvm.dll+0x82e2fa]
V  [jvm.dll+0x6cf0d3]
C  [ucrtbase.dll+0x29333]
C  [KERNEL32.DLL+0x1259d]
C  [ntdll.dll+0x5af38]


---------------  P R O C E S S  ---------------

Threads class SMR info:
_java_thread_list=0x00000238485a2790, length=76, elements={
0x0000023822eda6d0, 0x000002383ec30120, 0x000002383ec310b0, 0x000002383ec344a0,
0x000002383ec360d0, 0x000002383ec36e90, 0x000002383ec39a60, 0x000002383ec3de50,
0x000002383ec49d90, 0x000002383ec5e080, 0x000002383ed49910, 0x000002383ed4c1d0,
0x000002383ed4c750, 0x000002383ed4ce90, 0x000002383ee64c80, 0x0000023844750e00,
0x00000238441dafc0, 0x000002384485baf0, 0x0000023844bee560, 0x0000023844beeaa0,
0x0000023844c08130, 0x0000023844c054a0, 0x0000023844c1c8c0, 0x0000023844c1e350,
0x0000023844c1c370, 0x0000023844c1de00, 0x0000023844c1d8b0, 0x0000023844c1f340,
0x0000023844c1e8a0, 0x0000023844c1edf0, 0x0000023844c1ce10, 0x0000023844cd94e0,
0x0000023844cd6a60, 0x0000023844cd7a50, 0x0000023844cd3fe0, 0x0000023844cd7fa0,
0x0000023844cd1ab0, 0x0000023844cd2aa0, 0x0000023844cd8f90, 0x0000023844cd4530,
0x0000023844cd4a80, 0x0000023844cd84f0, 0x0000023844cd8a40, 0x0000023844cd2000,
0x0000023844cd5520, 0x0000023844cd6fb0, 0x0000023844cd2550, 0x0000023844cd4fd0,
0x0000023844cd2ff0, 0x0000023844cd3a90, 0x0000023844cd5a70, 0x0000023844cd6510,
0x0000023844cd5fc0, 0x0000023844cd7500, 0x0000023845763e90, 0x0000023845763940,
0x0000023845760970, 0x000002384575d450, 0x000002384575e440, 0x00000238457633f0,
0x000002384575c9b0, 0x0000023845761410, 0x0000023845760ec0, 0x0000023845761eb0,
0x0000023845761960, 0x0000023845762ea0, 0x000002384575eee0, 0x000002384575def0,
0x000002384575c460, 0x0000023845762400, 0x000002384575e990, 0x000002384575cf00,
0x0000023848659930, 0x000002384794fa60, 0x00000238480e3840, 0x000002384575d9a0
}

Java Threads: ( => current thread )
  0x0000023822eda6d0 JavaThread "main" [_thread_blocked, id=32780, stack(0x000000e441f00000,0x000000e442000000)]
  0x000002383ec30120 JavaThread "Reference Handler" daemon [_thread_blocked, id=33232, stack(0x000000e442600000,0x000000e442700000)]
  0x000002383ec310b0 JavaThread "Finalizer" daemon [_thread_blocked, id=33392, stack(0x000000e442700000,0x000000e442800000)]
  0x000002383ec344a0 JavaThread "Signal Dispatcher" daemon [_thread_blocked, id=33184, stack(0x000000e442800000,0x000000e442900000)]
  0x000002383ec360d0 JavaThread "Attach Listener" daemon [_thread_blocked, id=33320, stack(0x000000e442900000,0x000000e442a00000)]
  0x000002383ec36e90 JavaThread "Service Thread" daemon [_thread_blocked, id=32976, stack(0x000000e442a00000,0x000000e442b00000)]
  0x000002383ec39a60 JavaThread "Monitor Deflation Thread" daemon [_thread_blocked, id=33100, stack(0x000000e442b00000,0x000000e442c00000)]
=>0x000002383ec3de50 JavaThread "C2 CompilerThread0" daemon [_thread_in_native, id=33504, stack(0x000000e442c00000,0x000000e442d00000)]
  0x000002383ec49d90 JavaThread "C1 CompilerThread0" daemon [_thread_blocked, id=33684, stack(0x000000e442d00000,0x000000e442e00000)]
  0x000002383ec5e080 JavaThread "Sweeper thread" daemon [_thread_blocked, id=33568, stack(0x000000e442e00000,0x000000e442f00000)]
  0x000002383ed49910 JavaThread "Common-Cleaner" daemon [_thread_blocked, id=3968, stack(0x000000e442f00000,0x000000e443000000)]
  0x000002383ed4c1d0 JavaThread "C1 CompilerThread1" daemon [_thread_blocked, id=5832, stack(0x000000e443000000,0x000000e443100000)]
  0x000002383ed4c750 JavaThread "C1 CompilerThread2" daemon [_thread_blocked, id=33448, stack(0x000000e443100000,0x000000e443200000)]
  0x000002383ed4ce90 JavaThread "C1 CompilerThread3" daemon [_thread_blocked, id=33172, stack(0x000000e443200000,0x000000e443300000)]
  0x000002383ee64c80 JavaThread "Notification Thread" daemon [_thread_blocked, id=33052, stack(0x000000e443300000,0x000000e443400000)]
  0x0000023844750e00 JavaThread "Daemon health stats" [_thread_blocked, id=33408, stack(0x000000e443600000,0x000000e443700000)]
  0x00000238441dafc0 JavaThread "Incoming local TCP Connector on port 55051" [_thread_in_native, id=33476, stack(0x000000e443500000,0x000000e443600000)]
  0x000002384485baf0 JavaThread "Daemon periodic checks" [_thread_blocked, id=32816, stack(0x000000e443c00000,0x000000e443d00000)]
  0x0000023844bee560 JavaThread "Daemon" [_thread_blocked, id=33576, stack(0x000000e443d00000,0x000000e443e00000)]
  0x0000023844beeaa0 JavaThread "Handler for socket connection from /127.0.0.1:55051 to /127.0.0.1:55053" [_thread_in_native, id=32824, stack(0x000000e443e00000,0x000000e443f00000)]
  0x0000023844c08130 JavaThread "Cancel handler" [_thread_blocked, id=33028, stack(0x000000e443f00000,0x000000e444000000)]
  0x0000023844c054a0 JavaThread "Daemon worker" [_thread_in_native, id=33724, stack(0x000000e444000000,0x000000e444100000)]
  0x0000023844c1c8c0 JavaThread "Asynchronous log dispatcher for DefaultDaemonConnection: socket connection from /127.0.0.1:55051 to /127.0.0.1:55053" [_thread_blocked, id=33056, stack(0x000000e444100000,0x000000e444200000)]
  0x0000023844c1e350 JavaThread "Stdin handler" [_thread_blocked, id=30716, stack(0x000000e444200000,0x000000e444300000)]
  0x0000023844c1c370 JavaThread "Daemon client event forwarder" [_thread_blocked, id=3528, stack(0x000000e444300000,0x000000e444400000)]
  0x0000023844c1de00 JavaThread "Cache worker for journal cache (C:\Users\ebyrd\.gradle\caches\journal-1)" [_thread_blocked, id=33736, stack(0x000000e444400000,0x000000e444500000)]
  0x0000023844c1d8b0 JavaThread "File lock request listener" [_thread_in_native, id=25820, stack(0x000000e444500000,0x000000e444600000)]
  0x0000023844c1f340 JavaThread "Cache worker for file hash cache (C:\Users\ebyrd\.gradle\caches\8.2\fileHashes)" [_thread_blocked, id=33308, stack(0x000000e444700000,0x000000e444800000)]
  0x0000023844c1e8a0 JavaThread "File watcher server" daemon [_thread_in_native, id=19840, stack(0x000000e444b00000,0x000000e444c00000)]
  0x0000023844c1edf0 JavaThread "File watcher consumer" daemon [_thread_blocked, id=33204, stack(0x000000e444c00000,0x000000e444d00000)]
  0x0000023844c1ce10 JavaThread "Cache worker for checksums cache (C:\Users\ebyrd\IdeaProjects\Project DT\.gradle\8.2\checksums)" [_thread_blocked, id=32852, stack(0x000000e445600000,0x000000e445700000)]
  0x0000023844cd94e0 JavaThread "Cache worker for cache directory md-rule (C:\Users\ebyrd\.gradle\caches\8.2\md-rule)" [_thread_blocked, id=33624, stack(0x000000e445700000,0x000000e445800000)]
  0x0000023844cd6a60 JavaThread "Cache worker for file content cache (C:\Users\ebyrd\.gradle\caches\8.2\fileContent)" [_thread_blocked, id=1292, stack(0x000000e445800000,0x000000e445900000)]
  0x0000023844cd7a50 JavaThread "Cache worker for file hash cache (C:\Users\ebyrd\IdeaProjects\Project DT\.gradle\8.2\fileHashes)" [_thread_blocked, id=33452, stack(0x000000e445900000,0x000000e445a00000)]
  0x0000023844cd3fe0 JavaThread "Cache worker for cache directory md-supplier (C:\Users\ebyrd\.gradle\caches\8.2\md-supplier)" [_thread_blocked, id=5056, stack(0x000000e445a00000,0x000000e445b00000)]
  0x0000023844cd7fa0 JavaThread "Cache worker for execution history cache (C:\Users\ebyrd\.gradle\caches\8.2\executionHistory)" [_thread_blocked, id=33680, stack(0x000000e445b00000,0x000000e445c00000)]
  0x0000023844cd1ab0 JavaThread "jar transforms" [_thread_blocked, id=26224, stack(0x000000e445c00000,0x000000e445d00000)]
  0x0000023844cd2aa0 JavaThread "jar transforms Thread 2" [_thread_blocked, id=27100, stack(0x000000e445d00000,0x000000e445e00000)]
  0x0000023844cd8f90 JavaThread "jar transforms Thread 3" [_thread_blocked, id=32880, stack(0x000000e445e00000,0x000000e445f00000)]
  0x0000023844cd4530 JavaThread "jar transforms Thread 4" [_thread_blocked, id=33636, stack(0x000000e445f00000,0x000000e446000000)]
  0x0000023844cd4a80 JavaThread "Cache worker for kotlin-dsl (C:\Users\ebyrd\.gradle\caches\8.2\kotlin-dsl)" [_thread_blocked, id=33104, stack(0x000000e446000000,0x000000e446100000)]
  0x0000023844cd84f0 JavaThread "jar transforms Thread 5" [_thread_blocked, id=33284, stack(0x000000e444a00000,0x000000e444b00000)]
  0x0000023844cd8a40 JavaThread "jar transforms Thread 6" [_thread_blocked, id=33572, stack(0x000000e446100000,0x000000e446200000)]
  0x0000023844cd2000 JavaThread "Unconstrained build operations" [_thread_blocked, id=32868, stack(0x000000e444600000,0x000000e444700000)]
  0x0000023844cd5520 JavaThread "Unconstrained build operations Thread 2" [_thread_blocked, id=32972, stack(0x000000e444800000,0x000000e444900000)]
  0x0000023844cd6fb0 JavaThread "jar transforms Thread 7" [_thread_blocked, id=6948, stack(0x000000e444900000,0x000000e444a00000)]
  0x0000023844cd2550 JavaThread "jar transforms Thread 8" [_thread_blocked, id=33700, stack(0x000000e446200000,0x000000e446300000)]
  0x0000023844cd4fd0 JavaThread "jar transforms Thread 9" [_thread_blocked, id=33484, stack(0x000000e446400000,0x000000e446500000)]
  0x0000023844cd2ff0 JavaThread "jar transforms Thread 10" [_thread_blocked, id=32944, stack(0x000000e446500000,0x000000e446600000)]
  0x0000023844cd3a90 JavaThread "jar transforms Thread 11" [_thread_blocked, id=32748, stack(0x000000e446700000,0x000000e446800000)]
  0x0000023844cd5a70 JavaThread "jar transforms Thread 12" [_thread_blocked, id=33400, stack(0x000000e446800000,0x000000e446900000)]
  0x0000023844cd6510 JavaThread "Cache worker for dependencies-accessors (C:\Users\ebyrd\IdeaProjects\Project DT\.gradle\8.2\dependencies-accessors)" [_thread_blocked, id=33580, stack(0x000000e446900000,0x000000e446a00000)]
  0x0000023844cd5fc0 JavaThread "Cache worker for Build Output Cleanup Cache (C:\Users\ebyrd\IdeaProjects\Project DT\.gradle\buildOutputCleanup)" [_thread_blocked, id=31320, stack(0x000000e446b00000,0x000000e446c00000)]
  0x0000023844cd7500 JavaThread "jar transforms Thread 13" [_thread_blocked, id=26848, stack(0x000000e446c00000,0x000000e446d00000)]
  0x0000023845763e90 JavaThread "jar transforms Thread 14" [_thread_blocked, id=6132, stack(0x000000e446d00000,0x000000e446e00000)]
  0x0000023845763940 JavaThread "Unconstrained build operations Thread 3" [_thread_blocked, id=33092, stack(0x000000e446e00000,0x000000e446f00000)]
  0x0000023845760970 JavaThread "Unconstrained build operations Thread 4" [_thread_blocked, id=6084, stack(0x000000e446f00000,0x000000e447000000)]
  0x000002384575d450 JavaThread "Unconstrained build operations Thread 5" [_thread_blocked, id=27420, stack(0x000000e447000000,0x000000e447100000)]
  0x000002384575e440 JavaThread "Unconstrained build operations Thread 6" [_thread_blocked, id=30824, stack(0x000000e447100000,0x000000e447200000)]
  0x00000238457633f0 JavaThread "Unconstrained build operations Thread 7" [_thread_blocked, id=24436, stack(0x000000e447200000,0x000000e447300000)]
  0x000002384575c9b0 JavaThread "Unconstrained build operations Thread 8" [_thread_blocked, id=29780, stack(0x000000e447300000,0x000000e447400000)]
  0x0000023845761410 JavaThread "Unconstrained build operations Thread 9" [_thread_blocked, id=14344, stack(0x000000e447400000,0x000000e447500000)]
  0x0000023845760ec0 JavaThread "Unconstrained build operations Thread 10" [_thread_blocked, id=16032, stack(0x000000e447500000,0x000000e447600000)]
  0x0000023845761eb0 JavaThread "Unconstrained build operations Thread 11" [_thread_blocked, id=32960, stack(0x000000e447600000,0x000000e447700000)]
  0x0000023845761960 JavaThread "Unconstrained build operations Thread 12" [_thread_blocked, id=24868, stack(0x000000e447700000,0x000000e447800000)]
  0x0000023845762ea0 JavaThread "Unconstrained build operations Thread 13" [_thread_blocked, id=3564, stack(0x000000e447800000,0x000000e447900000)]
  0x000002384575eee0 JavaThread "Unconstrained build operations Thread 14" [_thread_blocked, id=6164, stack(0x000000e447900000,0x000000e447a00000)]
  0x000002384575def0 JavaThread "Unconstrained build operations Thread 15" [_thread_blocked, id=24768, stack(0x000000e447a00000,0x000000e447b00000)]
  0x000002384575c460 JavaThread "Unconstrained build operations Thread 16" [_thread_blocked, id=392, stack(0x000000e447b00000,0x000000e447c00000)]
  0x0000023845762400 JavaThread "Unconstrained build operations Thread 17" [_thread_blocked, id=27908, stack(0x000000e447c00000,0x000000e447d00000)]
  0x000002384575e990 JavaThread "jar transforms Thread 15" [_thread_blocked, id=26276, stack(0x000000e447d00000,0x000000e447e00000)]
  0x000002384575cf00 JavaThread "jar transforms Thread 16" [_thread_blocked, id=33156, stack(0x000000e447e00000,0x000000e447f00000)]
  0x0000023848659930 JavaThread "C2 CompilerThread1" daemon [_thread_in_native, id=33180, stack(0x000000e446600000,0x000000e446700000)]
  0x000002384794fa60 JavaThread "C2 CompilerThread2" daemon [_thread_blocked, id=32980, stack(0x000000e446a00000,0x000000e446b00000)]
  0x00000238480e3840 JavaThread "C2 CompilerThread3" daemon [_thread_blocked, id=32808, stack(0x000000e447f00000,0x000000e448000000)]
  0x000002384575d9a0 JavaThread "build event listener" [_thread_blocked, id=32988, stack(0x000000e448000000,0x000000e448100000)]

Other Threads:
  0x000002383ec0ebb0 VMThread "VM Thread" [stack: 0x000000e442500000,0x000000e442600000] [id=26264]
  0x000002383ee7c4c0 WatcherThread "VM Periodic Task Thread" [stack: 0x000000e443400000,0x000000e443500000] [id=12932]
  0x0000023822f0ced0 WorkerThread "GC Thread#0" [stack: 0x000000e442000000,0x000000e442100000] [id=33108]
  0x000002383ee9c780 WorkerThread "GC Thread#1" [stack: 0x000000e443700000,0x000000e443800000] [id=33612]
  0x000002383ee9ca50 WorkerThread "GC Thread#2" [stack: 0x000000e443800000,0x000000e443900000] [id=32896]
  0x000002383ee9d2c0 WorkerThread "GC Thread#3" [stack: 0x000000e443900000,0x000000e443a00000] [id=26332]
  0x000002383ee9b6a0 WorkerThread "GC Thread#4" [stack: 0x000000e443a00000,0x000000e443b00000] [id=21816]
  0x000002383ee9b970 WorkerThread "GC Thread#5" [stack: 0x000000e443b00000,0x000000e443c00000] [id=33296]
  0x0000023844580580 WorkerThread "GC Thread#6" [stack: 0x000000e444d00000,0x000000e444e00000] [id=33424]
  0x0000023844581660 WorkerThread "GC Thread#7" [stack: 0x000000e444e00000,0x000000e444f00000] [id=32904]
  0x0000023844581930 WorkerThread "GC Thread#8" [stack: 0x000000e444f00000,0x000000e445000000] [id=33268]
  0x0000023844582740 WorkerThread "GC Thread#9" [stack: 0x000000e445000000,0x000000e445100000] [id=32992]
  0x0000023844580850 WorkerThread "GC Thread#10" [stack: 0x000000e445100000,0x000000e445200000] [id=33432]
  0x0000023844583280 WorkerThread "GC Thread#11" [stack: 0x000000e445200000,0x000000e445300000] [id=33368]
  0x0000023844581c00 WorkerThread "GC Thread#12" [stack: 0x000000e445300000,0x000000e445400000] [id=33372]
  0x0000023822f13e40 ConcurrentGCThread "G1 Main Marker" [stack: 0x000000e442100000,0x000000e442200000] [id=33112]
  0x0000023822f16260 WorkerThread "G1 Conc#0" [stack: 0x000000e442200000,0x000000e442300000] [id=33280]
  0x00000238445821a0 WorkerThread "G1 Conc#1" [stack: 0x000000e445400000,0x000000e445500000] [id=33444]
  0x0000023844582a10 WorkerThread "G1 Conc#2" [stack: 0x000000e445500000,0x000000e445600000] [id=33088]
  0x0000023822f8eb50 ConcurrentGCThread "G1 Refine#0" [stack: 0x000000e442300000,0x000000e442400000] [id=10892]
  0x000002383ead5d60 ConcurrentGCThread "G1 Service" [stack: 0x000000e442400000,0x000000e442500000] [id=2500]

Threads with active compile tasks:
C2 CompilerThread0    11575 7520   !   4       com.google.common.reflect.TypeVisitor::visit (244 bytes)
C1 CompilerThread0    11575 7527       3       kotlin.jvm.internal.Reflection::getOrCreateKotlinClass (8 bytes)
C2 CompilerThread1    11575 7524   !   4       java.util.concurrent.ConcurrentHashMap::transfer (849 bytes)
C2 CompilerThread3    11575 7526       4       java.lang.ThreadLocal$ThreadLocalMap::set (133 bytes)

VM state: not at safepoint (normal execution)

VM Mutex/Monitor currently owned by a thread: None

Heap address: 0x00000000e0000000, size: 512 MB, Compressed Oops mode: 32-bit

CDS archive(s) mapped at: [0x0000000800000000-0x0000000800c40000-0x0000000800c40000), size 12845056, SharedBaseAddress: 0x0000000800000000, ArchiveRelocationMode: 0.
Compressed class space mapped at: 0x0000000801000000-0x0000000814400000, reserved size: 322961408
Narrow klass base: 0x0000000800000000, Narrow klass shift: 0, Narrow klass range: 0x100000000

GC Precious Log:
 CardTable entry size: 512
 Card Set container configuration: InlinePtr #cards 5 size 8 Array Of Cards #cards 12 size 40 Howl #buckets 4 coarsen threshold 1843 Howl Bitmap #cards 512 size 80 coarsen threshold 460 Card regions per heap region 1 cards per card region 2048
 CPUs: 16 total, 16 available
 Memory: 32487M
 Large Page Support: Disabled
 NUMA Support: Disabled
 Compressed Oops: Enabled (32-bit)
 Heap Region Size: 1M
 Heap Min Capacity: 256M
 Heap Initial Capacity: 256M
 Heap Max Capacity: 512M
 Pre-touch: Disabled
 Parallel Workers: 13
 Concurrent Workers: 3
 Concurrent Refinement Workers: 13
 Periodic GC: Disabled

Heap:
 garbage-first heap   total 262144K, used 107756K [0x00000000e0000000, 0x0000000100000000)
  region size 1024K, 62 young (63488K), 5 survivors (5120K)
 Metaspace       used 64734K, committed 66432K, reserved 380928K
  class space    used 8779K, committed 9664K, reserved 315392K

Heap Regions: E=young(eden), S=young(survivor), O=old, HS=humongous(starts), HC=humongous(continues), CS=collection set, F=free, OA=open archive, CA=closed archive, TAMS=top-at-mark-start (previous, next)
|   0|0x00000000e0000000, 0x00000000e0100000, 0x00000000e0100000|100%|HS|  |TAMS 0x00000000e0100000, 0x00000000e0000000| Complete 
|   1|0x00000000e0100000, 0x00000000e0200000, 0x00000000e0200000|100%|HC|  |TAMS 0x00000000e0200000, 0x00000000e0100000| Complete 
|   2|0x00000000e0200000, 0x00000000e0300000, 0x00000000e0300000|100%|HC|  |TAMS 0x00000000e0300000, 0x00000000e0200000| Complete 
|   3|0x00000000e0300000, 0x00000000e0400000, 0x00000000e0400000|100%|HC|  |TAMS 0x00000000e0400000, 0x00000000e0300000| Complete 
|   4|0x00000000e0400000, 0x00000000e0500000, 0x00000000e0500000|100%| O|  |TAMS 0x00000000e0500000, 0x00000000e0400000| Untracked 
|   5|0x00000000e0500000, 0x00000000e0600000, 0x00000000e0600000|100%| O|  |TAMS 0x00000000e0600000, 0x00000000e0500000| Untracked 
|   6|0x00000000e0600000, 0x00000000e0700000, 0x00000000e0700000|100%| O|  |TAMS 0x00000000e0700000, 0x00000000e0600000| Untracked 
|   7|0x00000000e0700000, 0x00000000e0800000, 0x00000000e0800000|100%| O|  |TAMS 0x00000000e0800000, 0x00000000e0700000| Untracked 
|   8|0x00000000e0800000, 0x00000000e0900000, 0x00000000e0900000|100%| O|  |TAMS 0x00000000e0900000, 0x00000000e0800000| Untracked 
|   9|0x00000000e0900000, 0x00000000e0900000, 0x00000000e0a00000|  0%| F|  |TAMS 0x00000000e0900000, 0x00000000e0900000| Untracked 
|  10|0x00000000e0a00000, 0x00000000e0b00000, 0x00000000e0b00000|100%| O|  |TAMS 0x00000000e0b00000, 0x00000000e0a00000| Untracked 
|  11|0x00000000e0b00000, 0x00000000e0c00000, 0x00000000e0c00000|100%| O|  |TAMS 0x00000000e0c00000, 0x00000000e0b00000| Untracked 
|  12|0x00000000e0c00000, 0x00000000e0d00000, 0x00000000e0d00000|100%| O|  |TAMS 0x00000000e0d00000, 0x00000000e0c00000| Untracked 
|  13|0x00000000e0d00000, 0x00000000e0e00000, 0x00000000e0e00000|100%| O|  |TAMS 0x00000000e0e00000, 0x00000000e0d00000| Untracked 
|  14|0x00000000e0e00000, 0x00000000e0f00000, 0x00000000e0f00000|100%| O|  |TAMS 0x00000000e0f00000, 0x00000000e0e00000| Untracked 
|  15|0x00000000e0f00000, 0x00000000e1000000, 0x00000000e1000000|100%| O|  |TAMS 0x00000000e1000000, 0x00000000e0f00000| Untracked 
|  16|0x00000000e1000000, 0x00000000e1100000, 0x00000000e1100000|100%| O|  |TAMS 0x00000000e1100000, 0x00000000e1000000| Untracked 
|  17|0x00000000e1100000, 0x00000000e1200000, 0x00000000e1200000|100%| O|  |TAMS 0x00000000e1200000, 0x00000000e1100000| Untracked 
|  18|0x00000000e1200000, 0x00000000e1300000, 0x00000000e1300000|100%| O|  |TAMS 0x00000000e1300000, 0x00000000e1200000| Untracked 
|  19|0x00000000e1300000, 0x00000000e1400000, 0x00000000e1400000|100%| O|  |TAMS 0x00000000e1400000, 0x00000000e1300000| Untracked 
|  20|0x00000000e1400000, 0x00000000e1500000, 0x00000000e1500000|100%| O|  |TAMS 0x00000000e1500000, 0x00000000e1400000| Untracked 
|  21|0x00000000e1500000, 0x00000000e1600000, 0x00000000e1600000|100%| O|  |TAMS 0x00000000e1600000, 0x00000000e1500000| Untracked 
|  22|0x00000000e1600000, 0x00000000e1700000, 0x00000000e1700000|100%| O|  |TAMS 0x00000000e1700000, 0x00000000e1600000| Untracked 
|  23|0x00000000e1700000, 0x00000000e1800000, 0x00000000e1800000|100%| O|  |TAMS 0x00000000e1800000, 0x00000000e1700000| Untracked 
|  24|0x00000000e1800000, 0x00000000e1900000, 0x00000000e1900000|100%| O|  |TAMS 0x00000000e1900000, 0x00000000e1800000| Untracked 
|  25|0x00000000e1900000, 0x00000000e1a00000, 0x00000000e1a00000|100%| O|  |TAMS 0x00000000e1a00000, 0x00000000e1900000| Untracked 
|  26|0x00000000e1a00000, 0x00000000e1b00000, 0x00000000e1b00000|100%| O|  |TAMS 0x00000000e1b00000, 0x00000000e1a00000| Untracked 
|  27|0x00000000e1b00000, 0x00000000e1c00000, 0x00000000e1c00000|100%| O|  |TAMS 0x00000000e1c00000, 0x00000000e1b00000| Untracked 
|  28|0x00000000e1c00000, 0x00000000e1d00000, 0x00000000e1d00000|100%| O|  |TAMS 0x00000000e1d00000, 0x00000000e1c00000| Untracked 
|  29|0x00000000e1d00000, 0x00000000e1e00000, 0x00000000e1e00000|100%| O|  |TAMS 0x00000000e1e00000, 0x00000000e1d00000| Complete 
|  30|0x00000000e1e00000, 0x00000000e1f00000, 0x00000000e1f00000|100%| O|  |TAMS 0x00000000e1f00000, 0x00000000e1e00000| Untracked 
|  31|0x00000000e1f00000, 0x00000000e2000000, 0x00000000e2000000|100%| O|  |TAMS 0x00000000e2000000, 0x00000000e1f00000| Untracked 
|  32|0x00000000e2000000, 0x00000000e2100000, 0x00000000e2100000|100%| O|  |TAMS 0x00000000e2100000, 0x00000000e2000000| Untracked 
|  33|0x00000000e2100000, 0x00000000e2200000, 0x00000000e2200000|100%| O|  |TAMS 0x00000000e2200000, 0x00000000e2100000| Untracked 
|  34|0x00000000e2200000, 0x00000000e2300000, 0x00000000e2300000|100%| O|  |TAMS 0x00000000e2300000, 0x00000000e2200000| Untracked 
|  35|0x00000000e2300000, 0x00000000e2400000, 0x00000000e2400000|100%| O|  |TAMS 0x00000000e2400000, 0x00000000e2300000| Untracked 
|  36|0x00000000e2400000, 0x00000000e2500000, 0x00000000e2500000|100%| O|  |TAMS 0x00000000e2500000, 0x00000000e2400000| Untracked 
|  37|0x00000000e2500000, 0x00000000e2600000, 0x00000000e2600000|100%| O|  |TAMS 0x00000000e2600000, 0x00000000e2500000| Untracked 
|  38|0x00000000e2600000, 0x00000000e2700000, 0x00000000e2700000|100%| O|  |TAMS 0x00000000e2700000, 0x00000000e2600000| Untracked 
|  39|0x00000000e2700000, 0x00000000e2706a00, 0x00000000e2800000|  2%| O|  |TAMS 0x00000000e2706a00, 0x00000000e2700000| Untracked 
|  40|0x00000000e2800000, 0x00000000e2900000, 0x00000000e2900000|100%|HS|  |TAMS 0x00000000e2900000, 0x00000000e2800000| Complete 
|  41|0x00000000e2900000, 0x00000000e2a00000, 0x00000000e2a00000|100%|HC|  |TAMS 0x00000000e2a00000, 0x00000000e2900000| Complete 
|  42|0x00000000e2a00000, 0x00000000e2b00000, 0x00000000e2b00000|100%|HS|  |TAMS 0x00000000e2b00000, 0x00000000e2a00000| Complete 
|  43|0x00000000e2b00000, 0x00000000e2c00000, 0x00000000e2c00000|100%|HC|  |TAMS 0x00000000e2c00000, 0x00000000e2b00000| Complete 
|  44|0x00000000e2c00000, 0x00000000e2d00000, 0x00000000e2d00000|100%|HS|  |TAMS 0x00000000e2d00000, 0x00000000e2c00000| Complete 
|  45|0x00000000e2d00000, 0x00000000e2e00000, 0x00000000e2e00000|100%|HC|  |TAMS 0x00000000e2e00000, 0x00000000e2d00000| Complete 
|  46|0x00000000e2e00000, 0x00000000e2f00000, 0x00000000e2f00000|100%|HC|  |TAMS 0x00000000e2f00000, 0x00000000e2e00000| Complete 
|  47|0x00000000e2f00000, 0x00000000e2f00000, 0x00000000e3000000|  0%| F|  |TAMS 0x00000000e2f00000, 0x00000000e2f00000| Untracked 
|  48|0x00000000e3000000, 0x00000000e3000000, 0x00000000e3100000|  0%| F|  |TAMS 0x00000000e3000000, 0x00000000e3000000| Untracked 
|  49|0x00000000e3100000, 0x00000000e3100000, 0x00000000e3200000|  0%| F|  |TAMS 0x00000000e3100000, 0x00000000e3100000| Untracked 
|  50|0x00000000e3200000, 0x00000000e3200000, 0x00000000e3300000|  0%| F|  |TAMS 0x00000000e3200000, 0x00000000e3200000| Untracked 
|  51|0x00000000e3300000, 0x00000000e3300000, 0x00000000e3400000|  0%| F|  |TAMS 0x00000000e3300000, 0x00000000e3300000| Untracked 
|  52|0x00000000e3400000, 0x00000000e3400000, 0x00000000e3500000|  0%| F|  |TAMS 0x00000000e3400000, 0x00000000e3400000| Untracked 
|  53|0x00000000e3500000, 0x00000000e3500000, 0x00000000e3600000|  0%| F|  |TAMS 0x00000000e3500000, 0x00000000e3500000| Untracked 
|  54|0x00000000e3600000, 0x00000000e3600000, 0x00000000e3700000|  0%| F|  |TAMS 0x00000000e3600000, 0x00000000e3600000| Untracked 
|  55|0x00000000e3700000, 0x00000000e3700000, 0x00000000e3800000|  0%| F|  |TAMS 0x00000000e3700000, 0x00000000e3700000| Untracked 
|  56|0x00000000e3800000, 0x00000000e3800000, 0x00000000e3900000|  0%| F|  |TAMS 0x00000000e3800000, 0x00000000e3800000| Untracked 
|  57|0x00000000e3900000, 0x00000000e3900000, 0x00000000e3a00000|  0%| F|  |TAMS 0x00000000e3900000, 0x00000000e3900000| Untracked 
|  58|0x00000000e3a00000, 0x00000000e3a00000, 0x00000000e3b00000|  0%| F|  |TAMS 0x00000000e3a00000, 0x00000000e3a00000| Untracked 
|  59|0x00000000e3b00000, 0x00000000e3b00000, 0x00000000e3c00000|  0%| F|  |TAMS 0x00000000e3b00000, 0x00000000e3b00000| Untracked 
|  60|0x00000000e3c00000, 0x00000000e3c00000, 0x00000000e3d00000|  0%| F|  |TAMS 0x00000000e3c00000, 0x00000000e3c00000| Untracked 
|  61|0x00000000e3d00000, 0x00000000e3d00000, 0x00000000e3e00000|  0%| F|  |TAMS 0x00000000e3d00000, 0x00000000e3d00000| Untracked 
|  62|0x00000000e3e00000, 0x00000000e3e00000, 0x00000000e3f00000|  0%| F|  |TAMS 0x00000000e3e00000, 0x00000000e3e00000| Untracked 
|  63|0x00000000e3f00000, 0x00000000e3f00000, 0x00000000e4000000|  0%| F|  |TAMS 0x00000000e3f00000, 0x00000000e3f00000| Untracked 
|  64|0x00000000e4000000, 0x00000000e4000000, 0x00000000e4100000|  0%| F|  |TAMS 0x00000000e4000000, 0x00000000e4000000| Untracked 
|  65|0x00000000e4100000, 0x00000000e4100000, 0x00000000e4200000|  0%| F|  |TAMS 0x00000000e4100000, 0x00000000e4100000| Untracked 
|  66|0x00000000e4200000, 0x00000000e4200000, 0x00000000e4300000|  0%| F|  |TAMS 0x00000000e4200000, 0x00000000e4200000| Untracked 
|  67|0x00000000e4300000, 0x00000000e4300000, 0x00000000e4400000|  0%| F|  |TAMS 0x00000000e4300000, 0x00000000e4300000| Untracked 
|  68|0x00000000e4400000, 0x00000000e4400000, 0x00000000e4500000|  0%| F|  |TAMS 0x00000000e4400000, 0x00000000e4400000| Untracked 
|  69|0x00000000e4500000, 0x00000000e4500000, 0x00000000e4600000|  0%| F|  |TAMS 0x00000000e4500000, 0x00000000e4500000| Untracked 
|  70|0x00000000e4600000, 0x00000000e4600000, 0x00000000e4700000|  0%| F|  |TAMS 0x00000000e4600000, 0x00000000e4600000| Untracked 
|  71|0x00000000e4700000, 0x00000000e4700000, 0x00000000e4800000|  0%| F|  |TAMS 0x00000000e4700000, 0x00000000e4700000| Untracked 
|  72|0x00000000e4800000, 0x00000000e4800000, 0x00000000e4900000|  0%| F|  |TAMS 0x00000000e4800000, 0x00000000e4800000| Untracked 
|  73|0x00000000e4900000, 0x00000000e4900000, 0x00000000e4a00000|  0%| F|  |TAMS 0x00000000e4900000, 0x00000000e4900000| Untracked 
|  74|0x00000000e4a00000, 0x00000000e4a00000, 0x00000000e4b00000|  0%| F|  |TAMS 0x00000000e4a00000, 0x00000000e4a00000| Untracked 
|  75|0x00000000e4b00000, 0x00000000e4b00000, 0x00000000e4c00000|  0%| F|  |TAMS 0x00000000e4b00000, 0x00000000e4b00000| Untracked 
|  76|0x00000000e4c00000, 0x00000000e4c00000, 0x00000000e4d00000|  0%| F|  |TAMS 0x00000000e4c00000, 0x00000000e4c00000| Untracked 
|  77|0x00000000e4d00000, 0x00000000e4d00000, 0x00000000e4e00000|  0%| F|  |TAMS 0x00000000e4d00000, 0x00000000e4d00000| Untracked 
|  78|0x00000000e4e00000, 0x00000000e4e00000, 0x00000000e4f00000|  0%| F|  |TAMS 0x00000000e4e00000, 0x00000000e4e00000| Untracked 
|  79|0x00000000e4f00000, 0x00000000e4f00000, 0x00000000e5000000|  0%| F|  |TAMS 0x00000000e4f00000, 0x00000000e4f00000| Untracked 
|  80|0x00000000e5000000, 0x00000000e5000000, 0x00000000e5100000|  0%| F|  |TAMS 0x00000000e5000000, 0x00000000e5000000| Untracked 
|  81|0x00000000e5100000, 0x00000000e5100000, 0x00000000e5200000|  0%| F|  |TAMS 0x00000000e5100000, 0x00000000e5100000| Untracked 
|  82|0x00000000e5200000, 0x00000000e5200000, 0x00000000e5300000|  0%| F|  |TAMS 0x00000000e5200000, 0x00000000e5200000| Untracked 
|  83|0x00000000e5300000, 0x00000000e5300000, 0x00000000e5400000|  0%| F|  |TAMS 0x00000000e5300000, 0x00000000e5300000| Untracked 
|  84|0x00000000e5400000, 0x00000000e5400000, 0x00000000e5500000|  0%| F|  |TAMS 0x00000000e5400000, 0x00000000e5400000| Untracked 
|  85|0x00000000e5500000, 0x00000000e5500000, 0x00000000e5600000|  0%| F|  |TAMS 0x00000000e5500000, 0x00000000e5500000| Untracked 
|  86|0x00000000e5600000, 0x00000000e5600000, 0x00000000e5700000|  0%| F|  |TAMS 0x00000000e5600000, 0x00000000e5600000| Untracked 
|  87|0x00000000e5700000, 0x00000000e5700000, 0x00000000e5800000|  0%| F|  |TAMS 0x00000000e5700000, 0x00000000e5700000| Untracked 
|  88|0x00000000e5800000, 0x00000000e5800000, 0x00000000e5900000|  0%| F|  |TAMS 0x00000000e5800000, 0x00000000e5800000| Untracked 
|  89|0x00000000e5900000, 0x00000000e5900000, 0x00000000e5a00000|  0%| F|  |TAMS 0x00000000e5900000, 0x00000000e5900000| Untracked 
|  90|0x00000000e5a00000, 0x00000000e5a00000, 0x00000000e5b00000|  0%| F|  |TAMS 0x00000000e5a00000, 0x00000000e5a00000| Untracked 
|  91|0x00000000e5b00000, 0x00000000e5b00000, 0x00000000e5c00000|  0%| F|  |TAMS 0x00000000e5b00000, 0x00000000e5b00000| Untracked 
|  92|0x00000000e5c00000, 0x00000000e5c00000, 0x00000000e5d00000|  0%| F|  |TAMS 0x00000000e5c00000, 0x00000000e5c00000| Untracked 
|  93|0x00000000e5d00000, 0x00000000e5d00000, 0x00000000e5e00000|  0%| F|  |TAMS 0x00000000e5d00000, 0x00000000e5d00000| Untracked 
|  94|0x00000000e5e00000, 0x00000000e5e00000, 0x00000000e5f00000|  0%| F|  |TAMS 0x00000000e5e00000, 0x00000000e5e00000| Untracked 
|  95|0x00000000e5f00000, 0x00000000e5f00000, 0x00000000e6000000|  0%| F|  |TAMS 0x00000000e5f00000, 0x00000000e5f00000| Untracked 
|  96|0x00000000e6000000, 0x00000000e6000000, 0x00000000e6100000|  0%| F|  |TAMS 0x00000000e6000000, 0x00000000e6000000| Untracked 
|  97|0x00000000e6100000, 0x00000000e6100000, 0x00000000e6200000|  0%| F|  |TAMS 0x00000000e6100000, 0x00000000e6100000| Untracked 
|  98|0x00000000e6200000, 0x00000000e6200000, 0x00000000e6300000|  0%| F|  |TAMS 0x00000000e6200000, 0x00000000e6200000| Untracked 
|  99|0x00000000e6300000, 0x00000000e6300000, 0x00000000e6400000|  0%| F|  |TAMS 0x00000000e6300000, 0x00000000e6300000| Untracked 
| 100|0x00000000e6400000, 0x00000000e6400000, 0x00000000e6500000|  0%| F|  |TAMS 0x00000000e6400000, 0x00000000e6400000| Untracked 
| 101|0x00000000e6500000, 0x00000000e6500000, 0x00000000e6600000|  0%| F|  |TAMS 0x00000000e6500000, 0x00000000e6500000| Untracked 
| 102|0x00000000e6600000, 0x00000000e6600000, 0x00000000e6700000|  0%| F|  |TAMS 0x00000000e6600000, 0x00000000e6600000| Untracked 
| 103|0x00000000e6700000, 0x00000000e6700000, 0x00000000e6800000|  0%| F|  |TAMS 0x00000000e6700000, 0x00000000e6700000| Untracked 
| 104|0x00000000e6800000, 0x00000000e6800000, 0x00000000e6900000|  0%| F|  |TAMS 0x00000000e6800000, 0x00000000e6800000| Untracked 
| 105|0x00000000e6900000, 0x00000000e6900000, 0x00000000e6a00000|  0%| F|  |TAMS 0x00000000e6900000, 0x00000000e6900000| Untracked 
| 106|0x00000000e6a00000, 0x00000000e6a00000, 0x00000000e6b00000|  0%| F|  |TAMS 0x00000000e6a00000, 0x00000000e6a00000| Untracked 
| 107|0x00000000e6b00000, 0x00000000e6b00000, 0x00000000e6c00000|  0%| F|  |TAMS 0x00000000e6b00000, 0x00000000e6b00000| Untracked 
| 108|0x00000000e6c00000, 0x00000000e6c00000, 0x00000000e6d00000|  0%| F|  |TAMS 0x00000000e6c00000, 0x00000000e6c00000| Untracked 
| 109|0x00000000e6d00000, 0x00000000e6d00000, 0x00000000e6e00000|  0%| F|  |TAMS 0x00000000e6d00000, 0x00000000e6d00000| Untracked 
| 110|0x00000000e6e00000, 0x00000000e6e00000, 0x00000000e6f00000|  0%| F|  |TAMS 0x00000000e6e00000, 0x00000000e6e00000| Untracked 
| 111|0x00000000e6f00000, 0x00000000e6f00000, 0x00000000e7000000|  0%| F|  |TAMS 0x00000000e6f00000, 0x00000000e6f00000| Untracked 
| 112|0x00000000e7000000, 0x00000000e7000000, 0x00000000e7100000|  0%| F|  |TAMS 0x00000000e7000000, 0x00000000e7000000| Untracked 
| 113|0x00000000e7100000, 0x00000000e7100000, 0x00000000e7200000|  0%| F|  |TAMS 0x00000000e7100000, 0x00000000e7100000| Untracked 
| 114|0x00000000e7200000, 0x00000000e7200000, 0x00000000e7300000|  0%| F|  |TAMS 0x00000000e7200000, 0x00000000e7200000| Untracked 
| 115|0x00000000e7300000, 0x00000000e7300000, 0x00000000e7400000|  0%| F|  |TAMS 0x00000000e7300000, 0x00000000e7300000| Untracked 
| 116|0x00000000e7400000, 0x00000000e7400000, 0x00000000e7500000|  0%| F|  |TAMS 0x00000000e7400000, 0x00000000e7400000| Untracked 
| 117|0x00000000e7500000, 0x00000000e7500000, 0x00000000e7600000|  0%| F|  |TAMS 0x00000000e7500000, 0x00000000e7500000| Untracked 
| 118|0x00000000e7600000, 0x00000000e7600000, 0x00000000e7700000|  0%| F|  |TAMS 0x00000000e7600000, 0x00000000e7600000| Untracked 
| 119|0x00000000e7700000, 0x00000000e7700000, 0x00000000e7800000|  0%| F|  |TAMS 0x00000000e7700000, 0x00000000e7700000| Untracked 
| 120|0x00000000e7800000, 0x00000000e7800000, 0x00000000e7900000|  0%| F|  |TAMS 0x00000000e7800000, 0x00000000e7800000| Untracked 
| 121|0x00000000e7900000, 0x00000000e7900000, 0x00000000e7a00000|  0%| F|  |TAMS 0x00000000e7900000, 0x00000000e7900000| Untracked 
| 122|0x00000000e7a00000, 0x00000000e7a00000, 0x00000000e7b00000|  0%| F|  |TAMS 0x00000000e7a00000, 0x00000000e7a00000| Untracked 
| 123|0x00000000e7b00000, 0x00000000e7b00000, 0x00000000e7c00000|  0%| F|  |TAMS 0x00000000e7b00000, 0x00000000e7b00000| Untracked 
| 124|0x00000000e7c00000, 0x00000000e7c00000, 0x00000000e7d00000|  0%| F|  |TAMS 0x00000000e7c00000, 0x00000000e7c00000| Untracked 
| 125|0x00000000e7d00000, 0x00000000e7d00000, 0x00000000e7e00000|  0%| F|  |TAMS 0x00000000e7d00000, 0x00000000e7d00000| Untracked 
| 126|0x00000000e7e00000, 0x00000000e7e00000, 0x00000000e7f00000|  0%| F|  |TAMS 0x00000000e7e00000, 0x00000000e7e00000| Untracked 
| 127|0x00000000e7f00000, 0x00000000e7f00000, 0x00000000e8000000|  0%| F|  |TAMS 0x00000000e7f00000, 0x00000000e7f00000| Untracked 
| 128|0x00000000e8000000, 0x00000000e8000000, 0x00000000e8100000|  0%| F|  |TAMS 0x00000000e8000000, 0x00000000e8000000| Untracked 
| 129|0x00000000e8100000, 0x00000000e8100000, 0x00000000e8200000|  0%| F|  |TAMS 0x00000000e8100000, 0x00000000e8100000| Untracked 
| 130|0x00000000e8200000, 0x00000000e8200000, 0x00000000e8300000|  0%| F|  |TAMS 0x00000000e8200000, 0x00000000e8200000| Untracked 
| 131|0x00000000e8300000, 0x00000000e8300000, 0x00000000e8400000|  0%| F|  |TAMS 0x00000000e8300000, 0x00000000e8300000| Untracked 
| 132|0x00000000e8400000, 0x00000000e8400000, 0x00000000e8500000|  0%| F|  |TAMS 0x00000000e8400000, 0x00000000e8400000| Untracked 
| 133|0x00000000e8500000, 0x00000000e8500000, 0x00000000e8600000|  0%| F|  |TAMS 0x00000000e8500000, 0x00000000e8500000| Untracked 
| 134|0x00000000e8600000, 0x00000000e8600000, 0x00000000e8700000|  0%| F|  |TAMS 0x00000000e8600000, 0x00000000e8600000| Untracked 
| 135|0x00000000e8700000, 0x00000000e8700000, 0x00000000e8800000|  0%| F|  |TAMS 0x00000000e8700000, 0x00000000e8700000| Untracked 
| 136|0x00000000e8800000, 0x00000000e8800000, 0x00000000e8900000|  0%| F|  |TAMS 0x00000000e8800000, 0x00000000e8800000| Untracked 
| 137|0x00000000e8900000, 0x00000000e8900000, 0x00000000e8a00000|  0%| F|  |TAMS 0x00000000e8900000, 0x00000000e8900000| Untracked 
| 138|0x00000000e8a00000, 0x00000000e8a00000, 0x00000000e8b00000|  0%| F|  |TAMS 0x00000000e8a00000, 0x00000000e8a00000| Untracked 
| 139|0x00000000e8b00000, 0x00000000e8b00000, 0x00000000e8c00000|  0%| F|  |TAMS 0x00000000e8b00000, 0x00000000e8b00000| Untracked 
| 140|0x00000000e8c00000, 0x00000000e8c00000, 0x00000000e8d00000|  0%| F|  |TAMS 0x00000000e8c00000, 0x00000000e8c00000| Untracked 
| 141|0x00000000e8d00000, 0x00000000e8d00000, 0x00000000e8e00000|  0%| F|  |TAMS 0x00000000e8d00000, 0x00000000e8d00000| Untracked 
| 142|0x00000000e8e00000, 0x00000000e8e00000, 0x00000000e8f00000|  0%| F|  |TAMS 0x00000000e8e00000, 0x00000000e8e00000| Untracked 
| 143|0x00000000e8f00000, 0x00000000e8f00000, 0x00000000e9000000|  0%| F|  |TAMS 0x00000000e8f00000, 0x00000000e8f00000| Untracked 
| 144|0x00000000e9000000, 0x00000000e9000000, 0x00000000e9100000|  0%| F|  |TAMS 0x00000000e9000000, 0x00000000e9000000| Untracked 
| 145|0x00000000e9100000, 0x00000000e9100000, 0x00000000e9200000|  0%| F|  |TAMS 0x00000000e9100000, 0x00000000e9100000| Untracked 
| 146|0x00000000e9200000, 0x00000000e9200000, 0x00000000e9300000|  0%| F|  |TAMS 0x00000000e9200000, 0x00000000e9200000| Untracked 
| 147|0x00000000e9300000, 0x00000000e9300000, 0x00000000e9400000|  0%| F|  |TAMS 0x00000000e9300000, 0x00000000e9300000| Untracked 
| 148|0x00000000e9400000, 0x00000000e9400000, 0x00000000e9500000|  0%| F|  |TAMS 0x00000000e9400000, 0x00000000e9400000| Untracked 
| 149|0x00000000e9500000, 0x00000000e9500000, 0x00000000e9600000|  0%| F|  |TAMS 0x00000000e9500000, 0x00000000e9500000| Untracked 
| 150|0x00000000e9600000, 0x00000000e9600000, 0x00000000e9700000|  0%| F|  |TAMS 0x00000000e9600000, 0x00000000e9600000| Untracked 
| 151|0x00000000e9700000, 0x00000000e9700000, 0x00000000e9800000|  0%| F|  |TAMS 0x00000000e9700000, 0x00000000e9700000| Untracked 
| 152|0x00000000e9800000, 0x00000000e9800000, 0x00000000e9900000|  0%| F|  |TAMS 0x00000000e9800000, 0x00000000e9800000| Untracked 
| 153|0x00000000e9900000, 0x00000000e9900000, 0x00000000e9a00000|  0%| F|  |TAMS 0x00000000e9900000, 0x00000000e9900000| Untracked 
| 154|0x00000000e9a00000, 0x00000000e9a00000, 0x00000000e9b00000|  0%| F|  |TAMS 0x00000000e9a00000, 0x00000000e9a00000| Untracked 
| 155|0x00000000e9b00000, 0x00000000e9b00000, 0x00000000e9c00000|  0%| F|  |TAMS 0x00000000e9b00000, 0x00000000e9b00000| Untracked 
| 156|0x00000000e9c00000, 0x00000000e9c00000, 0x00000000e9d00000|  0%| F|  |TAMS 0x00000000e9c00000, 0x00000000e9c00000| Untracked 
| 157|0x00000000e9d00000, 0x00000000e9d00000, 0x00000000e9e00000|  0%| F|  |TAMS 0x00000000e9d00000, 0x00000000e9d00000| Untracked 
| 158|0x00000000e9e00000, 0x00000000e9e00000, 0x00000000e9f00000|  0%| F|  |TAMS 0x00000000e9e00000, 0x00000000e9e00000| Untracked 
| 159|0x00000000e9f00000, 0x00000000e9f00000, 0x00000000ea000000|  0%| F|  |TAMS 0x00000000e9f00000, 0x00000000e9f00000| Untracked 
| 160|0x00000000ea000000, 0x00000000ea000000, 0x00000000ea100000|  0%| F|  |TAMS 0x00000000ea000000, 0x00000000ea000000| Untracked 
| 161|0x00000000ea100000, 0x00000000ea100000, 0x00000000ea200000|  0%| F|  |TAMS 0x00000000ea100000, 0x00000000ea100000| Untracked 
| 162|0x00000000ea200000, 0x00000000ea200000, 0x00000000ea300000|  0%| F|  |TAMS 0x00000000ea200000, 0x00000000ea200000| Untracked 
| 163|0x00000000ea300000, 0x00000000ea300000, 0x00000000ea400000|  0%| F|  |TAMS 0x00000000ea300000, 0x00000000ea300000| Untracked 
| 164|0x00000000ea400000, 0x00000000ea400000, 0x00000000ea500000|  0%| F|  |TAMS 0x00000000ea400000, 0x00000000ea400000| Untracked 
| 165|0x00000000ea500000, 0x00000000ea500000, 0x00000000ea600000|  0%| F|  |TAMS 0x00000000ea500000, 0x00000000ea500000| Untracked 
| 166|0x00000000ea600000, 0x00000000ea600000, 0x00000000ea700000|  0%| F|  |TAMS 0x00000000ea600000, 0x00000000ea600000| Untracked 
| 167|0x00000000ea700000, 0x00000000ea700000, 0x00000000ea800000|  0%| F|  |TAMS 0x00000000ea700000, 0x00000000ea700000| Untracked 
| 168|0x00000000ea800000, 0x00000000ea800000, 0x00000000ea900000|  0%| F|  |TAMS 0x00000000ea800000, 0x00000000ea800000| Untracked 
| 169|0x00000000ea900000, 0x00000000ea900000, 0x00000000eaa00000|  0%| F|  |TAMS 0x00000000ea900000, 0x00000000ea900000| Untracked 
| 170|0x00000000eaa00000, 0x00000000eaa00000, 0x00000000eab00000|  0%| F|  |TAMS 0x00000000eaa00000, 0x00000000eaa00000| Untracked 
| 171|0x00000000eab00000, 0x00000000eab00000, 0x00000000eac00000|  0%| F|  |TAMS 0x00000000eab00000, 0x00000000eab00000| Untracked 
| 172|0x00000000eac00000, 0x00000000eac00000, 0x00000000ead00000|  0%| F|  |TAMS 0x00000000eac00000, 0x00000000eac00000| Untracked 
| 173|0x00000000ead00000, 0x00000000ead00000, 0x00000000eae00000|  0%| F|  |TAMS 0x00000000ead00000, 0x00000000ead00000| Untracked 
| 174|0x00000000eae00000, 0x00000000eae00000, 0x00000000eaf00000|  0%| F|  |TAMS 0x00000000eae00000, 0x00000000eae00000| Untracked 
| 175|0x00000000eaf00000, 0x00000000eaf00000, 0x00000000eb000000|  0%| F|  |TAMS 0x00000000eaf00000, 0x00000000eaf00000| Untracked 
| 176|0x00000000eb000000, 0x00000000eb000000, 0x00000000eb100000|  0%| F|  |TAMS 0x00000000eb000000, 0x00000000eb000000| Untracked 
| 177|0x00000000eb100000, 0x00000000eb100000, 0x00000000eb200000|  0%| F|  |TAMS 0x00000000eb100000, 0x00000000eb100000| Untracked 
| 178|0x00000000eb200000, 0x00000000eb200000, 0x00000000eb300000|  0%| F|  |TAMS 0x00000000eb200000, 0x00000000eb200000| Untracked 
| 179|0x00000000eb300000, 0x00000000eb300000, 0x00000000eb400000|  0%| F|  |TAMS 0x00000000eb300000, 0x00000000eb300000| Untracked 
| 180|0x00000000eb400000, 0x00000000eb400000, 0x00000000eb500000|  0%| F|  |TAMS 0x00000000eb400000, 0x00000000eb400000| Untracked 
| 181|0x00000000eb500000, 0x00000000eb500000, 0x00000000eb600000|  0%| F|  |TAMS 0x00000000eb500000, 0x00000000eb500000| Untracked 
| 182|0x00000000eb600000, 0x00000000eb600000, 0x00000000eb700000|  0%| F|  |TAMS 0x00000000eb600000, 0x00000000eb600000| Untracked 
| 183|0x00000000eb700000, 0x00000000eb700000, 0x00000000eb800000|  0%| F|  |TAMS 0x00000000eb700000, 0x00000000eb700000| Untracked 
| 184|0x00000000eb800000, 0x00000000eb800000, 0x00000000eb900000|  0%| F|  |TAMS 0x00000000eb800000, 0x00000000eb800000| Untracked 
| 185|0x00000000eb900000, 0x00000000eb900000, 0x00000000eba00000|  0%| F|  |TAMS 0x00000000eb900000, 0x00000000eb900000| Untracked 
| 186|0x00000000eba00000, 0x00000000eba00000, 0x00000000ebb00000|  0%| F|  |TAMS 0x00000000eba00000, 0x00000000eba00000| Untracked 
| 187|0x00000000ebb00000, 0x00000000ebb00000, 0x00000000ebc00000|  0%| F|  |TAMS 0x00000000ebb00000, 0x00000000ebb00000| Untracked 
| 188|0x00000000ebc00000, 0x00000000ebc00000, 0x00000000ebd00000|  0%| F|  |TAMS 0x00000000ebc00000, 0x00000000ebc00000| Untracked 
| 189|0x00000000ebd00000, 0x00000000ebd00000, 0x00000000ebe00000|  0%| F|  |TAMS 0x00000000ebd00000, 0x00000000ebd00000| Untracked 
| 190|0x00000000ebe00000, 0x00000000ebe00000, 0x00000000ebf00000|  0%| F|  |TAMS 0x00000000ebe00000, 0x00000000ebe00000| Untracked 
| 191|0x00000000ebf00000, 0x00000000ebf00000, 0x00000000ec000000|  0%| F|  |TAMS 0x00000000ebf00000, 0x00000000ebf00000| Untracked 
| 192|0x00000000ec000000, 0x00000000ec000000, 0x00000000ec100000|  0%| F|  |TAMS 0x00000000ec000000, 0x00000000ec000000| Untracked 
| 193|0x00000000ec100000, 0x00000000ec200000, 0x00000000ec200000|100%| E|  |TAMS 0x00000000ec100000, 0x00000000ec100000| Complete 
| 194|0x00000000ec200000, 0x00000000ec300000, 0x00000000ec300000|100%| E|CS|TAMS 0x00000000ec200000, 0x00000000ec200000| Complete 
| 195|0x00000000ec300000, 0x00000000ec400000, 0x00000000ec400000|100%| E|CS|TAMS 0x00000000ec300000, 0x00000000ec300000| Complete 
| 196|0x00000000ec400000, 0x00000000ec500000, 0x00000000ec500000|100%| E|CS|TAMS 0x00000000ec400000, 0x00000000ec400000| Complete 
| 197|0x00000000ec500000, 0x00000000ec600000, 0x00000000ec600000|100%| E|CS|TAMS 0x00000000ec500000, 0x00000000ec500000| Complete 
| 198|0x00000000ec600000, 0x00000000ec700000, 0x00000000ec700000|100%| E|CS|TAMS 0x00000000ec600000, 0x00000000ec600000| Complete 
| 199|0x00000000ec700000, 0x00000000ec7349c0, 0x00000000ec800000| 20%| S|CS|TAMS 0x00000000ec700000, 0x00000000ec700000| Complete 
| 200|0x00000000ec800000, 0x00000000ec900000, 0x00000000ec900000|100%| S|CS|TAMS 0x00000000ec800000, 0x00000000ec800000| Complete 
| 201|0x00000000ec900000, 0x00000000eca00000, 0x00000000eca00000|100%| S|CS|TAMS 0x00000000ec900000, 0x00000000ec900000| Complete 
| 202|0x00000000eca00000, 0x00000000ecb00000, 0x00000000ecb00000|100%| S|CS|TAMS 0x00000000eca00000, 0x00000000eca00000| Complete 
| 203|0x00000000ecb00000, 0x00000000ecc00000, 0x00000000ecc00000|100%| S|CS|TAMS 0x00000000ecb00000, 0x00000000ecb00000| Complete 
| 204|0x00000000ecc00000, 0x00000000ecd00000, 0x00000000ecd00000|100%| E|CS|TAMS 0x00000000ecc00000, 0x00000000ecc00000| Complete 
| 205|0x00000000ecd00000, 0x00000000ece00000, 0x00000000ece00000|100%| E|CS|TAMS 0x00000000ecd00000, 0x00000000ecd00000| Complete 
| 206|0x00000000ece00000, 0x00000000ecf00000, 0x00000000ecf00000|100%| E|CS|TAMS 0x00000000ece00000, 0x00000000ece00000| Complete 
| 207|0x00000000ecf00000, 0x00000000ed000000, 0x00000000ed000000|100%| E|CS|TAMS 0x00000000ecf00000, 0x00000000ecf00000| Complete 
| 208|0x00000000ed000000, 0x00000000ed100000, 0x00000000ed100000|100%| E|CS|TAMS 0x00000000ed000000, 0x00000000ed000000| Complete 
| 209|0x00000000ed100000, 0x00000000ed200000, 0x00000000ed200000|100%| E|CS|TAMS 0x00000000ed100000, 0x00000000ed100000| Complete 
| 210|0x00000000ed200000, 0x00000000ed300000, 0x00000000ed300000|100%| E|CS|TAMS 0x00000000ed200000, 0x00000000ed200000| Complete 
| 211|0x00000000ed300000, 0x00000000ed400000, 0x00000000ed400000|100%| E|CS|TAMS 0x00000000ed300000, 0x00000000ed300000| Complete 
| 212|0x00000000ed400000, 0x00000000ed500000, 0x00000000ed500000|100%| E|CS|TAMS 0x00000000ed400000, 0x00000000ed400000| Complete 
| 213|0x00000000ed500000, 0x00000000ed600000, 0x00000000ed600000|100%| E|CS|TAMS 0x00000000ed500000, 0x00000000ed500000| Complete 
| 214|0x00000000ed600000, 0x00000000ed700000, 0x00000000ed700000|100%| E|CS|TAMS 0x00000000ed600000, 0x00000000ed600000| Complete 
| 215|0x00000000ed700000, 0x00000000ed800000, 0x00000000ed800000|100%| E|CS|TAMS 0x00000000ed700000, 0x00000000ed700000| Complete 
| 216|0x00000000ed800000, 0x00000000ed900000, 0x00000000ed900000|100%| E|CS|TAMS 0x00000000ed800000, 0x00000000ed800000| Complete 
| 217|0x00000000ed900000, 0x00000000eda00000, 0x00000000eda00000|100%| E|CS|TAMS 0x00000000ed900000, 0x00000000ed900000| Complete 
| 218|0x00000000eda00000, 0x00000000edb00000, 0x00000000edb00000|100%| E|CS|TAMS 0x00000000eda00000, 0x00000000eda00000| Complete 
| 219|0x00000000edb00000, 0x00000000edc00000, 0x00000000edc00000|100%| E|CS|TAMS 0x00000000edb00000, 0x00000000edb00000| Complete 
| 220|0x00000000edc00000, 0x00000000edd00000, 0x00000000edd00000|100%| E|CS|TAMS 0x00000000edc00000, 0x00000000edc00000| Complete 
| 221|0x00000000edd00000, 0x00000000ede00000, 0x00000000ede00000|100%| E|CS|TAMS 0x00000000edd00000, 0x00000000edd00000| Complete 
| 222|0x00000000ede00000, 0x00000000edf00000, 0x00000000edf00000|100%| E|CS|TAMS 0x00000000ede00000, 0x00000000ede00000| Complete 
| 223|0x00000000edf00000, 0x00000000ee000000, 0x00000000ee000000|100%| E|CS|TAMS 0x00000000edf00000, 0x00000000edf00000| Complete 
| 224|0x00000000ee000000, 0x00000000ee100000, 0x00000000ee100000|100%| E|CS|TAMS 0x00000000ee000000, 0x00000000ee000000| Complete 
| 225|0x00000000ee100000, 0x00000000ee200000, 0x00000000ee200000|100%| E|CS|TAMS 0x00000000ee100000, 0x00000000ee100000| Complete 
| 226|0x00000000ee200000, 0x00000000ee300000, 0x00000000ee300000|100%| E|CS|TAMS 0x00000000ee200000, 0x00000000ee200000| Complete 
| 227|0x00000000ee300000, 0x00000000ee400000, 0x00000000ee400000|100%| E|CS|TAMS 0x00000000ee300000, 0x00000000ee300000| Complete 
| 228|0x00000000ee400000, 0x00000000ee500000, 0x00000000ee500000|100%| E|CS|TAMS 0x00000000ee400000, 0x00000000ee400000| Complete 
| 229|0x00000000ee500000, 0x00000000ee600000, 0x00000000ee600000|100%| E|CS|TAMS 0x00000000ee500000, 0x00000000ee500000| Complete 
| 230|0x00000000ee600000, 0x00000000ee700000, 0x00000000ee700000|100%| E|CS|TAMS 0x00000000ee600000, 0x00000000ee600000| Complete 
| 231|0x00000000ee700000, 0x00000000ee800000, 0x00000000ee800000|100%| E|CS|TAMS 0x00000000ee700000, 0x00000000ee700000| Complete 
| 232|0x00000000ee800000, 0x00000000ee900000, 0x00000000ee900000|100%| E|CS|TAMS 0x00000000ee800000, 0x00000000ee800000| Complete 
| 233|0x00000000ee900000, 0x00000000eea00000, 0x00000000eea00000|100%| E|CS|TAMS 0x00000000ee900000, 0x00000000ee900000| Complete 
| 234|0x00000000eea00000, 0x00000000eeb00000, 0x00000000eeb00000|100%| E|CS|TAMS 0x00000000eea00000, 0x00000000eea00000| Complete 
| 235|0x00000000eeb00000, 0x00000000eec00000, 0x00000000eec00000|100%| E|CS|TAMS 0x00000000eeb00000, 0x00000000eeb00000| Complete 
| 236|0x00000000eec00000, 0x00000000eed00000, 0x00000000eed00000|100%| E|CS|TAMS 0x00000000eec00000, 0x00000000eec00000| Complete 
| 237|0x00000000eed00000, 0x00000000eee00000, 0x00000000eee00000|100%| E|CS|TAMS 0x00000000eed00000, 0x00000000eed00000| Complete 
| 238|0x00000000eee00000, 0x00000000eef00000, 0x00000000eef00000|100%| E|CS|TAMS 0x00000000eee00000, 0x00000000eee00000| Complete 
| 239|0x00000000eef00000, 0x00000000ef000000, 0x00000000ef000000|100%| E|CS|TAMS 0x00000000eef00000, 0x00000000eef00000| Complete 
| 240|0x00000000ef000000, 0x00000000ef100000, 0x00000000ef100000|100%| E|CS|TAMS 0x00000000ef000000, 0x00000000ef000000| Complete 
| 241|0x00000000ef100000, 0x00000000ef200000, 0x00000000ef200000|100%| E|CS|TAMS 0x00000000ef100000, 0x00000000ef100000| Complete 
| 242|0x00000000ef200000, 0x00000000ef300000, 0x00000000ef300000|100%| E|CS|TAMS 0x00000000ef200000, 0x00000000ef200000| Complete 
| 243|0x00000000ef300000, 0x00000000ef400000, 0x00000000ef400000|100%| E|CS|TAMS 0x00000000ef300000, 0x00000000ef300000| Complete 
| 244|0x00000000ef400000, 0x00000000ef500000, 0x00000000ef500000|100%| E|CS|TAMS 0x00000000ef400000, 0x00000000ef400000| Complete 
| 245|0x00000000ef500000, 0x00000000ef600000, 0x00000000ef600000|100%| E|CS|TAMS 0x00000000ef500000, 0x00000000ef500000| Complete 
| 246|0x00000000ef600000, 0x00000000ef700000, 0x00000000ef700000|100%| E|CS|TAMS 0x00000000ef600000, 0x00000000ef600000| Complete 
| 247|0x00000000ef700000, 0x00000000ef800000, 0x00000000ef800000|100%| E|CS|TAMS 0x00000000ef700000, 0x00000000ef700000| Complete 
| 248|0x00000000ef800000, 0x00000000ef900000, 0x00000000ef900000|100%| E|CS|TAMS 0x00000000ef800000, 0x00000000ef800000| Complete 
| 249|0x00000000ef900000, 0x00000000efa00000, 0x00000000efa00000|100%| E|CS|TAMS 0x00000000ef900000, 0x00000000ef900000| Complete 
| 250|0x00000000efa00000, 0x00000000efb00000, 0x00000000efb00000|100%| E|CS|TAMS 0x00000000efa00000, 0x00000000efa00000| Complete 
| 251|0x00000000efb00000, 0x00000000efc00000, 0x00000000efc00000|100%| E|CS|TAMS 0x00000000efb00000, 0x00000000efb00000| Complete 
| 252|0x00000000efc00000, 0x00000000efd00000, 0x00000000efd00000|100%| E|CS|TAMS 0x00000000efc00000, 0x00000000efc00000| Complete 
| 253|0x00000000efd00000, 0x00000000efe00000, 0x00000000efe00000|100%| E|CS|TAMS 0x00000000efd00000, 0x00000000efd00000| Complete 
| 254|0x00000000efe00000, 0x00000000eff00000, 0x00000000eff00000|100%| E|CS|TAMS 0x00000000efe00000, 0x00000000efe00000| Complete 
| 255|0x00000000eff00000, 0x00000000f0000000, 0x00000000f0000000|100%| E|CS|TAMS 0x00000000eff00000, 0x00000000eff00000| Complete 

Card table byte_map: [0x000002383aa30000,0x000002383ab30000] _byte_map_base: 0x000002383a330000

Marking Bits (Prev, Next): (CMBitMap*) 0x0000023822f0d540, (CMBitMap*) 0x0000023822f0d500
 Prev Bits: [0x000002383b430000, 0x000002383bc30000)
 Next Bits: [0x000002383ac30000, 0x000002383b430000)

Polling page: 0x00000238225b0000

Metaspace:

Usage:
  Non-class:     54.78 MB used.
      Class:      8.59 MB used.
       Both:     63.36 MB used.

Virtual space:
  Non-class space:       64.00 MB reserved,      55.56 MB ( 87%) committed,  1 nodes.
      Class space:      308.00 MB reserved,       9.44 MB (  3%) committed,  1 nodes.
             Both:      372.00 MB reserved,      65.00 MB ( 17%) committed. 

Chunk freelists:
   Non-Class:  224.00 KB
       Class:  2.59 MB
        Both:  2.81 MB

MaxMetaspaceSize: 384.00 MB
CompressedClassSpaceSize: 308.00 MB
Initial GC threshold: 21.00 MB
Current GC threshold: 99.69 MB
CDS: on
MetaspaceReclaimPolicy: balanced
 - commit_granule_bytes: 65536.
 - commit_granule_words: 8192.
 - virtual_space_node_default_size: 8388608.
 - enlarge_chunks_in_place: 1.
 - new_chunks_are_fully_committed: 0.
 - uncommit_free_chunks: 1.
 - use_allocation_guard: 0.


Internal statistics:

num_allocs_failed_limit: 12.
num_arena_births: 3076.
num_arena_deaths: 0.
num_vsnodes_births: 2.
num_vsnodes_deaths: 0.
num_space_committed: 1040.
num_space_uncommitted: 0.
num_chunks_returned_to_freelist: 12.
num_chunks_taken_from_freelist: 5926.
num_chunk_merges: 12.
num_chunk_splits: 3820.
num_chunks_enlarged: 2312.
num_inconsistent_stats: 0.

CodeHeap 'non-profiled nmethods': size=119168Kb used=3415Kb max_used=3415Kb free=115752Kb
 bounds [0x0000023832c50000, 0x0000023832fb0000, 0x000002383a0b0000]
CodeHeap 'profiled nmethods': size=119104Kb used=13003Kb max_used=13003Kb free=106100Kb
 bounds [0x000002382b0b0000, 0x000002382bd70000, 0x0000023832500000]
CodeHeap 'non-nmethods': size=7488Kb used=4205Kb max_used=4229Kb free=3282Kb
 bounds [0x0000023832500000, 0x0000023832930000, 0x0000023832c50000]
 total_blobs=7641 nmethods=6693 adapters=855
 compilation: enabled
              stopped_count=0, restarted_count=0
 full_count=0

Compilation events (20 events):
Event: 11.453 Thread 0x0000023848659930 nmethod 7513 0x0000023832fa2f10 code [0x0000023832fa30a0, 0x0000023832fa31e8]
Event: 11.454 Thread 0x00000238480e3840 nmethod 7502 0x0000023832fa3310 code [0x0000023832fa34a0, 0x0000023832fa3618]
Event: 11.455 Thread 0x000002384794fa60 nmethod 7504 0x0000023832fa3790 code [0x0000023832fa3940, 0x0000023832fa3c78]
Event: 11.460 Thread 0x000002383ec49d90 7514   !   3       java.lang.reflect.Proxy$ProxyBuilder::ensureVisible (53 bytes)
Event: 11.460 Thread 0x000002383ed4c1d0 7515       3       java.lang.reflect.Method::toShortSignature (78 bytes)
Event: 11.460 Thread 0x000002383ed4ce90 7516       3       java.lang.reflect.ProxyGenerator::addProxyMethod (190 bytes)
Event: 11.461 Thread 0x000002383ec49d90 nmethod 7514 0x000002382bd59290 code [0x000002382bd59500, 0x000002382bd59d18]
Event: 11.461 Thread 0x000002383ed4c1d0 nmethod 7515 0x000002382bd5a110 code [0x000002382bd5a360, 0x000002382bd5aa98]
Event: 11.462 Thread 0x000002383ed4ce90 nmethod 7516 0x000002382bd5ae10 code [0x000002382bd5b180, 0x000002382bd5c998]
Event: 11.463 Thread 0x000002383ed4ce90 7518       3       java.lang.reflect.Proxy$ProxyBuilder::ensureAccess (39 bytes)
Event: 11.464 Thread 0x000002383ed4ce90 nmethod 7518 0x000002382bd5d210 code [0x000002382bd5d480, 0x000002382bd5dcc8]
Event: 11.464 Thread 0x00000238480e3840 7519       4       java.lang.Class::copyMethods (36 bytes)
Event: 11.470 Thread 0x000002383ec3de50 7520   !   4       com.google.common.reflect.TypeVisitor::visit (244 bytes)
Event: 11.470 Thread 0x000002383ed4c750 7521       3       com.google.common.collect.ImmutableMap$Builder::<init> (23 bytes)
Event: 11.470 Thread 0x000002383ed4c750 nmethod 7521 0x000002382bd5e090 code [0x000002382bd5e240, 0x000002382bd5e4b8]
Event: 11.470 Thread 0x000002383ec49d90 7522       3       org.objectweb.asm.SymbolTable::addMergedType (164 bytes)
Event: 11.471 Thread 0x000002383ec49d90 nmethod 7522 0x000002382bd5e590 code [0x000002382bd5e7a0, 0x000002382bd5edb8]
Event: 11.474 Thread 0x00000238480e3840 nmethod 7519 0x0000023832fa4210 code [0x0000023832fa43c0, 0x0000023832fa4a98]
Event: 11.477 Thread 0x000002383ec49d90 7523       3       kotlin.reflect.jvm.internal.CachesKt::getOrCreateKotlinClass (23 bytes)
Event: 11.478 Thread 0x000002383ec49d90 nmethod 7523 0x000002382bd5f190 code [0x000002382bd5f420, 0x000002382bd5ff38]

GC Heap History (18 events):
Event: 1.079 GC heap before
{Heap before GC invocations=0 (full 0):
 garbage-first heap   total 262144K, used 26624K [0x00000000e0000000, 0x0000000100000000)
  region size 1024K, 23 young (23552K), 0 survivors (0K)
 Metaspace       used 3210K, committed 3328K, reserved 380928K
  class space    used 389K, committed 448K, reserved 315392K
}
Event: 1.088 GC heap after
{Heap after GC invocations=1 (full 0):
 garbage-first heap   total 262144K, used 10257K [0x00000000e0000000, 0x0000000100000000)
  region size 1024K, 3 young (3072K), 3 survivors (3072K)
 Metaspace       used 3210K, committed 3328K, reserved 380928K
  class space    used 389K, committed 448K, reserved 315392K
}
Event: 1.726 GC heap before
{Heap before GC invocations=1 (full 0):
 garbage-first heap   total 262144K, used 39953K [0x00000000e0000000, 0x0000000100000000)
  region size 1024K, 31 young (31744K), 3 survivors (3072K)
 Metaspace       used 4156K, committed 4352K, reserved 380928K
  class space    used 483K, committed 576K, reserved 315392K
}
Event: 1.732 GC heap after
{Heap after GC invocations=2 (full 0):
 garbage-first heap   total 262144K, used 13139K [0x00000000e0000000, 0x0000000100000000)
  region size 1024K, 3 young (3072K), 3 survivors (3072K)
 Metaspace       used 4156K, committed 4352K, reserved 380928K
  class space    used 483K, committed 576K, reserved 315392K
}
Event: 4.686 GC heap before
{Heap before GC invocations=2 (full 0):
 garbage-first heap   total 262144K, used 114515K [0x00000000e0000000, 0x0000000100000000)
  region size 1024K, 103 young (105472K), 3 survivors (3072K)
 Metaspace       used 20828K, committed 21504K, reserved 380928K
  class space    used 3009K, committed 3392K, reserved 315392K
}
Event: 4.695 GC heap after
{Heap after GC invocations=3 (full 0):
 garbage-first heap   total 262144K, used 22181K [0x00000000e0000000, 0x0000000100000000)
  region size 1024K, 12 young (12288K), 12 survivors (12288K)
 Metaspace       used 20828K, committed 21504K, reserved 380928K
  class space    used 3009K, committed 3392K, reserved 315392K
}
Event: 6.636 GC heap before
{Heap before GC invocations=4 (full 0):
 garbage-first heap   total 262144K, used 129701K [0x00000000e0000000, 0x0000000100000000)
  region size 1024K, 114 young (116736K), 12 survivors (12288K)
 Metaspace       used 34783K, committed 35968K, reserved 380928K
  class space    used 4746K, committed 5376K, reserved 315392K
}
Event: 6.646 GC heap after
{Heap after GC invocations=5 (full 0):
 garbage-first heap   total 262144K, used 30747K [0x00000000e0000000, 0x0000000100000000)
  region size 1024K, 9 young (9216K), 9 survivors (9216K)
 Metaspace       used 34783K, committed 35968K, reserved 380928K
  class space    used 4746K, committed 5376K, reserved 315392K
}
Event: 6.709 GC heap before
{Heap before GC invocations=5 (full 0):
 garbage-first heap   total 262144K, used 33819K [0x00000000e0000000, 0x0000000100000000)
  region size 1024K, 12 young (12288K), 9 survivors (9216K)
 Metaspace       used 34954K, committed 36096K, reserved 380928K
  class space    used 4764K, committed 5376K, reserved 315392K
}
Event: 6.718 GC heap after
{Heap after GC invocations=6 (full 0):
 garbage-first heap   total 262144K, used 31130K [0x00000000e0000000, 0x0000000100000000)
  region size 1024K, 2 young (2048K), 2 survivors (2048K)
 Metaspace       used 34954K, committed 36096K, reserved 380928K
  class space    used 4764K, committed 5376K, reserved 315392K
}
Event: 6.765 GC heap before
{Heap before GC invocations=6 (full 0):
 garbage-first heap   total 262144K, used 33178K [0x00000000e0000000, 0x0000000100000000)
  region size 1024K, 5 young (5120K), 2 survivors (2048K)
 Metaspace       used 35115K, committed 36288K, reserved 380928K
  class space    used 4788K, committed 5440K, reserved 315392K
}
Event: 6.767 GC heap after
{Heap after GC invocations=7 (full 0):
 garbage-first heap   total 262144K, used 30838K [0x00000000e0000000, 0x0000000100000000)
  region size 1024K, 2 young (2048K), 2 survivors (2048K)
 Metaspace       used 35115K, committed 36288K, reserved 380928K
  class space    used 4788K, committed 5440K, reserved 315392K
}
Event: 9.612 GC heap before
{Heap before GC invocations=8 (full 0):
 garbage-first heap   total 262144K, used 176246K [0x00000000e0000000, 0x0000000100000000)
  region size 1024K, 141 young (144384K), 2 survivors (2048K)
 Metaspace       used 53957K, committed 55552K, reserved 380928K
  class space    used 7404K, committed 8256K, reserved 315392K
}
Event: 9.621 GC heap after
{Heap after GC invocations=9 (full 0):
 garbage-first heap   total 262144K, used 39201K [0x00000000e0000000, 0x0000000100000000)
  region size 1024K, 10 young (10240K), 10 survivors (10240K)
 Metaspace       used 53957K, committed 55552K, reserved 380928K
  class space    used 7404K, committed 8256K, reserved 315392K
}
Event: 9.649 GC heap before
{Heap before GC invocations=9 (full 0):
 garbage-first heap   total 262144K, used 41249K [0x00000000e0000000, 0x0000000100000000)
  region size 1024K, 12 young (12288K), 10 survivors (10240K)
 Metaspace       used 54112K, committed 55680K, reserved 380928K
  class space    used 7422K, committed 8256K, reserved 315392K
}
Event: 9.657 GC heap after
{Heap after GC invocations=10 (full 0):
 garbage-first heap   total 262144K, used 40170K [0x00000000e0000000, 0x0000000100000000)
  region size 1024K, 2 young (2048K), 2 survivors (2048K)
 Metaspace       used 54112K, committed 55680K, reserved 380928K
  class space    used 7422K, committed 8256K, reserved 315392K
}
Event: 10.754 GC heap before
{Heap before GC invocations=10 (full 0):
 garbage-first heap   total 262144K, used 96490K [0x00000000e0000000, 0x0000000100000000)
  region size 1024K, 52 young (53248K), 2 survivors (2048K)
 Metaspace       used 59411K, committed 61056K, reserved 380928K
  class space    used 8069K, committed 8896K, reserved 315392K
}
Event: 10.759 GC heap after
{Heap after GC invocations=11 (full 0):
 garbage-first heap   total 262144K, used 50412K [0x00000000e0000000, 0x0000000100000000)
  region size 1024K, 5 young (5120K), 5 survivors (5120K)
 Metaspace       used 59411K, committed 61056K, reserved 380928K
  class space    used 8069K, committed 8896K, reserved 315392K
}

Dll operation events (15 events):
Event: 0.030 Loaded shared library C:\Users\ebyrd\.jdks\corretto-19.0.2\bin\java.dll
Event: 0.054 Loaded shared library C:\Users\ebyrd\.jdks\corretto-19.0.2\bin\jsvml.dll
Event: 0.163 Loaded shared library C:\Users\ebyrd\.jdks\corretto-19.0.2\bin\zip.dll
Event: 0.169 Loaded shared library C:\Users\ebyrd\.jdks\corretto-19.0.2\bin\instrument.dll
Event: 0.186 Loaded shared library C:\Users\ebyrd\.jdks\corretto-19.0.2\bin\net.dll
Event: 0.193 Loaded shared library C:\Users\ebyrd\.jdks\corretto-19.0.2\bin\nio.dll
Event: 0.203 Loaded shared library C:\Users\ebyrd\.jdks\corretto-19.0.2\bin\zip.dll
Event: 0.556 Loaded shared library C:\Users\ebyrd\.jdks\corretto-19.0.2\bin\jimage.dll
Event: 0.687 Loaded shared library C:\Users\ebyrd\.jdks\corretto-19.0.2\bin\verify.dll
Event: 0.922 Loaded shared library C:\Users\ebyrd\.gradle\native\68d5fa5c4cc2d200863cafc0d521ce42e7d3e7ee720ec0a83991735586a16f82\windows-amd64\native-platform.dll
Event: 0.942 Loaded shared library C:\Users\ebyrd\.gradle\native\e376f236ea51e6404a007f0833ffe2c6e607c4080706a723a18a27aeea778392\windows-amd64\native-platform-file-events.dll
Event: 2.041 Loaded shared library C:\Users\ebyrd\.jdks\corretto-19.0.2\bin\management.dll
Event: 2.048 Loaded shared library C:\Users\ebyrd\.jdks\corretto-19.0.2\bin\management_ext.dll
Event: 2.411 Loaded shared library C:\Users\ebyrd\.jdks\corretto-19.0.2\bin\extnet.dll
Event: 2.885 Loaded shared library C:\Users\ebyrd\.jdks\corretto-19.0.2\bin\sunmscapi.dll

Deoptimization events (20 events):
Event: 11.180 Thread 0x0000023844c054a0 Uncommon trap: trap_request=0xfffffff4 fr.pc=0x0000023832f316d8 relative=0x00000000000004d8
Event: 11.180 Thread 0x0000023844c054a0 Uncommon trap: reason=null_check action=make_not_entrant pc=0x0000023832f316d8 method=org.gradle.util.internal.SimpleMapInterner.intern(Ljava/lang/Object;)Ljava/lang/Object; @ 2 c2
Event: 11.180 Thread 0x0000023844c054a0 DEOPT PACKING pc=0x0000023832f316d8 sp=0x000000e4440f81a0
Event: 11.180 Thread 0x0000023844c054a0 DEOPT UNPACKING pc=0x000002383256a5a3 sp=0x000000e4440f8158 mode 2
Event: 11.180 Thread 0x0000023844c054a0 Uncommon trap: trap_request=0xffffff45 fr.pc=0x0000023832f32624 relative=0x00000000000004c4
Event: 11.180 Thread 0x0000023844c054a0 Uncommon trap: reason=unstable_if action=reinterpret pc=0x0000023832f32624 method=org.gradle.util.internal.SimpleMapInterner.intern(Ljava/lang/String;)Ljava/lang/String; @ 1 c2
Event: 11.180 Thread 0x0000023844c054a0 DEOPT PACKING pc=0x0000023832f32624 sp=0x000000e4440f8130
Event: 11.180 Thread 0x0000023844c054a0 DEOPT UNPACKING pc=0x000002383256a5a3 sp=0x000000e4440f80e8 mode 2
Event: 11.202 Thread 0x0000023844c054a0 DEOPT PACKING pc=0x000002382b1f3c53 sp=0x000000e4440f6970
Event: 11.202 Thread 0x0000023844c054a0 DEOPT UNPACKING pc=0x000002383256b0e3 sp=0x000000e4440f5e80 mode 0
Event: 11.282 Thread 0x0000023844c054a0 DEOPT PACKING pc=0x000002382b5f170e sp=0x000000e4440f6820
Event: 11.282 Thread 0x0000023844c054a0 DEOPT UNPACKING pc=0x000002383256b0e3 sp=0x000000e4440f5da0 mode 0
Event: 11.469 Thread 0x0000023844c054a0 Uncommon trap: trap_request=0xffffff45 fr.pc=0x0000023832dc2838 relative=0x0000000000000278
Event: 11.469 Thread 0x0000023844c054a0 Uncommon trap: reason=unstable_if action=reinterpret pc=0x0000023832dc2838 method=org.gradle.internal.instantiation.generator.AbstractClassGenerator$InjectionAnnotationValidator.validateMethod(Ljava/lang/reflect/Method;Lorg/gradle/internal/reflect/Propert
Event: 11.469 Thread 0x0000023844c054a0 DEOPT PACKING pc=0x0000023832dc2838 sp=0x000000e4440f7b70
Event: 11.469 Thread 0x0000023844c054a0 DEOPT UNPACKING pc=0x000002383256a5a3 sp=0x000000e4440f7b20 mode 2
Event: 11.469 Thread 0x0000023844c054a0 Uncommon trap: trap_request=0xffffffde fr.pc=0x0000023832f65cbc relative=0x000000000000073c
Event: 11.469 Thread 0x0000023844c054a0 Uncommon trap: reason=class_check action=maybe_recompile pc=0x0000023832f65cbc method=org.gradle.internal.instantiation.generator.AbstractClassGenerator$InjectionAnnotationValidator.validateMethod(Ljava/lang/reflect/Method;Lorg/gradle/internal/reflect/Pro
Event: 11.469 Thread 0x0000023844c054a0 DEOPT PACKING pc=0x0000023832f65cbc sp=0x000000e4440f7a80
Event: 11.469 Thread 0x0000023844c054a0 DEOPT UNPACKING pc=0x000002383256a5a3 sp=0x000000e4440f7a70 mode 2

Classes loaded (20 events):
Event: 11.066 Loading class javax/management/NotificationFilter
Event: 11.066 Loading class javax/management/NotificationFilter done
Event: 11.066 Loading class javax/management/ListenerNotFoundException
Event: 11.066 Loading class javax/management/OperationsException
Event: 11.066 Loading class javax/management/JMException
Event: 11.066 Loading class javax/management/JMException done
Event: 11.066 Loading class javax/management/OperationsException done
Event: 11.066 Loading class javax/management/ListenerNotFoundException done
Event: 11.066 Loading class jdk/jfr/Recording
Event: 11.067 Loading class jdk/jfr/Recording done
Event: 11.067 Loading class jdk/jfr/FlightRecorder
Event: 11.067 Loading class jdk/jfr/FlightRecorder done
Event: 11.067 Loading class jdk/management/jfr/FlightRecorderMXBeanImpl$MXBeanListener
Event: 11.067 Loading class jdk/jfr/FlightRecorderListener
Event: 11.067 Loading class jdk/jfr/FlightRecorderListener done
Event: 11.067 Loading class jdk/management/jfr/FlightRecorderMXBeanImpl$MXBeanListener done
Event: 11.094 Loading class com/sun/jmx/mbeanserver/StandardMBeanSupport
Event: 11.094 Loading class com/sun/jmx/mbeanserver/StandardMBeanSupport done
Event: 11.095 Loading class com/sun/jmx/mbeanserver/StandardMBeanIntrospector
Event: 11.095 Loading class com/sun/jmx/mbeanserver/StandardMBeanIntrospector done

Classes unloaded (0 events):
No events

Classes redefined (0 events):
No events

Internal exceptions (20 events):
Event: 9.896 Thread 0x0000023844c054a0 Exception <a 'java/lang/NoSuchMethodError'{0x00000000ef337bc0}: static Lorg/gradle/api/internal/catalog/VersionModel;.<clinit>()V> (0x00000000ef337bc0) 
thrown [s\src\hotspot\share\prims\jni.cpp, line 1107]
Event: 9.898 Thread 0x0000023844c054a0 Exception <a 'java/lang/NoSuchMethodError'{0x00000000ef358738}: 'void java.lang.invoke.DirectMethodHandle$Holder.invokeSpecial(java.lang.Object, java.lang.Object, java.lang.Object, int)'> (0x00000000ef358738) 
thrown [s\src\hotspot\share\interpreter\linkResolver.cpp, line 774]
Event: 10.894 Thread 0x0000023844c054a0 Exception <a 'java/lang/NoSuchMethodError'{0x00000000ef5b7818}: static Lorg/jetbrains/kotlin/gradle/plugin/internal/DefaultConfigurationTimePropertiesAccessorVariantFactory;.<clinit>()V> (0x00000000ef5b7818) 
thrown [s\src\hotspot\share\prims\jni.cpp, line 1107]
Event: 10.895 Thread 0x0000023844c054a0 Exception <a 'java/lang/NoSuchMethodError'{0x00000000ef5d5f08}: static Lorg/jetbrains/kotlin/gradle/plugin/internal/ProjectIsolationStartParameterAccessorG82$Factory;.<clinit>()V> (0x00000000ef5d5f08) 
thrown [s\src\hotspot\share\prims\jni.cpp, line 1107]
Event: 10.896 Thread 0x0000023844c054a0 Exception <a 'java/lang/NoSuchMethodError'{0x00000000ef5f5010}: static Lorg/jetbrains/kotlin/gradle/plugin/internal/DefaultSourceSetCompatibilityHelperVariantFactory;.<clinit>()V> (0x00000000ef5f5010) 
thrown [s\src\hotspot\share\prims\jni.cpp, line 1107]
Event: 10.898 Thread 0x0000023844c054a0 Exception <a 'java/lang/NoSuchMethodError'{0x00000000ef420bb8}: static Lorg/jetbrains/kotlin/gradle/plugin/internal/DefaultArtifactTypeAttributeAccessorVariantFactory;.<clinit>()V> (0x00000000ef420bb8) 
thrown [s\src\hotspot\share\prims\jni.cpp, line 1107]
Event: 10.899 Thread 0x0000023844c054a0 Exception <a 'java/lang/NoSuchMethodError'{0x00000000ef44ce98}: static Lorg/jetbrains/kotlin/gradle/plugin/internal/DefaultCompatibilityConventionRegistrar$Factory;.<clinit>()V> (0x00000000ef44ce98) 
thrown [s\src\hotspot\share\prims\jni.cpp, line 1107]
Event: 10.900 Thread 0x0000023844c054a0 Exception <a 'java/lang/NoSuchMethodError'{0x00000000ef46bef0}: static Lorg/jetbrains/kotlin/gradle/plugin/internal/DefaultJavaSourceSetsAccessorVariantFactory;.<clinit>()V> (0x00000000ef46bef0) 
thrown [s\src\hotspot\share\prims\jni.cpp, line 1107]
Event: 10.901 Thread 0x0000023844c054a0 Exception <a 'java/lang/NoSuchMethodError'{0x00000000ef48a820}: static Lorg/jetbrains/kotlin/gradle/plugin/internal/DefaultIdeaSyncDetectorVariantFactory;.<clinit>()V> (0x00000000ef48a820) 
thrown [s\src\hotspot\share\prims\jni.cpp, line 1107]
Event: 10.902 Thread 0x0000023844c054a0 Exception <a 'java/lang/NoSuchMethodError'{0x00000000ef4aa998}: static Lorg/jetbrains/kotlin/gradle/plugin/internal/DefaultKotlinTestReportCompatibilityHelperVariantFactory;.<clinit>()V> (0x00000000ef4aa998) 
thrown [s\src\hotspot\share\prims\jni.cpp, line 1107]
Event: 10.904 Thread 0x0000023844c054a0 Exception <a 'java/lang/NoSuchMethodError'{0x00000000ef4c9f50}: static Lorg/jetbrains/kotlin/gradle/plugin/internal/DefaultMppTestReportHelperVariantFactory;.<clinit>()V> (0x00000000ef4c9f50) 
thrown [s\src\hotspot\share\prims\jni.cpp, line 1107]
Event: 10.906 Thread 0x0000023844c054a0 Exception <a 'java/lang/NoSuchMethodError'{0x00000000ef4f6358}: static Lorg/jetbrains/kotlin/gradle/plugin/internal/ConfigurationCacheStartParameterAccessorG82$Factory;.<clinit>()V> (0x00000000ef4f6358) 
thrown [s\src\hotspot\share\prims\jni.cpp, line 1107]
Event: 10.908 Thread 0x0000023844c054a0 Exception <a 'java/lang/NoSuchMethodError'{0x00000000ef3169d0}: static Lorg/jetbrains/kotlin/gradle/plugin/internal/MavenPluginConfigurator$DefaultMavenPluginConfiguratorVariantFactory;.<clinit>()V> (0x00000000ef3169d0) 
thrown [s\src\hotspot\share\prims\jni.cpp, line 1107]
Event: 10.909 Thread 0x0000023844c054a0 Exception <a 'java/lang/NoSuchMethodError'{0x00000000ef3350f8}: static Lorg/jetbrains/kotlin/gradle/targets/js/nodejs/DefaultUnameExecutorVariantFactory;.<clinit>()V> (0x00000000ef3350f8) 
thrown [s\src\hotspot\share\prims\jni.cpp, line 1107]
Event: 10.910 Thread 0x0000023844c054a0 Exception <a 'java/lang/NoSuchMethodError'{0x00000000ef354520}: static Lorg/jetbrains/kotlin/gradle/plugin/internal/DefaultBasePluginConfigurationVariantFactory;.<clinit>()V> (0x00000000ef354520) 
thrown [s\src\hotspot\share\prims\jni.cpp, line 1107]
Event: 10.911 Thread 0x0000023844c054a0 Exception <a 'java/lang/NoSuchMethodError'{0x00000000ef373a80}: static Lorg/jetbrains/kotlin/gradle/plugin/internal/DefaultAttributeConfigurationHelperVariantFactory;.<clinit>()V> (0x00000000ef373a80) 
thrown [s\src\hotspot\share\prims\jni.cpp, line 1107]
Event: 10.966 Thread 0x0000023844c054a0 Exception <a 'java/lang/IncompatibleClassChangeError'{0x00000000eefb51b8}: Found class java.lang.Object, but interface was expected> (0x00000000eefb51b8) 
thrown [s\src\hotspot\share\interpreter\linkResolver.cpp, line 841]
Event: 11.180 Thread 0x0000023844c054a0 Implicit null exception at 0x0000023832f3122f to 0x0000023832f316c8
Event: 11.180 Thread 0x0000023844c054a0 Implicit null exception at 0x0000023832f32194 to 0x0000023832f3260c
Event: 11.462 Thread 0x0000023844c054a0 Exception <a 'java/lang/NoSuchMethodError'{0x00000000ed1ad6d8}: 'int java.lang.invoke.DirectMethodHandle$Holder.invokeInterface(java.lang.Object, java.lang.Object, java.lang.Object, java.lang.Object)'> (0x00000000ed1ad6d8) 
thrown [s\src\hotspot\share\interpreter\linkResolver.cpp, line 774]

VM Operations (20 events):
Event: 9.649 Executing VM operation: G1CollectForAllocation
Event: 9.658 Executing VM operation: G1CollectForAllocation done
Event: 9.878 Executing VM operation: HandshakeAllThreads
Event: 9.878 Executing VM operation: HandshakeAllThreads done
Event: 10.017 Executing VM operation: ICBufferFull
Event: 10.017 Executing VM operation: ICBufferFull done
Event: 10.114 Executing VM operation: HandshakeAllThreads
Event: 10.114 Executing VM operation: HandshakeAllThreads done
Event: 10.754 Executing VM operation: CollectForMetadataAllocation
Event: 10.759 Executing VM operation: CollectForMetadataAllocation done
Event: 10.781 Executing VM operation: G1PauseRemark
Event: 10.789 Executing VM operation: G1PauseRemark done
Event: 10.800 Executing VM operation: G1PauseCleanup
Event: 10.800 Executing VM operation: G1PauseCleanup done
Event: 11.156 Executing VM operation: HandshakeAllThreads
Event: 11.157 Executing VM operation: HandshakeAllThreads done
Event: 11.165 Executing VM operation: HandshakeAllThreads
Event: 11.165 Executing VM operation: HandshakeAllThreads done
Event: 11.310 Executing VM operation: ICBufferFull
Event: 11.310 Executing VM operation: ICBufferFull done

Events (20 events):
Event: 10.252 Thread 0x000002384575e440 Thread added: 0x000002384575e440
Event: 10.252 Thread 0x00000238457633f0 Thread added: 0x00000238457633f0
Event: 10.252 Thread 0x000002384575c9b0 Thread added: 0x000002384575c9b0
Event: 10.253 Thread 0x0000023845761410 Thread added: 0x0000023845761410
Event: 10.253 Thread 0x0000023845760ec0 Thread added: 0x0000023845760ec0
Event: 10.254 Thread 0x0000023845761eb0 Thread added: 0x0000023845761eb0
Event: 10.254 Thread 0x0000023845761960 Thread added: 0x0000023845761960
Event: 10.255 Thread 0x0000023845762ea0 Thread added: 0x0000023845762ea0
Event: 10.255 Thread 0x000002384575eee0 Thread added: 0x000002384575eee0
Event: 10.256 Thread 0x000002384575def0 Thread added: 0x000002384575def0
Event: 10.256 Thread 0x000002384575c460 Thread added: 0x000002384575c460
Event: 10.257 Thread 0x0000023845762400 Thread added: 0x0000023845762400
Event: 10.289 Thread 0x000002384575e990 Thread added: 0x000002384575e990
Event: 10.290 Thread 0x000002384575cf00 Thread added: 0x000002384575cf00
Event: 10.569 Thread 0x0000023843f4bef0 Thread exited: 0x0000023843f4bef0
Event: 10.584 Thread 0x0000023843f4b960 Thread exited: 0x0000023843f4b960
Event: 10.899 Thread 0x0000023848659930 Thread added: 0x0000023848659930
Event: 11.047 Thread 0x000002384794fa60 Thread added: 0x000002384794fa60
Event: 11.056 Thread 0x00000238480e3840 Thread added: 0x00000238480e3840
Event: 11.129 Thread 0x000002384575d9a0 Thread added: 0x000002384575d9a0


Dynamic libraries:
0x00007ff6d4ff0000 - 0x00007ff6d4ffd000 	C:\Users\ebyrd\.jdks\corretto-19.0.2\bin\java.exe
0x00007ffb41d30000 - 0x00007ffb41f47000 	C:\WINDOWS\SYSTEM32\ntdll.dll
0x00007ffb401d0000 - 0x00007ffb40294000 	C:\WINDOWS\System32\KERNEL32.DLL
0x00007ffb3f100000 - 0x00007ffb3f4d0000 	C:\WINDOWS\System32\KERNELBASE.dll
0x00007ffb3efe0000 - 0x00007ffb3f0f1000 	C:\WINDOWS\System32\ucrtbase.dll
0x00007ffb1e530000 - 0x00007ffb1e547000 	C:\Users\ebyrd\.jdks\corretto-19.0.2\bin\jli.dll
0x00007ffb1e510000 - 0x00007ffb1e525000 	C:\Users\ebyrd\.jdks\corretto-19.0.2\bin\VCRUNTIME140.dll
0x00007ffb402a0000 - 0x00007ffb4044e000 	C:\WINDOWS\System32\USER32.dll
0x00007ffb3f6c0000 - 0x00007ffb3f6e6000 	C:\WINDOWS\System32\win32u.dll
0x00007ffb24310000 - 0x00007ffb245a2000 	C:\WINDOWS\WinSxS\amd64_microsoft.windows.common-controls_6595b64144ccf1df_6.0.22621.4830_none_270fe7d773858e80\COMCTL32.dll
0x00007ffb3fba0000 - 0x00007ffb3fbc9000 	C:\WINDOWS\System32\GDI32.dll
0x00007ffb41b90000 - 0x00007ffb41c37000 	C:\WINDOWS\System32\msvcrt.dll
0x00007ffb3f7b0000 - 0x00007ffb3f8cb000 	C:\WINDOWS\System32\gdi32full.dll
0x00007ffb3f900000 - 0x00007ffb3f99a000 	C:\WINDOWS\System32\msvcp_win.dll
0x00007ffb40450000 - 0x00007ffb40481000 	C:\WINDOWS\System32\IMM32.DLL
0x00000238225d0000 - 0x00000238225e6000 	C:\WINDOWS\System32\umppc19406.dll
0x0000023822610000 - 0x0000023822623000 	C:\WINDOWS\System32\CsXumd64_19406.dll
0x00007ffaca690000 - 0x00007ffaca72b000 	C:\Users\ebyrd\.jdks\corretto-19.0.2\bin\msvcp140.dll
0x00007ffa86480000 - 0x00007ffa87159000 	C:\Users\ebyrd\.jdks\corretto-19.0.2\bin\server\jvm.dll
0x00007ffb41680000 - 0x00007ffb41731000 	C:\WINDOWS\System32\ADVAPI32.dll
0x00007ffb40100000 - 0x00007ffb401a7000 	C:\WINDOWS\System32\sechost.dll
0x00007ffb3f8d0000 - 0x00007ffb3f8f8000 	C:\WINDOWS\System32\bcrypt.dll
0x00007ffb417a0000 - 0x00007ffb418b4000 	C:\WINDOWS\System32\RPCRT4.dll
0x00007ffb20110000 - 0x00007ffb20119000 	C:\WINDOWS\SYSTEM32\WSOCK32.dll
0x00007ffb40490000 - 0x00007ffb40501000 	C:\WINDOWS\System32\WS2_32.dll
0x00007ffb38130000 - 0x00007ffb38164000 	C:\WINDOWS\SYSTEM32\WINMM.dll
0x00007ffb32f40000 - 0x00007ffb32f4a000 	C:\WINDOWS\SYSTEM32\VERSION.dll
0x00007ffb3e050000 - 0x00007ffb3e068000 	C:\WINDOWS\SYSTEM32\kernel.appcore.dll
0x00007ffb1c340000 - 0x00007ffb1c34a000 	C:\Users\ebyrd\.jdks\corretto-19.0.2\bin\jimage.dll
0x00007ffb3c650000 - 0x00007ffb3c882000 	C:\WINDOWS\SYSTEM32\DBGHELP.DLL
0x00007ffb3fd70000 - 0x00007ffb40100000 	C:\WINDOWS\System32\combase.dll
0x00007ffb3fc90000 - 0x00007ffb3fd67000 	C:\WINDOWS\System32\OLEAUT32.dll
0x00007ffb2d040000 - 0x00007ffb2d072000 	C:\WINDOWS\SYSTEM32\dbgcore.DLL
0x00007ffb3f640000 - 0x00007ffb3f6bb000 	C:\WINDOWS\System32\bcryptPrimitives.dll
0x00007ffb1c1f0000 - 0x00007ffb1c1fe000 	C:\Users\ebyrd\.jdks\corretto-19.0.2\bin\instrument.dll
0x00007ffaffa90000 - 0x00007ffaffab6000 	C:\Users\ebyrd\.jdks\corretto-19.0.2\bin\java.dll
0x00007ffaa3590000 - 0x00007ffaa3666000 	C:\Users\ebyrd\.jdks\corretto-19.0.2\bin\jsvml.dll
0x00007ffb40ba0000 - 0x00007ffb41418000 	C:\WINDOWS\System32\SHELL32.dll
0x00007ffb3ce30000 - 0x00007ffb3d740000 	C:\WINDOWS\SYSTEM32\windows.storage.dll
0x00007ffb3ccf0000 - 0x00007ffb3ce2f000 	C:\WINDOWS\SYSTEM32\wintypes.dll
0x00007ffb3fa20000 - 0x00007ffb3fb2a000 	C:\WINDOWS\System32\SHCORE.dll
0x00007ffb41740000 - 0x00007ffb4179e000 	C:\WINDOWS\System32\shlwapi.dll
0x00007ffb3ef10000 - 0x00007ffb3ef3b000 	C:\WINDOWS\SYSTEM32\profapi.dll
0x00007ffaff2f0000 - 0x00007ffaff308000 	C:\Users\ebyrd\.jdks\corretto-19.0.2\bin\zip.dll
0x00007ffafe330000 - 0x00007ffafe343000 	C:\Users\ebyrd\.jdks\corretto-19.0.2\bin\net.dll
0x00007ffb3a220000 - 0x00007ffb3a34c000 	C:\WINDOWS\SYSTEM32\WINHTTP.dll
0x00007ffb3e540000 - 0x00007ffb3e5aa000 	C:\WINDOWS\system32\mswsock.dll
0x00007ffafdca0000 - 0x00007ffafdcb5000 	C:\Users\ebyrd\.jdks\corretto-19.0.2\bin\nio.dll
0x00007ffb1e480000 - 0x00007ffb1e490000 	C:\Users\ebyrd\.jdks\corretto-19.0.2\bin\verify.dll
0x00007ffb1fb10000 - 0x00007ffb1fb37000 	C:\Users\ebyrd\.gradle\native\68d5fa5c4cc2d200863cafc0d521ce42e7d3e7ee720ec0a83991735586a16f82\windows-amd64\native-platform.dll
0x00007ffaa37f0000 - 0x00007ffaa3934000 	C:\Users\ebyrd\.gradle\native\e376f236ea51e6404a007f0833ffe2c6e607c4080706a723a18a27aeea778392\windows-amd64\native-platform-file-events.dll
0x00007ffb1fc20000 - 0x00007ffb1fc29000 	C:\Users\ebyrd\.jdks\corretto-19.0.2\bin\management.dll
0x00007ffb1ae20000 - 0x00007ffb1ae2b000 	C:\Users\ebyrd\.jdks\corretto-19.0.2\bin\management_ext.dll
0x00007ffb41c40000 - 0x00007ffb41c48000 	C:\WINDOWS\System32\PSAPI.DLL
0x00007ffb3e890000 - 0x00007ffb3e8ab000 	C:\WINDOWS\SYSTEM32\CRYPTSP.dll
0x00007ffb3dfb0000 - 0x00007ffb3dfe5000 	C:\WINDOWS\system32\rsaenh.dll
0x00007ffb3e5e0000 - 0x00007ffb3e608000 	C:\WINDOWS\SYSTEM32\USERENV.dll
0x00007ffb3e870000 - 0x00007ffb3e87c000 	C:\WINDOWS\SYSTEM32\CRYPTBASE.dll
0x00007ffb3d860000 - 0x00007ffb3d88d000 	C:\WINDOWS\SYSTEM32\IPHLPAPI.DLL
0x00007ffb418c0000 - 0x00007ffb418c9000 	C:\WINDOWS\System32\NSI.dll
0x00007ffb39a90000 - 0x00007ffb39aa9000 	C:\WINDOWS\SYSTEM32\dhcpcsvc6.DLL
0x00007ffb39a50000 - 0x00007ffb39a6f000 	C:\WINDOWS\SYSTEM32\dhcpcsvc.DLL
0x00007ffb3d890000 - 0x00007ffb3d992000 	C:\WINDOWS\SYSTEM32\DNSAPI.dll
0x00007ffb197f0000 - 0x00007ffb197f8000 	C:\Users\ebyrd\.jdks\corretto-19.0.2\bin\extnet.dll
0x00007ffb19430000 - 0x00007ffb1943e000 	C:\Users\ebyrd\.jdks\corretto-19.0.2\bin\sunmscapi.dll
0x00007ffb3f4d0000 - 0x00007ffb3f636000 	C:\WINDOWS\System32\CRYPT32.dll
0x00007ffb3e9a0000 - 0x00007ffb3e9cd000 	C:\WINDOWS\SYSTEM32\ncrypt.dll
0x00007ffb3e960000 - 0x00007ffb3e997000 	C:\WINDOWS\SYSTEM32\NTASN1.dll
0x00007ffafb0d0000 - 0x00007ffafb0d8000 	C:\WINDOWS\system32\wshunix.dll
0x00007ffb2d4f0000 - 0x00007ffb2d4fa000 	C:\Windows\System32\rasadhlp.dll
0x00007ffb3a110000 - 0x00007ffb3a193000 	C:\WINDOWS\System32\fwpuclnt.dll

dbghelp: loaded successfully - version: 4.0.5 - missing functions: none
symbol engine: initialized successfully - sym options: 0x614 - pdb path: .;C:\Users\ebyrd\.jdks\corretto-19.0.2\bin;C:\WINDOWS\SYSTEM32;C:\WINDOWS\WinSxS\amd64_microsoft.windows.common-controls_6595b64144ccf1df_6.0.22621.4830_none_270fe7d773858e80;C:\Users\ebyrd\.jdks\corretto-19.0.2\bin\server;C:\Users\ebyrd\.gradle\native\68d5fa5c4cc2d200863cafc0d521ce42e7d3e7ee720ec0a83991735586a16f82\windows-amd64;C:\Users\ebyrd\.gradle\native\e376f236ea51e6404a007f0833ffe2c6e607c4080706a723a18a27aeea778392\windows-amd64

VM Arguments:
jvm_args: --add-opens=java.base/java.util=ALL-UNNAMED --add-opens=java.base/java.lang=ALL-UNNAMED --add-opens=java.base/java.lang.invoke=ALL-UNNAMED --add-opens=java.prefs/java.util.prefs=ALL-UNNAMED --add-opens=java.base/java.nio.charset=ALL-UNNAMED --add-opens=java.base/java.net=ALL-UNNAMED --add-opens=java.base/java.util.concurrent.atomic=ALL-UNNAMED -XX:MaxMetaspaceSize=384m -XX:+HeapDumpOnOutOfMemoryError -Xms256m -Xmx512m -Dfile.encoding=UTF-8 -Duser.country=US -Duser.language=en -Duser.variant -javaagent:C:\Users\ebyrd\.gradle\wrapper\dists\gradle-8.2-bin\bbg7u40eoinfdyxsxr3z4i7ta\gradle-8.2\lib\agents\gradle-instrumentation-agent-8.2.jar 
java_command: org.gradle.launcher.daemon.bootstrap.GradleDaemon 8.2
java_class_path (initial): C:\Users\ebyrd\.gradle\wrapper\dists\gradle-8.2-bin\bbg7u40eoinfdyxsxr3z4i7ta\gradle-8.2\lib\gradle-launcher-8.2.jar
Launcher Type: SUN_STANDARD

[Global flags]
     intx CICompilerCount                          = 12                                        {product} {ergonomic}
   size_t CompressedClassSpaceSize                 = 322961408                                 {product} {ergonomic}
     uint ConcGCThreads                            = 3                                         {product} {ergonomic}
     uint G1ConcRefinementThreads                  = 13                                        {product} {ergonomic}
   size_t G1HeapRegionSize                         = 1048576                                   {product} {ergonomic}
    uintx GCDrainStackTargetSize                   = 64                                        {product} {ergonomic}
     bool HeapDumpOnOutOfMemoryError               = true                                   {manageable} {command line}
   size_t InitialHeapSize                          = 268435456                                 {product} {command line}
   size_t MarkStackSize                            = 4194304                                   {product} {ergonomic}
   size_t MaxHeapSize                              = 536870912                                 {product} {command line}
   size_t MaxMetaspaceSize                         = 402653184                                 {product} {command line}
   size_t MaxNewSize                               = 321912832                                 {product} {ergonomic}
   size_t MinHeapDeltaBytes                        = 1048576                                   {product} {ergonomic}
   size_t MinHeapSize                              = 268435456                                 {product} {command line}
    uintx NonNMethodCodeHeapSize                   = 7602480                                {pd product} {ergonomic}
    uintx NonProfiledCodeHeapSize                  = 122027880                              {pd product} {ergonomic}
    uintx ProfiledCodeHeapSize                     = 122027880                              {pd product} {ergonomic}
    uintx ReservedCodeCacheSize                    = 251658240                              {pd product} {ergonomic}
     bool SegmentedCodeCache                       = true                                      {product} {ergonomic}
   size_t SoftMaxHeapSize                          = 536870912                              {manageable} {ergonomic}
     bool UseCompressedClassPointers               = true                           {product lp64_product} {ergonomic}
     bool UseCompressedOops                        = true                           {product lp64_product} {ergonomic}
     bool UseG1GC                                  = true                                      {product} {ergonomic}
     bool UseLargePagesIndividualAllocation        = false                                  {pd product} {ergonomic}

Logging:
Log output configuration:
 #0: stdout all=warning uptime,level,tags foldmultilines=false
 #1: stderr all=off uptime,level,tags foldmultilines=false

Environment Variables:
PATH=C:\Program Files\Zulu\zulu-21\bin\;C:\Program Files\Common Files\Oracle\Java\javapath;C:\Python311\Scripts\;C:\Python311\;C:\Program Files (x86)\VMware\VMware Workstation\bin\;C:\Windows\system32;C:\Windows;C:\Windows\System32\Wbem;C:\Windows\System32\WindowsPowerShell\v1.0\;C:\Windows\System32\OpenSSH\;C:\Program Files (x86)\Microsoft SQL Server\150\DTS\Binn\;C:\Program Files\Azure Data Studio\bin;C:\ProgramData\chocolatey\bin;C:\Program Files (x86)\Microsoft SQL Server\160\Tools\Binn\;C:\Program Files\Microsoft SQL Server\160\Tools\Binn\;C:\Program Files\Microsoft SQL Server\Client SDK\ODBC\170\Tools\Binn\;C:\Program Files\Microsoft SQL Server\160\DTS\Binn\;C:\Program Files (x86)\NVIDIA Corporation\PhysX\Common;C:\Program Files\dotnet\;C:\Program Files (x86)\Automox\;C:\WINDOWS\system32;C:\WINDOWS;C:\WINDOWS\System32\Wbem;C:\WINDOWS\System32\WindowsPowerShell\v1.0\;C:\WINDOWS\System32\OpenSSH\;C:\Program Files\nodejs\;C:\Program Files\Docker\Docker\resources\bin;C:\Program Files\Git\cmd;C:\Users\ebyrd\AppData\Local\Microsoft\WindowsApps;;C:\Program Files\Azure Data Studio\bin;C:\Users\ebyrd\AppData\Local\Programs\Microsoft VS Code\bin;C:\Users\ebyrd\AppData\Roaming\npm
USERNAME=ebyrd
OS=Windows_NT
PROCESSOR_IDENTIFIER=Intel64 Family 6 Model 141 Stepping 1, GenuineIntel
TMP=C:\Users\ebyrd\AppData\Local\Temp
TEMP=C:\Users\ebyrd\AppData\Local\Temp



---------------  S Y S T E M  ---------------

OS:
 Windows 11 , 64 bit Build 22621 (10.0.22621.4830)
OS uptime: 5 days 12:13 hours
Hyper-V role detected

CPU: total 16 (initial active 16) (8 cores per cpu, 2 threads per core) family 6 model 141 stepping 1 microcode 0x54, cx8, cmov, fxsr, ht, mmx, 3dnowpref, sse, sse2, sse3, ssse3, sse4.1, sse4.2, popcnt, lzcnt, tsc, tscinvbit, avx, avx2, aes, erms, clmul, bmi1, bmi2, adx, avx512f, avx512dq, avx512cd, avx512bw, avx512vl, sha, fma, vzeroupper, avx512_vpopcntdq, avx512_vpclmulqdq, avx512_vaes, avx512_vnni, clflush, clflushopt, clwb, avx512_vbmi2, avx512_vbmi, hv, rdtscp, rdpid, fsrm, gfni, avx512_bitalg

Memory: 4k page, system-wide physical 32487M (4855M free)
TotalPageFile size 93399M (AvailPageFile size 0M)
current process WorkingSet (physical memory assigned to process): 393M, peak: 393M
current process commit charge ("private bytes"): 507M, peak: 507M

vm_info: OpenJDK 64-Bit Server VM (19.0.2+7-FR) for windows-amd64 JRE (19.0.2+7-FR), built on Jan 13 2023 22:53:32 by "Administrator" with MS VC++ 15.9 (VS2017)

END.
